{"/home/jono/Documents/github/tacticalIntelDashboard/TacticalIntelDashboard/IntelCommandConsole/src/App.tsx": {"path":"/home/jono/Documents/github/tacticalIntelDashboard/TacticalIntelDashboard/IntelCommandConsole/src/App.tsx","statementMap":{"0":{"start":{"line":6,"column":22},"end":{"line":11,"column":null}},"1":{"start":{"line":7,"column":2},"end":{"line":10,"column":null}}},"fnMap":{"0":{"name":"(anonymous_0)","decl":{"start":{"line":6,"column":22},"end":{"line":6,"column":25}},"loc":{"start":{"line":7,"column":2},"end":{"line":10,"column":null}}}},"branchMap":{},"s":{"0":0,"1":0},"f":{"0":0},"b":{}}
,"/home/jono/Documents/github/tacticalIntelDashboard/TacticalIntelDashboard/IntelCommandConsole/src/components/CentralView.tsx": {"path":"/home/jono/Documents/github/tacticalIntelDashboard/TacticalIntelDashboard/IntelCommandConsole/src/components/CentralView.tsx","statementMap":{"0":{"start":{"line":8,"column":48},"end":{"line":14,"column":1}},"1":{"start":{"line":9,"column":2},"end":{"line":13,"column":4}}},"fnMap":{"0":{"name":"(anonymous_0)","decl":{"start":{"line":8,"column":48},"end":{"line":8,"column":49}},"loc":{"start":{"line":8,"column":73},"end":{"line":14,"column":1}}}},"branchMap":{},"s":{"0":0,"1":0},"f":{"0":0},"b":{}}
,"/home/jono/Documents/github/tacticalIntelDashboard/TacticalIntelDashboard/IntelCommandConsole/src/components/FeedItem.tsx": {"path":"/home/jono/Documents/github/tacticalIntelDashboard/TacticalIntelDashboard/IntelCommandConsole/src/components/FeedItem.tsx","statementMap":{"0":{"start":{"line":8,"column":42},"end":{"line":101,"column":1}},"1":{"start":{"line":9,"column":34},"end":{"line":9,"column":49}},"2":{"start":{"line":11,"column":21},"end":{"line":18,"column":3}},"3":{"start":{"line":12,"column":4},"end":{"line":17,"column":5}},"4":{"start":{"line":13,"column":19},"end":{"line":13,"column":39}},"5":{"start":{"line":14,"column":6},"end":{"line":14,"column":35}},"6":{"start":{"line":16,"column":6},"end":{"line":16,"column":24}},"7":{"start":{"line":20,"column":23},"end":{"line":23,"column":3}},"8":{"start":{"line":21,"column":4},"end":{"line":21,"column":55}},"9":{"start":{"line":21,"column":43},"end":{"line":21,"column":55}},"10":{"start":{"line":22,"column":4},"end":{"line":22,"column":48}},"11":{"start":{"line":25,"column":25},"end":{"line":27,"column":3}},"12":{"start":{"line":26,"column":4},"end":{"line":26,"column":27}},"13":{"start":{"line":29,"column":27},"end":{"line":36,"column":3}},"14":{"start":{"line":30,"column":4},"end":{"line":35,"column":5}},"15":{"start":{"line":31,"column":21},"end":{"line":31,"column":62}},"16":{"start":{"line":32,"column":6},"end":{"line":32,"column":48}},"17":{"start":{"line":34,"column":6},"end":{"line":34,"column":23}},"18":{"start":{"line":38,"column":2},"end":{"line":100,"column":4}},"19":{"start":{"line":78,"column":25},"end":{"line":78,"column":57}},"20":{"start":{"line":84,"column":25},"end":{"line":84,"column":66}},"21":{"start":{"line":92,"column":12},"end":{"line":92,"column":49}}},"fnMap":{"0":{"name":"(anonymous_0)","decl":{"start":{"line":8,"column":42},"end":{"line":8,"column":43}},"loc":{"start":{"line":8,"column":55},"end":{"line":101,"column":1}}},"1":{"name":"(anonymous_1)","decl":{"start":{"line":11,"column":21},"end":{"line":11,"column":22}},"loc":{"start":{"line":11,"column":44},"end":{"line":18,"column":3}}},"2":{"name":"(anonymous_2)","decl":{"start":{"line":20,"column":23},"end":{"line":20,"column":24}},"loc":{"start":{"line":20,"column":65},"end":{"line":23,"column":3}}},"3":{"name":"(anonymous_3)","decl":{"start":{"line":25,"column":25},"end":{"line":25,"column":28}},"loc":{"start":{"line":25,"column":30},"end":{"line":27,"column":3}}},"4":{"name":"(anonymous_4)","decl":{"start":{"line":29,"column":27},"end":{"line":29,"column":28}},"loc":{"start":{"line":29,"column":43},"end":{"line":36,"column":3}}},"5":{"name":"(anonymous_5)","decl":{"start":{"line":78,"column":19},"end":{"line":78,"column":22}},"loc":{"start":{"line":78,"column":25},"end":{"line":78,"column":57}}},"6":{"name":"(anonymous_6)","decl":{"start":{"line":84,"column":19},"end":{"line":84,"column":22}},"loc":{"start":{"line":84,"column":25},"end":{"line":84,"column":66}}},"7":{"name":"(anonymous_7)","decl":{"start":{"line":90,"column":19},"end":{"line":90,"column":22}},"loc":{"start":{"line":90,"column":24},"end":{"line":93,"column":11}}}},"branchMap":{"0":{"loc":{"start":{"line":20,"column":38},"end":{"line":20,"column":61}},"type":"default-arg","locations":[{"start":{"line":20,"column":58},"end":{"line":20,"column":61}}]},"1":{"loc":{"start":{"line":21,"column":4},"end":{"line":21,"column":55}},"type":"if","locations":[{"start":{"line":21,"column":4},"end":{"line":21,"column":55}},{"start":{},"end":{}}]},"2":{"loc":{"start":{"line":21,"column":8},"end":{"line":21,"column":41}},"type":"binary-expr","locations":[{"start":{"line":21,"column":8},"end":{"line":21,"column":13}},{"start":{"line":21,"column":17},"end":{"line":21,"column":41}}]},"3":{"loc":{"start":{"line":39,"column":33},"end":{"line":39,"column":59}},"type":"cond-expr","locations":[{"start":{"line":39,"column":44},"end":{"line":39,"column":54}},{"start":{"line":39,"column":57},"end":{"line":39,"column":59}}]},"4":{"loc":{"start":{"line":60,"column":7},"end":{"line":73,"column":null}},"type":"binary-expr","locations":[{"start":{"line":60,"column":7},"end":{"line":60,"column":23}},{"start":{"line":61,"column":8},"end":{"line":72,"column":null}}]},"5":{"loc":{"start":{"line":63,"column":13},"end":{"line":63,"column":73}},"type":"cond-expr","locations":[{"start":{"line":63,"column":24},"end":{"line":63,"column":40}},{"start":{"line":63,"column":43},"end":{"line":63,"column":73}}]},"6":{"loc":{"start":{"line":65,"column":11},"end":{"line":71,"column":null}},"type":"binary-expr","locations":[{"start":{"line":65,"column":11},"end":{"line":65,"column":40}},{"start":{"line":66,"column":12},"end":{"line":70,"column":null}}]},"7":{"loc":{"start":{"line":70,"column":15},"end":{"line":70,"column":57}},"type":"cond-expr","locations":[{"start":{"line":70,"column":26},"end":{"line":70,"column":40}},{"start":{"line":70,"column":43},"end":{"line":70,"column":57}}]}},"s":{"0":0,"1":0,"2":0,"3":0,"4":0,"5":0,"6":0,"7":0,"8":0,"9":0,"10":0,"11":0,"12":0,"13":0,"14":0,"15":0,"16":0,"17":0,"18":0,"19":0,"20":0,"21":0},"f":{"0":0,"1":0,"2":0,"3":0,"4":0,"5":0,"6":0,"7":0},"b":{"0":[0],"1":[0,0],"2":[0,0],"3":[0,0],"4":[0,0],"5":[0,0],"6":[0,0],"7":[0,0]}}
,"/home/jono/Documents/github/tacticalIntelDashboard/TacticalIntelDashboard/IntelCommandConsole/src/components/FeedList.tsx": {"path":"/home/jono/Documents/github/tacticalIntelDashboard/TacticalIntelDashboard/IntelCommandConsole/src/components/FeedList.tsx","statementMap":{"0":{"start":{"line":6,"column":27},"end":{"line":47,"column":1}},"1":{"start":{"line":7,"column":28},"end":{"line":7,"column":48}},"2":{"start":{"line":8,"column":32},"end":{"line":8,"column":55}},"3":{"start":{"line":9,"column":28},"end":{"line":9,"column":57}},"4":{"start":{"line":11,"column":2},"end":{"line":26,"column":9}},"5":{"start":{"line":12,"column":22},"end":{"line":24,"column":5}},"6":{"start":{"line":13,"column":6},"end":{"line":13,"column":23}},"7":{"start":{"line":14,"column":6},"end":{"line":14,"column":21}},"8":{"start":{"line":15,"column":6},"end":{"line":23,"column":7}},"9":{"start":{"line":16,"column":25},"end":{"line":16,"column":53}},"10":{"start":{"line":17,"column":8},"end":{"line":17,"column":27}},"11":{"start":{"line":19,"column":8},"end":{"line":19,"column":52}},"12":{"start":{"line":20,"column":8},"end":{"line":20,"column":41}},"13":{"start":{"line":22,"column":8},"end":{"line":22,"column":26}},"14":{"start":{"line":25,"column":4},"end":{"line":25,"column":16}},"15":{"start":{"line":28,"column":2},"end":{"line":30,"column":3}},"16":{"start":{"line":29,"column":4},"end":{"line":29,"column":33}},"17":{"start":{"line":32,"column":2},"end":{"line":34,"column":3}},"18":{"start":{"line":33,"column":4},"end":{"line":33,"column":30}},"19":{"start":{"line":36,"column":2},"end":{"line":46,"column":4}},"20":{"start":{"line":42,"column":10},"end":{"line":42,"column":34}}},"fnMap":{"0":{"name":"(anonymous_0)","decl":{"start":{"line":6,"column":27},"end":{"line":6,"column":30}},"loc":{"start":{"line":6,"column":32},"end":{"line":47,"column":1}}},"1":{"name":"(anonymous_1)","decl":{"start":{"line":11,"column":12},"end":{"line":11,"column":15}},"loc":{"start":{"line":11,"column":17},"end":{"line":26,"column":3}}},"2":{"name":"(anonymous_2)","decl":{"start":{"line":12,"column":22},"end":{"line":12,"column":27}},"loc":{"start":{"line":12,"column":33},"end":{"line":24,"column":5}}},"3":{"name":"(anonymous_3)","decl":{"start":{"line":41,"column":18},"end":{"line":41,"column":19}},"loc":{"start":{"line":42,"column":10},"end":{"line":42,"column":34}}}},"branchMap":{"0":{"loc":{"start":{"line":28,"column":2},"end":{"line":30,"column":3}},"type":"if","locations":[{"start":{"line":28,"column":2},"end":{"line":30,"column":3}},{"start":{},"end":{}}]},"1":{"loc":{"start":{"line":32,"column":2},"end":{"line":34,"column":3}},"type":"if","locations":[{"start":{"line":32,"column":2},"end":{"line":34,"column":3}},{"start":{},"end":{}}]},"2":{"loc":{"start":{"line":38,"column":7},"end":{"line":43,"column":null}},"type":"cond-expr","locations":[{"start":{"line":39,"column":8},"end":{"line":39,"column":37}},{"start":{"line":41,"column":8},"end":{"line":43,"column":10}}]}},"s":{"0":0,"1":0,"2":0,"3":0,"4":0,"5":0,"6":0,"7":0,"8":0,"9":0,"10":0,"11":0,"12":0,"13":0,"14":0,"15":0,"16":0,"17":0,"18":0,"19":0,"20":0},"f":{"0":0,"1":0,"2":0,"3":0},"b":{"0":[0,0],"1":[0,0],"2":[0,0]}}
,"/home/jono/Documents/github/tacticalIntelDashboard/TacticalIntelDashboard/IntelCommandConsole/src/components/FeedVisualizer.tsx": {"path":"/home/jono/Documents/github/tacticalIntelDashboard/TacticalIntelDashboard/IntelCommandConsole/src/components/FeedVisualizer.tsx","statementMap":{"0":{"start":{"line":12,"column":54},"end":{"line":199,"column":1}},"1":{"start":{"line":13,"column":28},"end":{"line":13,"column":48}},"2":{"start":{"line":14,"column":44},"end":{"line":14,"column":64}},"3":{"start":{"line":15,"column":32},"end":{"line":15,"column":55}},"4":{"start":{"line":16,"column":28},"end":{"line":16,"column":57}},"5":{"start":{"line":17,"column":40},"end":{"line":17,"column":67}},"6":{"start":{"line":18,"column":40},"end":{"line":18,"column":63}},"7":{"start":{"line":19,"column":56},"end":{"line":19,"column":75}},"8":{"start":{"line":26,"column":6},"end":{"line":26,"column":17}},"9":{"start":{"line":28,"column":20},"end":{"line":80,"column":54}},"10":{"start":{"line":29,"column":4},"end":{"line":33,"column":5}},"11":{"start":{"line":30,"column":6},"end":{"line":30,"column":19}},"12":{"start":{"line":31,"column":6},"end":{"line":31,"column":24}},"13":{"start":{"line":32,"column":6},"end":{"line":32,"column":13}},"14":{"start":{"line":35,"column":4},"end":{"line":35,"column":38}},"15":{"start":{"line":35,"column":21},"end":{"line":35,"column":38}},"16":{"start":{"line":36,"column":4},"end":{"line":36,"column":19}},"17":{"start":{"line":38,"column":4},"end":{"line":79,"column":5}},"18":{"start":{"line":39,"column":6},"end":{"line":39,"column":65}},"19":{"start":{"line":40,"column":26},"end":{"line":40,"column":76}},"20":{"start":{"line":41,"column":6},"end":{"line":41,"column":56}},"21":{"start":{"line":44,"column":6},"end":{"line":70,"column":7}},"22":{"start":{"line":45,"column":8},"end":{"line":45,"column":82}},"23":{"start":{"line":48,"column":35},"end":{"line":59,"column":11}},"24":{"start":{"line":48,"column":60},"end":{"line":59,"column":10}},"25":{"start":{"line":61,"column":25},"end":{"line":61,"column":59}},"26":{"start":{"line":63,"column":8},"end":{"line":69,"column":9}},"27":{"start":{"line":64,"column":10},"end":{"line":64,"column":67}},"28":{"start":{"line":65,"column":10},"end":{"line":65,"column":50}},"29":{"start":{"line":68,"column":10},"end":{"line":68,"column":61}},"30":{"start":{"line":68,"column":27},"end":{"line":68,"column":52}},"31":{"start":{"line":72,"column":6},"end":{"line":72,"column":28}},"32":{"start":{"line":73,"column":6},"end":{"line":73,"column":33}},"33":{"start":{"line":75,"column":6},"end":{"line":75,"column":50}},"34":{"start":{"line":76,"column":6},"end":{"line":76,"column":96}},"35":{"start":{"line":78,"column":6},"end":{"line":78,"column":24}},"36":{"start":{"line":83,"column":2},"end":{"line":92,"column":49}},"37":{"start":{"line":84,"column":4},"end":{"line":84,"column":50}},"38":{"start":{"line":84,"column":43},"end":{"line":84,"column":50}},"39":{"start":{"line":86,"column":28},"end":{"line":89,"column":21}},"40":{"start":{"line":87,"column":6},"end":{"line":87,"column":46}},"41":{"start":{"line":88,"column":6},"end":{"line":88,"column":23}},"42":{"start":{"line":91,"column":4},"end":{"line":91,"column":48}},"43":{"start":{"line":91,"column":17},"end":{"line":91,"column":47}},"44":{"start":{"line":95,"column":2},"end":{"line":97,"column":18}},"45":{"start":{"line":96,"column":4},"end":{"line":96,"column":16}},"46":{"start":{"line":99,"column":24},"end":{"line":101,"column":3}},"47":{"start":{"line":100,"column":4},"end":{"line":100,"column":20}},"48":{"start":{"line":103,"column":28},"end":{"line":105,"column":3}},"49":{"start":{"line":104,"column":4},"end":{"line":104,"column":33}},"50":{"start":{"line":107,"column":2},"end":{"line":116,"column":3}},"51":{"start":{"line":108,"column":4},"end":{"line":115,"column":6}},"52":{"start":{"line":118,"column":2},"end":{"line":130,"column":3}},"53":{"start":{"line":119,"column":4},"end":{"line":129,"column":6}},"54":{"start":{"line":132,"column":2},"end":{"line":198,"column":4}},"55":{"start":{"line":191,"column":16},"end":{"line":191,"column":40}}},"fnMap":{"0":{"name":"(anonymous_0)","decl":{"start":{"line":12,"column":54},"end":{"line":12,"column":55}},"loc":{"start":{"line":12,"column":79},"end":{"line":199,"column":1}}},"1":{"name":"(anonymous_1)","decl":{"start":{"line":28,"column":32},"end":{"line":28,"column":37}},"loc":{"start":{"line":28,"column":61},"end":{"line":80,"column":3}}},"2":{"name":"(anonymous_2)","decl":{"start":{"line":48,"column":51},"end":{"line":48,"column":55}},"loc":{"start":{"line":48,"column":60},"end":{"line":59,"column":10}}},"3":{"name":"(anonymous_3)","decl":{"start":{"line":68,"column":21},"end":{"line":68,"column":24}},"loc":{"start":{"line":68,"column":27},"end":{"line":68,"column":52}}},"4":{"name":"(anonymous_4)","decl":{"start":{"line":83,"column":12},"end":{"line":83,"column":15}},"loc":{"start":{"line":83,"column":17},"end":{"line":92,"column":3}}},"5":{"name":"(anonymous_5)","decl":{"start":{"line":86,"column":40},"end":{"line":86,"column":43}},"loc":{"start":{"line":86,"column":45},"end":{"line":89,"column":5}}},"6":{"name":"(anonymous_6)","decl":{"start":{"line":91,"column":11},"end":{"line":91,"column":14}},"loc":{"start":{"line":91,"column":17},"end":{"line":91,"column":47}}},"7":{"name":"(anonymous_7)","decl":{"start":{"line":95,"column":12},"end":{"line":95,"column":15}},"loc":{"start":{"line":95,"column":17},"end":{"line":97,"column":3}}},"8":{"name":"(anonymous_8)","decl":{"start":{"line":99,"column":24},"end":{"line":99,"column":27}},"loc":{"start":{"line":99,"column":29},"end":{"line":101,"column":3}}},"9":{"name":"(anonymous_9)","decl":{"start":{"line":103,"column":28},"end":{"line":103,"column":31}},"loc":{"start":{"line":103,"column":33},"end":{"line":105,"column":3}}},"10":{"name":"(anonymous_10)","decl":{"start":{"line":190,"column":70},"end":{"line":190,"column":71}},"loc":{"start":{"line":191,"column":16},"end":{"line":191,"column":40}}}},"branchMap":{"0":{"loc":{"start":{"line":28,"column":39},"end":{"line":28,"column":57}},"type":"default-arg","locations":[{"start":{"line":28,"column":53},"end":{"line":28,"column":57}}]},"1":{"loc":{"start":{"line":29,"column":4},"end":{"line":33,"column":5}},"type":"if","locations":[{"start":{"line":29,"column":4},"end":{"line":33,"column":5}},{"start":{},"end":{}}]},"2":{"loc":{"start":{"line":35,"column":4},"end":{"line":35,"column":38}},"type":"if","locations":[{"start":{"line":35,"column":4},"end":{"line":35,"column":38}},{"start":{},"end":{}}]},"3":{"loc":{"start":{"line":44,"column":6},"end":{"line":70,"column":7}},"type":"if","locations":[{"start":{"line":44,"column":6},"end":{"line":70,"column":7}},{"start":{},"end":{}}]},"4":{"loc":{"start":{"line":44,"column":10},"end":{"line":44,"column":48}},"type":"binary-expr","locations":[{"start":{"line":44,"column":10},"end":{"line":44,"column":22}},{"start":{"line":44,"column":26},"end":{"line":44,"column":48}}]},"5":{"loc":{"start":{"line":50,"column":23},"end":{"line":50,"column":45}},"type":"binary-expr","locations":[{"start":{"line":50,"column":23},"end":{"line":50,"column":39}},{"start":{"line":50,"column":43},"end":{"line":50,"column":45}}]},"6":{"loc":{"start":{"line":51,"column":19},"end":{"line":51,"column":37}},"type":"binary-expr","locations":[{"start":{"line":51,"column":19},"end":{"line":51,"column":31}},{"start":{"line":51,"column":35},"end":{"line":51,"column":37}}]},"7":{"loc":{"start":{"line":63,"column":8},"end":{"line":69,"column":9}},"type":"if","locations":[{"start":{"line":63,"column":8},"end":{"line":69,"column":9}},{"start":{},"end":{}}]},"8":{"loc":{"start":{"line":76,"column":40},"end":{"line":76,"column":92}},"type":"cond-expr","locations":[{"start":{"line":76,"column":63},"end":{"line":76,"column":74}},{"start":{"line":76,"column":77},"end":{"line":76,"column":92}}]},"9":{"loc":{"start":{"line":84,"column":4},"end":{"line":84,"column":50}},"type":"if","locations":[{"start":{"line":84,"column":4},"end":{"line":84,"column":50}},{"start":{},"end":{}}]},"10":{"loc":{"start":{"line":84,"column":8},"end":{"line":84,"column":41}},"type":"binary-expr","locations":[{"start":{"line":84,"column":8},"end":{"line":84,"column":20}},{"start":{"line":84,"column":24},"end":{"line":84,"column":41}}]},"11":{"loc":{"start":{"line":107,"column":2},"end":{"line":116,"column":3}},"type":"if","locations":[{"start":{"line":107,"column":2},"end":{"line":116,"column":3}},{"start":{},"end":{}}]},"12":{"loc":{"start":{"line":118,"column":2},"end":{"line":130,"column":3}},"type":"if","locations":[{"start":{"line":118,"column":2},"end":{"line":130,"column":3}},{"start":{},"end":{}}]},"13":{"loc":{"start":{"line":137,"column":16},"end":{"line":137,"column":78}},"type":"cond-expr","locations":[{"start":{"line":137,"column":43},"end":{"line":137,"column":63}},{"start":{"line":137,"column":66},"end":{"line":137,"column":78}}]},"14":{"loc":{"start":{"line":139,"column":11},"end":{"line":142,"column":null}},"type":"binary-expr","locations":[{"start":{"line":139,"column":11},"end":{"line":139,"column":22}},{"start":{"line":140,"column":12},"end":{"line":141,"column":null}}]},"15":{"loc":{"start":{"line":145,"column":43},"end":{"line":145,"column":83}},"type":"cond-expr","locations":[{"start":{"line":145,"column":58},"end":{"line":145,"column":70}},{"start":{"line":145,"column":73},"end":{"line":145,"column":83}}]},"16":{"loc":{"start":{"line":146,"column":13},"end":{"line":146,"column":75}},"type":"cond-expr","locations":[{"start":{"line":146,"column":28},"end":{"line":146,"column":50}},{"start":{"line":146,"column":53},"end":{"line":146,"column":75}}]},"17":{"loc":{"start":{"line":148,"column":11},"end":{"line":151,"column":null}},"type":"binary-expr","locations":[{"start":{"line":148,"column":11},"end":{"line":148,"column":34}},{"start":{"line":149,"column":12},"end":{"line":150,"column":null}}]},"18":{"loc":{"start":{"line":150,"column":45},"end":{"line":150,"column":79}},"type":"cond-expr","locations":[{"start":{"line":150,"column":71},"end":{"line":150,"column":74}},{"start":{"line":150,"column":77},"end":{"line":150,"column":79}}]},"19":{"loc":{"start":{"line":153,"column":11},"end":{"line":156,"column":null}},"type":"binary-expr","locations":[{"start":{"line":153,"column":11},"end":{"line":153,"column":38}},{"start":{"line":154,"column":12},"end":{"line":155,"column":null}}]},"20":{"loc":{"start":{"line":155,"column":56},"end":{"line":155,"column":94}},"type":"cond-expr","locations":[{"start":{"line":155,"column":86},"end":{"line":155,"column":89}},{"start":{"line":155,"column":92},"end":{"line":155,"column":94}}]},"21":{"loc":{"start":{"line":169,"column":46},"end":{"line":169,"column":81}},"type":"cond-expr","locations":[{"start":{"line":169,"column":60},"end":{"line":169,"column":68}},{"start":{"line":169,"column":71},"end":{"line":169,"column":81}}]},"22":{"loc":{"start":{"line":170,"column":36},"end":{"line":170,"column":62}},"type":"cond-expr","locations":[{"start":{"line":170,"column":50},"end":{"line":170,"column":54}},{"start":{"line":170,"column":57},"end":{"line":170,"column":62}}]},"23":{"loc":{"start":{"line":172,"column":13},"end":{"line":172,"column":37}},"type":"cond-expr","locations":[{"start":{"line":172,"column":27},"end":{"line":172,"column":31}},{"start":{"line":172,"column":34},"end":{"line":172,"column":37}}]},"24":{"loc":{"start":{"line":178,"column":9},"end":{"line":194,"column":null}},"type":"cond-expr","locations":[{"start":{"line":179,"column":10},"end":{"line":181,"column":null}},{"start":{"line":184,"column":10},"end":{"line":193,"column":null}}]},"25":{"loc":{"start":{"line":190,"column":16},"end":{"line":190,"column":64}},"type":"cond-expr","locations":[{"start":{"line":190,"column":43},"end":{"line":190,"column":56}},{"start":{"line":190,"column":59},"end":{"line":190,"column":64}}]}},"s":{"0":0,"1":0,"2":0,"3":0,"4":0,"5":0,"6":0,"7":0,"8":0,"9":0,"10":0,"11":0,"12":0,"13":0,"14":0,"15":0,"16":0,"17":0,"18":0,"19":0,"20":0,"21":0,"22":0,"23":0,"24":0,"25":0,"26":0,"27":0,"28":0,"29":0,"30":0,"31":0,"32":0,"33":0,"34":0,"35":0,"36":0,"37":0,"38":0,"39":0,"40":0,"41":0,"42":0,"43":0,"44":0,"45":0,"46":0,"47":0,"48":0,"49":0,"50":0,"51":0,"52":0,"53":0,"54":0,"55":0},"f":{"0":0,"1":0,"2":0,"3":0,"4":0,"5":0,"6":0,"7":0,"8":0,"9":0,"10":0},"b":{"0":[0],"1":[0,0],"2":[0,0],"3":[0,0],"4":[0,0],"5":[0,0],"6":[0,0],"7":[0,0],"8":[0,0],"9":[0,0],"10":[0,0],"11":[0,0],"12":[0,0],"13":[0,0],"14":[0,0],"15":[0,0],"16":[0,0],"17":[0,0],"18":[0,0],"19":[0,0],"20":[0,0],"21":[0,0],"22":[0,0],"23":[0,0],"24":[0,0],"25":[0,0]}}
,"/home/jono/Documents/github/tacticalIntelDashboard/TacticalIntelDashboard/IntelCommandConsole/src/components/Header.tsx": {"path":"/home/jono/Documents/github/tacticalIntelDashboard/TacticalIntelDashboard/IntelCommandConsole/src/components/Header.tsx","statementMap":{"0":{"start":{"line":4,"column":25},"end":{"line":11,"column":1}},"1":{"start":{"line":5,"column":2},"end":{"line":10,"column":4}}},"fnMap":{"0":{"name":"(anonymous_0)","decl":{"start":{"line":4,"column":25},"end":{"line":4,"column":28}},"loc":{"start":{"line":4,"column":30},"end":{"line":11,"column":1}}}},"branchMap":{},"s":{"0":0,"1":0},"f":{"0":0},"b":{}}
,"/home/jono/Documents/github/tacticalIntelDashboard/TacticalIntelDashboard/IntelCommandConsole/src/components/LeftSidebar.tsx": {"path":"/home/jono/Documents/github/tacticalIntelDashboard/TacticalIntelDashboard/IntelCommandConsole/src/components/LeftSidebar.tsx","statementMap":{"0":{"start":{"line":9,"column":48},"end":{"line":52,"column":1}},"1":{"start":{"line":10,"column":36},"end":{"line":10,"column":60}},"2":{"start":{"line":11,"column":32},"end":{"line":11,"column":55}},"3":{"start":{"line":12,"column":28},"end":{"line":12,"column":57}},"4":{"start":{"line":14,"column":2},"end":{"line":29,"column":9}},"5":{"start":{"line":15,"column":26},"end":{"line":27,"column":5}},"6":{"start":{"line":16,"column":6},"end":{"line":16,"column":23}},"7":{"start":{"line":17,"column":6},"end":{"line":17,"column":21}},"8":{"start":{"line":18,"column":6},"end":{"line":26,"column":7}},"9":{"start":{"line":19,"column":22},"end":{"line":19,"column":54}},"10":{"start":{"line":20,"column":8},"end":{"line":20,"column":28}},"11":{"start":{"line":22,"column":8},"end":{"line":22,"column":57}},"12":{"start":{"line":23,"column":8},"end":{"line":23,"column":46}},"13":{"start":{"line":25,"column":8},"end":{"line":25,"column":26}},"14":{"start":{"line":28,"column":4},"end":{"line":28,"column":20}},"15":{"start":{"line":31,"column":2},"end":{"line":33,"column":3}},"16":{"start":{"line":32,"column":4},"end":{"line":32,"column":33}},"17":{"start":{"line":35,"column":2},"end":{"line":37,"column":3}},"18":{"start":{"line":36,"column":4},"end":{"line":36,"column":30}},"19":{"start":{"line":39,"column":2},"end":{"line":51,"column":4}},"20":{"start":{"line":45,"column":10},"end":{"line":45,"column":32}},"21":{"start":{"line":45,"column":47},"end":{"line":45,"column":75}}},"fnMap":{"0":{"name":"(anonymous_0)","decl":{"start":{"line":9,"column":48},"end":{"line":9,"column":49}},"loc":{"start":{"line":9,"column":76},"end":{"line":52,"column":1}}},"1":{"name":"(anonymous_1)","decl":{"start":{"line":14,"column":12},"end":{"line":14,"column":15}},"loc":{"start":{"line":14,"column":17},"end":{"line":29,"column":3}}},"2":{"name":"(anonymous_2)","decl":{"start":{"line":15,"column":26},"end":{"line":15,"column":31}},"loc":{"start":{"line":15,"column":37},"end":{"line":27,"column":5}}},"3":{"name":"(anonymous_3)","decl":{"start":{"line":44,"column":22},"end":{"line":44,"column":23}},"loc":{"start":{"line":45,"column":10},"end":{"line":45,"column":32}}},"4":{"name":"(anonymous_4)","decl":{"start":{"line":45,"column":41},"end":{"line":45,"column":44}},"loc":{"start":{"line":45,"column":47},"end":{"line":45,"column":75}}}},"branchMap":{"0":{"loc":{"start":{"line":31,"column":2},"end":{"line":33,"column":3}},"type":"if","locations":[{"start":{"line":31,"column":2},"end":{"line":33,"column":3}},{"start":{},"end":{}}]},"1":{"loc":{"start":{"line":35,"column":2},"end":{"line":37,"column":3}},"type":"if","locations":[{"start":{"line":35,"column":2},"end":{"line":37,"column":3}},{"start":{},"end":{}}]},"2":{"loc":{"start":{"line":41,"column":7},"end":{"line":48,"column":null}},"type":"cond-expr","locations":[{"start":{"line":42,"column":8},"end":{"line":42,"column":42}},{"start":{"line":44,"column":8},"end":{"line":48,"column":10}}]}},"s":{"0":0,"1":0,"2":0,"3":0,"4":0,"5":0,"6":0,"7":0,"8":0,"9":0,"10":0,"11":0,"12":0,"13":0,"14":0,"15":0,"16":0,"17":0,"18":0,"19":0,"20":0,"21":0},"f":{"0":0,"1":0,"2":0,"3":0,"4":0},"b":{"0":[0,0],"1":[0,0],"2":[0,0]}}
,"/home/jono/Documents/github/tacticalIntelDashboard/TacticalIntelDashboard/IntelCommandConsole/src/components/QuickActions.tsx": {"path":"/home/jono/Documents/github/tacticalIntelDashboard/TacticalIntelDashboard/IntelCommandConsole/src/components/QuickActions.tsx","statementMap":{"0":{"start":{"line":9,"column":50},"end":{"line":127,"column":1}},"1":{"start":{"line":14,"column":38},"end":{"line":14,"column":53}},"2":{"start":{"line":16,"column":24},"end":{"line":23,"column":3}},"3":{"start":{"line":17,"column":16},"end":{"line":17,"column":48}},"4":{"start":{"line":18,"column":4},"end":{"line":22,"column":5}},"5":{"start":{"line":20,"column":6},"end":{"line":20,"column":39}},"6":{"start":{"line":21,"column":6},"end":{"line":21,"column":56}},"7":{"start":{"line":25,"column":28},"end":{"line":27,"column":3}},"8":{"start":{"line":26,"column":4},"end":{"line":26,"column":19}},"9":{"start":{"line":29,"column":25},"end":{"line":33,"column":3}},"10":{"start":{"line":31,"column":4},"end":{"line":31,"column":39}},"11":{"start":{"line":32,"column":4},"end":{"line":32,"column":40}},"12":{"start":{"line":35,"column":27},"end":{"line":43,"column":3}},"13":{"start":{"line":36,"column":4},"end":{"line":42,"column":5}},"14":{"start":{"line":37,"column":6},"end":{"line":39,"column":9}},"15":{"start":{"line":38,"column":8},"end":{"line":38,"column":57}},"16":{"start":{"line":41,"column":6},"end":{"line":41,"column":32}},"17":{"start":{"line":45,"column":23},"end":{"line":76,"column":4}},"18":{"start":{"line":78,"column":2},"end":{"line":126,"column":4}},"19":{"start":{"line":82,"column":23},"end":{"line":82,"column":49}},"20":{"start":{"line":102,"column":14},"end":{"line":103,"column":null}}},"fnMap":{"0":{"name":"(anonymous_0)","decl":{"start":{"line":9,"column":50},"end":{"line":9,"column":51}},"loc":{"start":{"line":13,"column":5},"end":{"line":127,"column":1}}},"1":{"name":"(anonymous_1)","decl":{"start":{"line":16,"column":24},"end":{"line":16,"column":27}},"loc":{"start":{"line":16,"column":29},"end":{"line":23,"column":3}}},"2":{"name":"(anonymous_2)","decl":{"start":{"line":25,"column":28},"end":{"line":25,"column":31}},"loc":{"start":{"line":25,"column":33},"end":{"line":27,"column":3}}},"3":{"name":"(anonymous_3)","decl":{"start":{"line":29,"column":25},"end":{"line":29,"column":28}},"loc":{"start":{"line":29,"column":30},"end":{"line":33,"column":3}}},"4":{"name":"(anonymous_4)","decl":{"start":{"line":35,"column":27},"end":{"line":35,"column":30}},"loc":{"start":{"line":35,"column":32},"end":{"line":43,"column":3}}},"5":{"name":"(anonymous_5)","decl":{"start":{"line":37,"column":57},"end":{"line":37,"column":60}},"loc":{"start":{"line":37,"column":63},"end":{"line":39,"column":7}}},"6":{"name":"(anonymous_6)","decl":{"start":{"line":82,"column":17},"end":{"line":82,"column":20}},"loc":{"start":{"line":82,"column":23},"end":{"line":82,"column":49}}},"7":{"name":"(anonymous_7)","decl":{"start":{"line":101,"column":30},"end":{"line":101,"column":31}},"loc":{"start":{"line":102,"column":14},"end":{"line":103,"column":null}}}},"branchMap":{"0":{"loc":{"start":{"line":18,"column":4},"end":{"line":22,"column":5}},"type":"if","locations":[{"start":{"line":18,"column":4},"end":{"line":22,"column":5}},{"start":{},"end":{}}]},"1":{"loc":{"start":{"line":36,"column":4},"end":{"line":42,"column":5}},"type":"if","locations":[{"start":{"line":36,"column":4},"end":{"line":42,"column":5}},{"start":{"line":40,"column":11},"end":{"line":42,"column":5}}]},"2":{"loc":{"start":{"line":79,"column":37},"end":{"line":79,"column":65}},"type":"cond-expr","locations":[{"start":{"line":79,"column":50},"end":{"line":79,"column":60}},{"start":{"line":79,"column":63},"end":{"line":79,"column":65}}]},"3":{"loc":{"start":{"line":86,"column":9},"end":{"line":86,"column":40}},"type":"cond-expr","locations":[{"start":{"line":86,"column":22},"end":{"line":86,"column":28}},{"start":{"line":86,"column":31},"end":{"line":86,"column":40}}]},"4":{"loc":{"start":{"line":89,"column":7},"end":{"line":123,"column":null}},"type":"binary-expr","locations":[{"start":{"line":89,"column":7},"end":{"line":89,"column":17}},{"start":{"line":90,"column":8},"end":{"line":122,"column":null}}]},"5":{"loc":{"start":{"line":93,"column":13},"end":{"line":96,"column":null}},"type":"binary-expr","locations":[{"start":{"line":93,"column":13},"end":{"line":93,"column":29}},{"start":{"line":94,"column":14},"end":{"line":95,"column":null}}]}},"s":{"0":0,"1":0,"2":0,"3":0,"4":0,"5":0,"6":0,"7":0,"8":0,"9":0,"10":0,"11":0,"12":0,"13":0,"14":0,"15":0,"16":0,"17":0,"18":0,"19":0,"20":0},"f":{"0":0,"1":0,"2":0,"3":0,"4":0,"5":0,"6":0,"7":0},"b":{"0":[0,0],"1":[0,0],"2":[0,0],"3":[0,0],"4":[0,0],"5":[0,0]}}
,"/home/jono/Documents/github/tacticalIntelDashboard/TacticalIntelDashboard/IntelCommandConsole/src/components/RightSidebar.tsx": {"path":"/home/jono/Documents/github/tacticalIntelDashboard/TacticalIntelDashboard/IntelCommandConsole/src/components/RightSidebar.tsx","statementMap":{"0":{"start":{"line":3,"column":31},"end":{"line":10,"column":1}},"1":{"start":{"line":4,"column":2},"end":{"line":9,"column":4}}},"fnMap":{"0":{"name":"(anonymous_0)","decl":{"start":{"line":3,"column":31},"end":{"line":3,"column":34}},"loc":{"start":{"line":3,"column":36},"end":{"line":10,"column":1}}}},"branchMap":{},"s":{"0":0,"1":0},"f":{"0":0},"b":{}}
,"/home/jono/Documents/github/tacticalIntelDashboard/TacticalIntelDashboard/IntelCommandConsole/src/components/SearchAndFilter.tsx": {"path":"/home/jono/Documents/github/tacticalIntelDashboard/TacticalIntelDashboard/IntelCommandConsole/src/components/SearchAndFilter.tsx","statementMap":{"0":{"start":{"line":9,"column":56},"end":{"line":195,"column":1}},"1":{"start":{"line":10,"column":38},"end":{"line":10,"column":50}},"2":{"start":{"line":11,"column":52},"end":{"line":11,"column":67}},"3":{"start":{"line":12,"column":46},"end":{"line":12,"column":61}},"4":{"start":{"line":13,"column":30},"end":{"line":13,"column":46}},"5":{"start":{"line":16,"column":18},"end":{"line":27,"column":13}},"6":{"start":{"line":17,"column":22},"end":{"line":17,"column":39}},"7":{"start":{"line":18,"column":4},"end":{"line":25,"column":7}},"8":{"start":{"line":19,"column":6},"end":{"line":24,"column":7}},"9":{"start":{"line":20,"column":23},"end":{"line":20,"column":70}},"10":{"start":{"line":21,"column":8},"end":{"line":21,"column":58}},"11":{"start":{"line":23,"column":8},"end":{"line":23,"column":33}},"12":{"start":{"line":26,"column":4},"end":{"line":26,"column":40}},"13":{"start":{"line":30,"column":24},"end":{"line":93,"column":68}},"14":{"start":{"line":31,"column":19},"end":{"line":74,"column":6}},"15":{"start":{"line":33,"column":6},"end":{"line":39,"column":7}},"16":{"start":{"line":34,"column":28},"end":{"line":34,"column":52}},"17":{"start":{"line":36,"column":10},"end":{"line":37,"column":84}},"18":{"start":{"line":38,"column":8},"end":{"line":38,"column":41}},"19":{"start":{"line":38,"column":28},"end":{"line":38,"column":41}},"20":{"start":{"line":42,"column":6},"end":{"line":49,"column":7}},"21":{"start":{"line":43,"column":8},"end":{"line":48,"column":9}},"22":{"start":{"line":44,"column":29},"end":{"line":44,"column":104}},"23":{"start":{"line":45,"column":10},"end":{"line":45,"column":58}},"24":{"start":{"line":45,"column":45},"end":{"line":45,"column":58}},"25":{"start":{"line":47,"column":10},"end":{"line":47,"column":57}},"26":{"start":{"line":47,"column":44},"end":{"line":47,"column":57}},"27":{"start":{"line":52,"column":6},"end":{"line":71,"column":7}},"28":{"start":{"line":53,"column":25},"end":{"line":53,"column":47}},"29":{"start":{"line":54,"column":20},"end":{"line":54,"column":30}},"30":{"start":{"line":55,"column":25},"end":{"line":55,"column":59}},"31":{"start":{"line":57,"column":8},"end":{"line":70,"column":9}},"32":{"start":{"line":59,"column":12},"end":{"line":59,"column":56}},"33":{"start":{"line":59,"column":43},"end":{"line":59,"column":56}},"34":{"start":{"line":60,"column":12},"end":{"line":60,"column":18}},"35":{"start":{"line":62,"column":12},"end":{"line":62,"column":61}},"36":{"start":{"line":62,"column":48},"end":{"line":62,"column":61}},"37":{"start":{"line":63,"column":12},"end":{"line":63,"column":18}},"38":{"start":{"line":65,"column":12},"end":{"line":65,"column":65}},"39":{"start":{"line":65,"column":52},"end":{"line":65,"column":65}},"40":{"start":{"line":66,"column":12},"end":{"line":66,"column":18}},"41":{"start":{"line":68,"column":12},"end":{"line":68,"column":66}},"42":{"start":{"line":68,"column":53},"end":{"line":68,"column":66}},"43":{"start":{"line":69,"column":12},"end":{"line":69,"column":18}},"44":{"start":{"line":73,"column":6},"end":{"line":73,"column":18}},"45":{"start":{"line":77,"column":4},"end":{"line":90,"column":7}},"46":{"start":{"line":78,"column":6},"end":{"line":89,"column":7}},"47":{"start":{"line":80,"column":10},"end":{"line":80,"column":79}},"48":{"start":{"line":82,"column":10},"end":{"line":82,"column":48}},"49":{"start":{"line":84,"column":26},"end":{"line":84,"column":50}},"50":{"start":{"line":85,"column":26},"end":{"line":85,"column":50}},"51":{"start":{"line":86,"column":10},"end":{"line":86,"column":48}},"52":{"start":{"line":88,"column":10},"end":{"line":88,"column":19}},"53":{"start":{"line":92,"column":4},"end":{"line":92,"column":20}},"54":{"start":{"line":96,"column":2},"end":{"line":98,"column":45}},"55":{"start":{"line":97,"column":4},"end":{"line":97,"column":41}},"56":{"start":{"line":100,"column":23},"end":{"line":105,"column":3}},"57":{"start":{"line":101,"column":4},"end":{"line":101,"column":22}},"58":{"start":{"line":102,"column":4},"end":{"line":102,"column":32}},"59":{"start":{"line":103,"column":4},"end":{"line":103,"column":29}},"60":{"start":{"line":104,"column":4},"end":{"line":104,"column":22}},"61":{"start":{"line":107,"column":2},"end":{"line":194,"column":4}},"62":{"start":{"line":123,"column":29},"end":{"line":123,"column":58}},"63":{"start":{"line":128,"column":29},"end":{"line":128,"column":46}},"64":{"start":{"line":143,"column":29},"end":{"line":143,"column":65}},"65":{"start":{"line":158,"column":29},"end":{"line":158,"column":62}},"66":{"start":{"line":163,"column":14},"end":{"line":163,"column":35}},"67":{"start":{"line":172,"column":29},"end":{"line":172,"column":54}}},"fnMap":{"0":{"name":"(anonymous_0)","decl":{"start":{"line":9,"column":56},"end":{"line":9,"column":57}},"loc":{"start":{"line":9,"column":93},"end":{"line":195,"column":1}}},"1":{"name":"(anonymous_1)","decl":{"start":{"line":16,"column":26},"end":{"line":16,"column":29}},"loc":{"start":{"line":16,"column":31},"end":{"line":27,"column":3}}},"2":{"name":"(anonymous_2)","decl":{"start":{"line":18,"column":18},"end":{"line":18,"column":22}},"loc":{"start":{"line":18,"column":25},"end":{"line":25,"column":5}}},"3":{"name":"(anonymous_3)","decl":{"start":{"line":30,"column":32},"end":{"line":30,"column":35}},"loc":{"start":{"line":30,"column":37},"end":{"line":93,"column":3}}},"4":{"name":"(anonymous_4)","decl":{"start":{"line":31,"column":32},"end":{"line":31,"column":36}},"loc":{"start":{"line":31,"column":39},"end":{"line":74,"column":5}}},"5":{"name":"(anonymous_5)","decl":{"start":{"line":77,"column":18},"end":{"line":77,"column":19}},"loc":{"start":{"line":77,"column":27},"end":{"line":90,"column":5}}},"6":{"name":"(anonymous_6)","decl":{"start":{"line":96,"column":18},"end":{"line":96,"column":21}},"loc":{"start":{"line":96,"column":23},"end":{"line":98,"column":3}}},"7":{"name":"(anonymous_7)","decl":{"start":{"line":100,"column":23},"end":{"line":100,"column":26}},"loc":{"start":{"line":100,"column":28},"end":{"line":105,"column":3}}},"8":{"name":"(anonymous_8)","decl":{"start":{"line":123,"column":22},"end":{"line":123,"column":23}},"loc":{"start":{"line":123,"column":29},"end":{"line":123,"column":58}}},"9":{"name":"(anonymous_9)","decl":{"start":{"line":128,"column":23},"end":{"line":128,"column":26}},"loc":{"start":{"line":128,"column":29},"end":{"line":128,"column":46}}},"10":{"name":"(anonymous_10)","decl":{"start":{"line":143,"column":22},"end":{"line":143,"column":23}},"loc":{"start":{"line":143,"column":29},"end":{"line":143,"column":65}}},"11":{"name":"(anonymous_11)","decl":{"start":{"line":158,"column":22},"end":{"line":158,"column":23}},"loc":{"start":{"line":158,"column":29},"end":{"line":158,"column":62}}},"12":{"name":"(anonymous_12)","decl":{"start":{"line":162,"column":25},"end":{"line":162,"column":31}},"loc":{"start":{"line":163,"column":14},"end":{"line":163,"column":35}}},"13":{"name":"(anonymous_13)","decl":{"start":{"line":172,"column":22},"end":{"line":172,"column":23}},"loc":{"start":{"line":172,"column":29},"end":{"line":172,"column":54}}}},"branchMap":{"0":{"loc":{"start":{"line":33,"column":6},"end":{"line":39,"column":7}},"type":"if","locations":[{"start":{"line":33,"column":6},"end":{"line":39,"column":7}},{"start":{},"end":{}}]},"1":{"loc":{"start":{"line":36,"column":10},"end":{"line":37,"column":84}},"type":"binary-expr","locations":[{"start":{"line":36,"column":10},"end":{"line":36,"column":56}},{"start":{"line":37,"column":11},"end":{"line":37,"column":27}},{"start":{"line":37,"column":31},"end":{"line":37,"column":83}}]},"2":{"loc":{"start":{"line":38,"column":8},"end":{"line":38,"column":41}},"type":"if","locations":[{"start":{"line":38,"column":8},"end":{"line":38,"column":41}},{"start":{},"end":{}}]},"3":{"loc":{"start":{"line":42,"column":6},"end":{"line":49,"column":7}},"type":"if","locations":[{"start":{"line":42,"column":6},"end":{"line":49,"column":7}},{"start":{},"end":{}}]},"4":{"loc":{"start":{"line":45,"column":10},"end":{"line":45,"column":58}},"type":"if","locations":[{"start":{"line":45,"column":10},"end":{"line":45,"column":58}},{"start":{},"end":{}}]},"5":{"loc":{"start":{"line":47,"column":10},"end":{"line":47,"column":57}},"type":"if","locations":[{"start":{"line":47,"column":10},"end":{"line":47,"column":57}},{"start":{},"end":{}}]},"6":{"loc":{"start":{"line":52,"column":6},"end":{"line":71,"column":7}},"type":"if","locations":[{"start":{"line":52,"column":6},"end":{"line":71,"column":7}},{"start":{},"end":{}}]},"7":{"loc":{"start":{"line":57,"column":8},"end":{"line":70,"column":9}},"type":"switch","locations":[{"start":{"line":58,"column":10},"end":{"line":60,"column":18}},{"start":{"line":61,"column":10},"end":{"line":63,"column":18}},{"start":{"line":64,"column":10},"end":{"line":66,"column":18}},{"start":{"line":67,"column":10},"end":{"line":69,"column":18}}]},"8":{"loc":{"start":{"line":59,"column":12},"end":{"line":59,"column":56}},"type":"if","locations":[{"start":{"line":59,"column":12},"end":{"line":59,"column":56}},{"start":{},"end":{}}]},"9":{"loc":{"start":{"line":62,"column":12},"end":{"line":62,"column":61}},"type":"if","locations":[{"start":{"line":62,"column":12},"end":{"line":62,"column":61}},{"start":{},"end":{}}]},"10":{"loc":{"start":{"line":65,"column":12},"end":{"line":65,"column":65}},"type":"if","locations":[{"start":{"line":65,"column":12},"end":{"line":65,"column":65}},{"start":{},"end":{}}]},"11":{"loc":{"start":{"line":68,"column":12},"end":{"line":68,"column":66}},"type":"if","locations":[{"start":{"line":68,"column":12},"end":{"line":68,"column":66}},{"start":{},"end":{}}]},"12":{"loc":{"start":{"line":78,"column":6},"end":{"line":89,"column":7}},"type":"switch","locations":[{"start":{"line":79,"column":8},"end":{"line":80,"column":79}},{"start":{"line":81,"column":8},"end":{"line":82,"column":48}},{"start":{"line":83,"column":8},"end":{"line":86,"column":48}},{"start":{"line":87,"column":8},"end":{"line":88,"column":19}}]},"13":{"loc":{"start":{"line":126,"column":11},"end":{"line":132,"column":null}},"type":"binary-expr","locations":[{"start":{"line":126,"column":11},"end":{"line":126,"column":21}},{"start":{"line":127,"column":12},"end":{"line":129,"column":null}}]},"14":{"loc":{"start":{"line":187,"column":9},"end":{"line":190,"column":null}},"type":"binary-expr","locations":[{"start":{"line":187,"column":10},"end":{"line":187,"column":20}},{"start":{"line":187,"column":24},"end":{"line":187,"column":51}},{"start":{"line":187,"column":55},"end":{"line":187,"column":79}},{"start":{"line":188,"column":10},"end":{"line":188,"column":null}}]}},"s":{"0":0,"1":0,"2":0,"3":0,"4":0,"5":0,"6":0,"7":0,"8":0,"9":0,"10":0,"11":0,"12":0,"13":0,"14":0,"15":0,"16":0,"17":0,"18":0,"19":0,"20":0,"21":0,"22":0,"23":0,"24":0,"25":0,"26":0,"27":0,"28":0,"29":0,"30":0,"31":0,"32":0,"33":0,"34":0,"35":0,"36":0,"37":0,"38":0,"39":0,"40":0,"41":0,"42":0,"43":0,"44":0,"45":0,"46":0,"47":0,"48":0,"49":0,"50":0,"51":0,"52":0,"53":0,"54":0,"55":0,"56":0,"57":0,"58":0,"59":0,"60":0,"61":0,"62":0,"63":0,"64":0,"65":0,"66":0,"67":0},"f":{"0":0,"1":0,"2":0,"3":0,"4":0,"5":0,"6":0,"7":0,"8":0,"9":0,"10":0,"11":0,"12":0,"13":0},"b":{"0":[0,0],"1":[0,0,0],"2":[0,0],"3":[0,0],"4":[0,0],"5":[0,0],"6":[0,0],"7":[0,0,0,0],"8":[0,0],"9":[0,0],"10":[0,0],"11":[0,0],"12":[0,0,0,0],"13":[0,0],"14":[0,0,0,0]}}
,"/home/jono/Documents/github/tacticalIntelDashboard/TacticalIntelDashboard/IntelCommandConsole/src/components/alerts/AlertForm.tsx": {"path":"/home/jono/Documents/github/tacticalIntelDashboard/TacticalIntelDashboard/IntelCommandConsole/src/components/alerts/AlertForm.tsx","statementMap":{"0":{"start":{"line":1,"column":0},"end":{"line":1,"column":40}},"1":{"start":{"line":3,"column":0},"end":{"line":3,"column":25}},"2":{"start":{"line":12,"column":44},"end":{"line":360,"column":1}},"3":{"start":{"line":18,"column":34},"end":{"line":40,"column":4}},"4":{"start":{"line":42,"column":30},"end":{"line":42,"column":66}},"5":{"start":{"line":44,"column":19},"end":{"line":44,"column":97}},"6":{"start":{"line":46,"column":23},"end":{"line":73,"column":3}},"7":{"start":{"line":47,"column":46},"end":{"line":47,"column":48}},"8":{"start":{"line":49,"column":4},"end":{"line":51,"column":5}},"9":{"start":{"line":50,"column":6},"end":{"line":50,"column":48}},"10":{"start":{"line":53,"column":4},"end":{"line":55,"column":5}},"11":{"start":{"line":54,"column":6},"end":{"line":54,"column":62}},"12":{"start":{"line":57,"column":4},"end":{"line":59,"column":5}},"13":{"start":{"line":58,"column":6},"end":{"line":58,"column":47}},"14":{"start":{"line":61,"column":4},"end":{"line":63,"column":5}},"15":{"start":{"line":62,"column":6},"end":{"line":62,"column":56}},"16":{"start":{"line":65,"column":4},"end":{"line":69,"column":5}},"17":{"start":{"line":66,"column":6},"end":{"line":68,"column":7}},"18":{"start":{"line":67,"column":8},"end":{"line":67,"column":67}},"19":{"start":{"line":71,"column":4},"end":{"line":71,"column":25}},"20":{"start":{"line":72,"column":4},"end":{"line":72,"column":47}},"21":{"start":{"line":75,"column":23},"end":{"line":111,"column":3}},"22":{"start":{"line":76,"column":4},"end":{"line":76,"column":23}},"23":{"start":{"line":78,"column":4},"end":{"line":80,"column":5}},"24":{"start":{"line":79,"column":6},"end":{"line":79,"column":13}},"25":{"start":{"line":82,"column":78},"end":{"line":108,"column":6}},"26":{"start":{"line":85,"column":54},"end":{"line":85,"column":62}},"27":{"start":{"line":85,"column":76},"end":{"line":85,"column":77}},"28":{"start":{"line":86,"column":71},"end":{"line":86,"column":79}},"29":{"start":{"line":86,"column":93},"end":{"line":86,"column":94}},"30":{"start":{"line":110,"column":4},"end":{"line":110,"column":24}},"31":{"start":{"line":113,"column":28},"end":{"line":118,"column":3}},"32":{"start":{"line":114,"column":4},"end":{"line":114,"column":55}},"33":{"start":{"line":114,"column":25},"end":{"line":114,"column":52}},"34":{"start":{"line":115,"column":4},"end":{"line":117,"column":5}},"35":{"start":{"line":116,"column":6},"end":{"line":116,"column":52}},"36":{"start":{"line":116,"column":25},"end":{"line":116,"column":49}},"37":{"start":{"line":120,"column":26},"end":{"line":126,"column":3}},"38":{"start":{"line":121,"column":26},"end":{"line":123,"column":42}},"39":{"start":{"line":122,"column":40},"end":{"line":122,"column":54}},"40":{"start":{"line":125,"column":4},"end":{"line":125,"column":58}},"41":{"start":{"line":128,"column":2},"end":{"line":359,"column":4}},"42":{"start":{"line":145,"column":31},"end":{"line":145,"column":72}},"43":{"start":{"line":157,"column":31},"end":{"line":157,"column":79}},"44":{"start":{"line":168,"column":31},"end":{"line":168,"column":76}},"45":{"start":{"line":183,"column":31},"end":{"line":183,"column":75}},"46":{"start":{"line":194,"column":31},"end":{"line":194,"column":93}},"47":{"start":{"line":212,"column":33},"end":{"line":212,"column":92}},"48":{"start":{"line":223,"column":33},"end":{"line":223,"column":90}},"49":{"start":{"line":236,"column":33},"end":{"line":236,"column":79}},"50":{"start":{"line":248,"column":31},"end":{"line":248,"column":73}},"51":{"start":{"line":261,"column":31},"end":{"line":261,"column":75}},"52":{"start":{"line":273,"column":31},"end":{"line":273,"column":81}},"53":{"start":{"line":289,"column":33},"end":{"line":289,"column":86}},"54":{"start":{"line":303,"column":35},"end":{"line":303,"column":81}},"55":{"start":{"line":312,"column":35},"end":{"line":312,"column":79}},"56":{"start":{"line":323,"column":16},"end":{"line":323,"column":35}},"57":{"start":{"line":327,"column":36},"end":{"line":327,"column":58}},"58":{"start":{"line":342,"column":33},"end":{"line":342,"column":78}},"59":{"start":{"line":362,"column":0},"end":{"line":362,"column":25}}},"fnMap":{"0":{"name":"(anonymous_6)","decl":{"start":{"line":12,"column":44},"end":{"line":12,"column":45}},"loc":{"start":{"line":17,"column":5},"end":{"line":360,"column":1}}},"1":{"name":"(anonymous_7)","decl":{"start":{"line":46,"column":23},"end":{"line":46,"column":26}},"loc":{"start":{"line":46,"column":28},"end":{"line":73,"column":3}}},"2":{"name":"(anonymous_8)","decl":{"start":{"line":75,"column":23},"end":{"line":75,"column":24}},"loc":{"start":{"line":75,"column":46},"end":{"line":111,"column":3}}},"3":{"name":"(anonymous_9)","decl":{"start":{"line":85,"column":49},"end":{"line":85,"column":50}},"loc":{"start":{"line":85,"column":54},"end":{"line":85,"column":62}}},"4":{"name":"(anonymous_10)","decl":{"start":{"line":85,"column":71},"end":{"line":85,"column":72}},"loc":{"start":{"line":85,"column":76},"end":{"line":85,"column":77}}},"5":{"name":"(anonymous_11)","decl":{"start":{"line":86,"column":66},"end":{"line":86,"column":67}},"loc":{"start":{"line":86,"column":71},"end":{"line":86,"column":79}}},"6":{"name":"(anonymous_12)","decl":{"start":{"line":86,"column":88},"end":{"line":86,"column":89}},"loc":{"start":{"line":86,"column":93},"end":{"line":86,"column":94}}},"7":{"name":"(anonymous_13)","decl":{"start":{"line":113,"column":28},"end":{"line":113,"column":29}},"loc":{"start":{"line":113,"column":58},"end":{"line":118,"column":3}}},"8":{"name":"(anonymous_14)","decl":{"start":{"line":114,"column":16},"end":{"line":114,"column":20}},"loc":{"start":{"line":114,"column":25},"end":{"line":114,"column":52}}},"9":{"name":"(anonymous_15)","decl":{"start":{"line":116,"column":16},"end":{"line":116,"column":20}},"loc":{"start":{"line":116,"column":25},"end":{"line":116,"column":49}}},"10":{"name":"(anonymous_16)","decl":{"start":{"line":120,"column":26},"end":{"line":120,"column":27}},"loc":{"start":{"line":120,"column":47},"end":{"line":126,"column":3}}},"11":{"name":"(anonymous_17)","decl":{"start":{"line":122,"column":35},"end":{"line":122,"column":36}},"loc":{"start":{"line":122,"column":40},"end":{"line":122,"column":54}}},"12":{"name":"(anonymous_18)","decl":{"start":{"line":145,"column":24},"end":{"line":145,"column":25}},"loc":{"start":{"line":145,"column":31},"end":{"line":145,"column":72}}},"13":{"name":"(anonymous_19)","decl":{"start":{"line":157,"column":24},"end":{"line":157,"column":25}},"loc":{"start":{"line":157,"column":31},"end":{"line":157,"column":79}}},"14":{"name":"(anonymous_20)","decl":{"start":{"line":168,"column":24},"end":{"line":168,"column":25}},"loc":{"start":{"line":168,"column":31},"end":{"line":168,"column":76}}},"15":{"name":"(anonymous_21)","decl":{"start":{"line":183,"column":24},"end":{"line":183,"column":25}},"loc":{"start":{"line":183,"column":31},"end":{"line":183,"column":75}}},"16":{"name":"(anonymous_22)","decl":{"start":{"line":194,"column":24},"end":{"line":194,"column":25}},"loc":{"start":{"line":194,"column":31},"end":{"line":194,"column":93}}},"17":{"name":"(anonymous_23)","decl":{"start":{"line":212,"column":26},"end":{"line":212,"column":27}},"loc":{"start":{"line":212,"column":33},"end":{"line":212,"column":92}}},"18":{"name":"(anonymous_24)","decl":{"start":{"line":223,"column":26},"end":{"line":223,"column":27}},"loc":{"start":{"line":223,"column":33},"end":{"line":223,"column":90}}},"19":{"name":"(anonymous_25)","decl":{"start":{"line":236,"column":26},"end":{"line":236,"column":27}},"loc":{"start":{"line":236,"column":33},"end":{"line":236,"column":79}}},"20":{"name":"(anonymous_26)","decl":{"start":{"line":248,"column":24},"end":{"line":248,"column":25}},"loc":{"start":{"line":248,"column":31},"end":{"line":248,"column":73}}},"21":{"name":"(anonymous_27)","decl":{"start":{"line":261,"column":24},"end":{"line":261,"column":25}},"loc":{"start":{"line":261,"column":31},"end":{"line":261,"column":75}}},"22":{"name":"(anonymous_28)","decl":{"start":{"line":273,"column":24},"end":{"line":273,"column":25}},"loc":{"start":{"line":273,"column":31},"end":{"line":273,"column":81}}},"23":{"name":"(anonymous_29)","decl":{"start":{"line":289,"column":26},"end":{"line":289,"column":27}},"loc":{"start":{"line":289,"column":33},"end":{"line":289,"column":86}}},"24":{"name":"(anonymous_30)","decl":{"start":{"line":303,"column":28},"end":{"line":303,"column":29}},"loc":{"start":{"line":303,"column":35},"end":{"line":303,"column":81}}},"25":{"name":"(anonymous_31)","decl":{"start":{"line":312,"column":28},"end":{"line":312,"column":29}},"loc":{"start":{"line":312,"column":35},"end":{"line":312,"column":79}}},"26":{"name":"(anonymous_32)","decl":{"start":{"line":322,"column":28},"end":{"line":322,"column":29}},"loc":{"start":{"line":323,"column":16},"end":{"line":323,"column":35}}},"27":{"name":"(anonymous_33)","decl":{"start":{"line":327,"column":30},"end":{"line":327,"column":33}},"loc":{"start":{"line":327,"column":36},"end":{"line":327,"column":58}}},"28":{"name":"(anonymous_34)","decl":{"start":{"line":342,"column":26},"end":{"line":342,"column":27}},"loc":{"start":{"line":342,"column":33},"end":{"line":342,"column":78}}}},"branchMap":{"0":{"loc":{"start":{"line":16,"column":2},"end":{"line":16,"column":19}},"type":"default-arg","locations":[{"start":{"line":16,"column":14},"end":{"line":16,"column":19}}]},"1":{"loc":{"start":{"line":19,"column":10},"end":{"line":19,"column":34}},"type":"binary-expr","locations":[{"start":{"line":19,"column":10},"end":{"line":19,"column":28}},{"start":{"line":19,"column":32},"end":{"line":19,"column":34}}]},"2":{"loc":{"start":{"line":20,"column":17},"end":{"line":20,"column":48}},"type":"binary-expr","locations":[{"start":{"line":20,"column":17},"end":{"line":20,"column":42}},{"start":{"line":20,"column":46},"end":{"line":20,"column":48}}]},"3":{"loc":{"start":{"line":21,"column":14},"end":{"line":21,"column":53}},"type":"binary-expr","locations":[{"start":{"line":21,"column":14},"end":{"line":21,"column":47}},{"start":{"line":21,"column":51},"end":{"line":21,"column":53}}]},"4":{"loc":{"start":{"line":22,"column":13},"end":{"line":22,"column":52}},"type":"binary-expr","locations":[{"start":{"line":22,"column":13},"end":{"line":22,"column":46}},{"start":{"line":22,"column":50},"end":{"line":22,"column":52}}]},"5":{"loc":{"start":{"line":23,"column":14},"end":{"line":23,"column":65}},"type":"binary-expr","locations":[{"start":{"line":23,"column":14},"end":{"line":23,"column":36}},{"start":{"line":23,"column":40},"end":{"line":23,"column":65}}]},"6":{"loc":{"start":{"line":24,"column":12},"end":{"line":24,"column":75}},"type":"cond-expr","locations":[{"start":{"line":24,"column":49},"end":{"line":24,"column":68}},{"start":{"line":24,"column":71},"end":{"line":24,"column":75}}]},"7":{"loc":{"start":{"line":27,"column":26},"end":{"line":27,"column":119}},"type":"cond-expr","locations":[{"start":{"line":27,"column":78},"end":{"line":27,"column":112}},{"start":{"line":27,"column":115},"end":{"line":27,"column":119}}]},"8":{"loc":{"start":{"line":28,"column":24},"end":{"line":28,"column":113}},"type":"cond-expr","locations":[{"start":{"line":28,"column":74},"end":{"line":28,"column":106}},{"start":{"line":28,"column":109},"end":{"line":28,"column":113}}]},"9":{"loc":{"start":{"line":29,"column":15},"end":{"line":29,"column":58}},"type":"binary-expr","locations":[{"start":{"line":29,"column":15},"end":{"line":29,"column":52}},{"start":{"line":29,"column":56},"end":{"line":29,"column":58}}]},"10":{"loc":{"start":{"line":30,"column":11},"end":{"line":30,"column":50}},"type":"binary-expr","locations":[{"start":{"line":30,"column":11},"end":{"line":30,"column":44}},{"start":{"line":30,"column":48},"end":{"line":30,"column":50}}]},"11":{"loc":{"start":{"line":31,"column":13},"end":{"line":31,"column":54}},"type":"binary-expr","locations":[{"start":{"line":31,"column":13},"end":{"line":31,"column":48}},{"start":{"line":31,"column":52},"end":{"line":31,"column":54}}]},"12":{"loc":{"start":{"line":32,"column":19},"end":{"line":32,"column":66}},"type":"binary-expr","locations":[{"start":{"line":32,"column":19},"end":{"line":32,"column":60}},{"start":{"line":32,"column":64},"end":{"line":32,"column":66}}]},"13":{"loc":{"start":{"line":36,"column":15},"end":{"line":36,"column":69}},"type":"binary-expr","locations":[{"start":{"line":36,"column":15},"end":{"line":36,"column":58}},{"start":{"line":36,"column":62},"end":{"line":36,"column":69}}]},"14":{"loc":{"start":{"line":37,"column":13},"end":{"line":37,"column":65}},"type":"binary-expr","locations":[{"start":{"line":37,"column":13},"end":{"line":37,"column":54}},{"start":{"line":37,"column":58},"end":{"line":37,"column":65}}]},"15":{"loc":{"start":{"line":38,"column":16},"end":{"line":38,"column":70}},"type":"binary-expr","locations":[{"start":{"line":38,"column":16},"end":{"line":38,"column":51}},{"start":{"line":38,"column":55},"end":{"line":38,"column":70}}]},"16":{"loc":{"start":{"line":39,"column":14},"end":{"line":39,"column":99}},"type":"binary-expr","locations":[{"start":{"line":39,"column":14},"end":{"line":39,"column":47}},{"start":{"line":39,"column":51},"end":{"line":39,"column":99}}]},"17":{"loc":{"start":{"line":49,"column":4},"end":{"line":51,"column":5}},"type":"if","locations":[{"start":{"line":49,"column":4},"end":{"line":51,"column":5}},{"start":{},"end":{}}]},"18":{"loc":{"start":{"line":53,"column":4},"end":{"line":55,"column":5}},"type":"if","locations":[{"start":{"line":53,"column":4},"end":{"line":55,"column":5}},{"start":{},"end":{}}]},"19":{"loc":{"start":{"line":57,"column":4},"end":{"line":59,"column":5}},"type":"if","locations":[{"start":{"line":57,"column":4},"end":{"line":59,"column":5}},{"start":{},"end":{}}]},"20":{"loc":{"start":{"line":57,"column":8},"end":{"line":57,"column":76}},"type":"binary-expr","locations":[{"start":{"line":57,"column":8},"end":{"line":57,"column":22}},{"start":{"line":57,"column":26},"end":{"line":57,"column":76}}]},"21":{"loc":{"start":{"line":61,"column":4},"end":{"line":63,"column":5}},"type":"if","locations":[{"start":{"line":61,"column":4},"end":{"line":63,"column":5}},{"start":{},"end":{}}]},"22":{"loc":{"start":{"line":61,"column":8},"end":{"line":61,"column":68}},"type":"binary-expr","locations":[{"start":{"line":61,"column":8},"end":{"line":61,"column":24}},{"start":{"line":61,"column":28},"end":{"line":61,"column":68}}]},"23":{"loc":{"start":{"line":65,"column":4},"end":{"line":69,"column":5}},"type":"if","locations":[{"start":{"line":65,"column":4},"end":{"line":69,"column":5}},{"start":{},"end":{}}]},"24":{"loc":{"start":{"line":66,"column":6},"end":{"line":68,"column":7}},"type":"if","locations":[{"start":{"line":66,"column":6},"end":{"line":68,"column":7}},{"start":{},"end":{}}]},"25":{"loc":{"start":{"line":78,"column":4},"end":{"line":80,"column":5}},"type":"if","locations":[{"start":{"line":78,"column":4},"end":{"line":80,"column":5}},{"start":{},"end":{}}]},"26":{"loc":{"start":{"line":84,"column":19},"end":{"line":84,"column":59}},"type":"binary-expr","locations":[{"start":{"line":84,"column":19},"end":{"line":84,"column":46}},{"start":{"line":84,"column":50},"end":{"line":84,"column":59}}]},"27":{"loc":{"start":{"line":86,"column":15},"end":{"line":86,"column":107}},"type":"cond-expr","locations":[{"start":{"line":86,"column":34},"end":{"line":86,"column":95}},{"start":{"line":86,"column":98},"end":{"line":86,"column":107}}]},"28":{"loc":{"start":{"line":94,"column":19},"end":{"line":94,"column":50}},"type":"binary-expr","locations":[{"start":{"line":94,"column":19},"end":{"line":94,"column":37}},{"start":{"line":94,"column":41},"end":{"line":94,"column":50}}]},"29":{"loc":{"start":{"line":95,"column":15},"end":{"line":95,"column":42}},"type":"binary-expr","locations":[{"start":{"line":95,"column":15},"end":{"line":95,"column":29}},{"start":{"line":95,"column":33},"end":{"line":95,"column":42}}]},"30":{"loc":{"start":{"line":96,"column":17},"end":{"line":96,"column":46}},"type":"binary-expr","locations":[{"start":{"line":96,"column":17},"end":{"line":96,"column":33}},{"start":{"line":96,"column":37},"end":{"line":96,"column":46}}]},"31":{"loc":{"start":{"line":97,"column":23},"end":{"line":97,"column":58}},"type":"binary-expr","locations":[{"start":{"line":97,"column":23},"end":{"line":97,"column":45}},{"start":{"line":97,"column":49},"end":{"line":97,"column":58}}]},"32":{"loc":{"start":{"line":101,"column":21},"end":{"line":104,"column":21}},"type":"cond-expr","locations":[{"start":{"line":101,"column":47},"end":{"line":104,"column":10}},{"start":{"line":104,"column":12},"end":{"line":104,"column":21}}]},"33":{"loc":{"start":{"line":105,"column":20},"end":{"line":105,"column":84}},"type":"cond-expr","locations":[{"start":{"line":105,"column":53},"end":{"line":105,"column":72}},{"start":{"line":105,"column":75},"end":{"line":105,"column":84}}]},"34":{"loc":{"start":{"line":115,"column":4},"end":{"line":117,"column":5}},"type":"if","locations":[{"start":{"line":115,"column":4},"end":{"line":117,"column":5}},{"start":{},"end":{}}]},"35":{"loc":{"start":{"line":121,"column":26},"end":{"line":123,"column":42}},"type":"cond-expr","locations":[{"start":{"line":122,"column":8},"end":{"line":122,"column":55}},{"start":{"line":123,"column":8},"end":{"line":123,"column":42}}]},"36":{"loc":{"start":{"line":131,"column":13},"end":{"line":131,"column":58}},"type":"cond-expr","locations":[{"start":{"line":131,"column":25},"end":{"line":131,"column":37}},{"start":{"line":131,"column":40},"end":{"line":131,"column":58}}]},"37":{"loc":{"start":{"line":147,"column":25},"end":{"line":147,"column":51}},"type":"cond-expr","locations":[{"start":{"line":147,"column":39},"end":{"line":147,"column":46}},{"start":{"line":147,"column":49},"end":{"line":147,"column":51}}]},"38":{"loc":{"start":{"line":149,"column":13},"end":{"line":149,"column":80}},"type":"binary-expr","locations":[{"start":{"line":149,"column":13},"end":{"line":149,"column":24}},{"start":{"line":149,"column":28},"end":{"line":149,"column":80}}]},"39":{"loc":{"start":{"line":171,"column":25},"end":{"line":171,"column":55}},"type":"cond-expr","locations":[{"start":{"line":171,"column":43},"end":{"line":171,"column":50}},{"start":{"line":171,"column":53},"end":{"line":171,"column":55}}]},"40":{"loc":{"start":{"line":173,"column":13},"end":{"line":173,"column":88}},"type":"binary-expr","locations":[{"start":{"line":173,"column":13},"end":{"line":173,"column":28}},{"start":{"line":173,"column":32},"end":{"line":173,"column":88}}]},"41":{"loc":{"start":{"line":229,"column":11},"end":{"line":239,"column":null}},"type":"binary-expr","locations":[{"start":{"line":229,"column":11},"end":{"line":229,"column":38}},{"start":{"line":230,"column":12},"end":{"line":238,"column":null}}]},"42":{"loc":{"start":{"line":250,"column":25},"end":{"line":250,"column":52}},"type":"cond-expr","locations":[{"start":{"line":250,"column":40},"end":{"line":250,"column":47}},{"start":{"line":250,"column":50},"end":{"line":250,"column":52}}]},"43":{"loc":{"start":{"line":252,"column":13},"end":{"line":252,"column":82}},"type":"binary-expr","locations":[{"start":{"line":252,"column":13},"end":{"line":252,"column":25}},{"start":{"line":252,"column":29},"end":{"line":252,"column":82}}]},"44":{"loc":{"start":{"line":263,"column":25},"end":{"line":263,"column":54}},"type":"cond-expr","locations":[{"start":{"line":263,"column":42},"end":{"line":263,"column":49}},{"start":{"line":263,"column":52},"end":{"line":263,"column":54}}]},"45":{"loc":{"start":{"line":265,"column":13},"end":{"line":265,"column":86}},"type":"binary-expr","locations":[{"start":{"line":265,"column":13},"end":{"line":265,"column":27}},{"start":{"line":265,"column":31},"end":{"line":265,"column":86}}]},"46":{"loc":{"start":{"line":295,"column":11},"end":{"line":316,"column":null}},"type":"binary-expr","locations":[{"start":{"line":295,"column":11},"end":{"line":295,"column":34}},{"start":{"line":296,"column":12},"end":{"line":315,"column":null}}]},"47":{"loc":{"start":{"line":315,"column":15},"end":{"line":315,"column":92}},"type":"binary-expr","locations":[{"start":{"line":315,"column":15},"end":{"line":315,"column":31}},{"start":{"line":315,"column":35},"end":{"line":315,"column":92}}]},"48":{"loc":{"start":{"line":354,"column":13},"end":{"line":354,"column":56}},"type":"cond-expr","locations":[{"start":{"line":354,"column":25},"end":{"line":354,"column":39}},{"start":{"line":354,"column":42},"end":{"line":354,"column":56}}]}},"s":{"0":1,"1":1,"2":1,"3":33,"4":33,"5":33,"6":33,"7":2,"8":2,"9":1,"10":2,"11":1,"12":2,"13":0,"14":2,"15":0,"16":2,"17":0,"18":0,"19":2,"20":2,"21":33,"22":2,"23":2,"24":1,"25":1,"26":2,"27":2,"28":0,"29":0,"30":1,"31":33,"32":27,"33":27,"34":27,"35":0,"36":0,"37":33,"38":0,"39":0,"40":0,"41":33,"42":10,"43":0,"44":17,"45":0,"46":0,"47":0,"48":0,"49":0,"50":0,"51":0,"52":0,"53":0,"54":0,"55":0,"56":231,"57":0,"58":0,"59":1},"f":{"0":33,"1":2,"2":2,"3":2,"4":2,"5":0,"6":0,"7":27,"8":27,"9":0,"10":0,"11":0,"12":10,"13":0,"14":17,"15":0,"16":0,"17":0,"18":0,"19":0,"20":0,"21":0,"22":0,"23":0,"24":0,"25":0,"26":231,"27":0,"28":0},"b":{"0":[33],"1":[33,33],"2":[33,33],"3":[33,33],"4":[33,33],"5":[33,33],"6":[0,33],"7":[0,33],"8":[0,33],"9":[33,33],"10":[33,33],"11":[33,33],"12":[33,33],"13":[33,33],"14":[33,33],"15":[33,33],"16":[33,33],"17":[1,1],"18":[1,1],"19":[0,2],"20":[2,0],"21":[0,2],"22":[2,0],"23":[0,2],"24":[0,0],"25":[1,1],"26":[1,1],"27":[0,1],"28":[1,1],"29":[1,1],"30":[1,1],"31":[1,1],"32":[0,1],"33":[1,0],"34":[0,27],"35":[0,0],"36":[0,33],"37":[1,32],"38":[33,1],"39":[1,32],"40":[33,1],"41":[33,33],"42":[0,33],"43":[33,0],"44":[0,33],"45":[33,0],"46":[33,0],"47":[0,0],"48":[0,33]}}
,"/home/jono/Documents/github/tacticalIntelDashboard/TacticalIntelDashboard/IntelCommandConsole/src/components/alerts/AlertHistory.tsx": {"path":"/home/jono/Documents/github/tacticalIntelDashboard/TacticalIntelDashboard/IntelCommandConsole/src/components/alerts/AlertHistory.tsx","statementMap":{"0":{"start":{"line":11,"column":50},"end":{"line":302,"column":1}},"1":{"start":{"line":16,"column":30},"end":{"line":21,"column":8}},"2":{"start":{"line":23,"column":30},"end":{"line":23,"column":67}},"3":{"start":{"line":24,"column":36},"end":{"line":24,"column":68}},"4":{"start":{"line":26,"column":26},"end":{"line":34,"column":3}},"5":{"start":{"line":27,"column":18},"end":{"line":32,"column":6}},"6":{"start":{"line":33,"column":4},"end":{"line":33,"column":56}},"7":{"start":{"line":36,"column":21},"end":{"line":38,"column":3}},"8":{"start":{"line":37,"column":4},"end":{"line":37,"column":33}},"9":{"start":{"line":40,"column":24},"end":{"line":51,"column":3}},"10":{"start":{"line":41,"column":16},"end":{"line":41,"column":26}},"11":{"start":{"line":42,"column":17},"end":{"line":42,"column":47}},"12":{"start":{"line":43,"column":20},"end":{"line":43,"column":44}},"13":{"start":{"line":44,"column":18},"end":{"line":44,"column":42}},"14":{"start":{"line":45,"column":17},"end":{"line":45,"column":39}},"15":{"start":{"line":47,"column":4},"end":{"line":47,"column":40}},"16":{"start":{"line":47,"column":18},"end":{"line":47,"column":40}},"17":{"start":{"line":48,"column":4},"end":{"line":48,"column":42}},"18":{"start":{"line":48,"column":19},"end":{"line":48,"column":42}},"19":{"start":{"line":49,"column":4},"end":{"line":49,"column":46}},"20":{"start":{"line":49,"column":21},"end":{"line":49,"column":46}},"21":{"start":{"line":50,"column":4},"end":{"line":50,"column":22}},"22":{"start":{"line":53,"column":24},"end":{"line":104,"column":3}},"23":{"start":{"line":54,"column":19},"end":{"line":54,"column":31}},"24":{"start":{"line":56,"column":4},"end":{"line":58,"column":5}},"25":{"start":{"line":57,"column":6},"end":{"line":57,"column":82}},"26":{"start":{"line":57,"column":44},"end":{"line":57,"column":80}},"27":{"start":{"line":60,"column":4},"end":{"line":62,"column":5}},"28":{"start":{"line":61,"column":6},"end":{"line":61,"column":90}},"29":{"start":{"line":61,"column":44},"end":{"line":61,"column":88}},"30":{"start":{"line":64,"column":4},"end":{"line":66,"column":5}},"31":{"start":{"line":65,"column":6},"end":{"line":65,"column":80}},"32":{"start":{"line":65,"column":44},"end":{"line":65,"column":78}},"33":{"start":{"line":68,"column":4},"end":{"line":87,"column":5}},"34":{"start":{"line":69,"column":18},"end":{"line":69,"column":28}},"35":{"start":{"line":72,"column":6},"end":{"line":84,"column":7}},"36":{"start":{"line":74,"column":10},"end":{"line":74,"column":78}},"37":{"start":{"line":75,"column":10},"end":{"line":75,"column":16}},"38":{"start":{"line":77,"column":10},"end":{"line":77,"column":69}},"39":{"start":{"line":78,"column":10},"end":{"line":78,"column":16}},"40":{"start":{"line":80,"column":10},"end":{"line":80,"column":66}},"41":{"start":{"line":81,"column":10},"end":{"line":81,"column":16}},"42":{"start":{"line":83,"column":10},"end":{"line":83,"column":31}},"43":{"start":{"line":86,"column":6},"end":{"line":86,"column":75}},"44":{"start":{"line":86,"column":44},"end":{"line":86,"column":73}},"45":{"start":{"line":90,"column":4},"end":{"line":101,"column":7}},"46":{"start":{"line":91,"column":6},"end":{"line":100,"column":7}},"47":{"start":{"line":92,"column":22},"end":{"line":92,"column":45}},"48":{"start":{"line":93,"column":22},"end":{"line":93,"column":45}},"49":{"start":{"line":94,"column":8},"end":{"line":94,"column":68}},"50":{"start":{"line":96,"column":30},"end":{"line":96,"column":73}},"51":{"start":{"line":97,"column":26},"end":{"line":97,"column":86}},"52":{"start":{"line":98,"column":26},"end":{"line":98,"column":86}},"53":{"start":{"line":99,"column":8},"end":{"line":99,"column":84}},"54":{"start":{"line":103,"column":4},"end":{"line":103,"column":20}},"55":{"start":{"line":106,"column":26},"end":{"line":106,"column":41}},"56":{"start":{"line":107,"column":30},"end":{"line":107,"column":85}},"57":{"start":{"line":107,"column":56},"end":{"line":107,"column":77}},"58":{"start":{"line":109,"column":25},"end":{"line":109,"column":85}},"59":{"start":{"line":109,"column":67},"end":{"line":109,"column":82}},"60":{"start":{"line":111,"column":25},"end":{"line":115,"column":3}},"61":{"start":{"line":112,"column":4},"end":{"line":114,"column":5}},"62":{"start":{"line":113,"column":6},"end":{"line":113,"column":23}},"63":{"start":{"line":117,"column":2},"end":{"line":127,"column":3}},"64":{"start":{"line":118,"column":4},"end":{"line":126,"column":6}},"65":{"start":{"line":129,"column":2},"end":{"line":301,"column":4}},"66":{"start":{"line":147,"column":29},"end":{"line":147,"column":100}},"67":{"start":{"line":147,"column":48},"end":{"line":147,"column":98}},"68":{"start":{"line":158,"column":29},"end":{"line":161,"column":15}},"69":{"start":{"line":158,"column":48},"end":{"line":161,"column":14}},"70":{"start":{"line":170,"column":29},"end":{"line":170,"column":101}},"71":{"start":{"line":170,"column":48},"end":{"line":170,"column":99}},"72":{"start":{"line":181,"column":31},"end":{"line":181,"column":101}},"73":{"start":{"line":181,"column":50},"end":{"line":181,"column":99}},"74":{"start":{"line":185,"column":16},"end":{"line":185,"column":38}},"75":{"start":{"line":196,"column":29},"end":{"line":196,"column":77}},"76":{"start":{"line":204,"column":27},"end":{"line":204,"column":81}},"77":{"start":{"line":204,"column":48},"end":{"line":204,"column":80}},"78":{"start":{"line":224,"column":10},"end":{"line":225,"column":null}},"79":{"start":{"line":245,"column":35},"end":{"line":245,"column":60}},"80":{"start":{"line":253,"column":33},"end":{"line":253,"column":77}},"81":{"start":{"line":283,"column":22},"end":{"line":283,"column":40}}},"fnMap":{"0":{"name":"(anonymous_0)","decl":{"start":{"line":11,"column":50},"end":{"line":11,"column":51}},"loc":{"start":{"line":15,"column":5},"end":{"line":302,"column":1}}},"1":{"name":"(anonymous_1)","decl":{"start":{"line":26,"column":26},"end":{"line":26,"column":27}},"loc":{"start":{"line":26,"column":47},"end":{"line":34,"column":3}}},"2":{"name":"(anonymous_2)","decl":{"start":{"line":36,"column":21},"end":{"line":36,"column":22}},"loc":{"start":{"line":36,"column":36},"end":{"line":38,"column":3}}},"3":{"name":"(anonymous_3)","decl":{"start":{"line":40,"column":24},"end":{"line":40,"column":25}},"loc":{"start":{"line":40,"column":39},"end":{"line":51,"column":3}}},"4":{"name":"(anonymous_4)","decl":{"start":{"line":53,"column":24},"end":{"line":53,"column":27}},"loc":{"start":{"line":53,"column":29},"end":{"line":104,"column":3}}},"5":{"name":"(anonymous_5)","decl":{"start":{"line":57,"column":33},"end":{"line":57,"column":40}},"loc":{"start":{"line":57,"column":44},"end":{"line":57,"column":80}}},"6":{"name":"(anonymous_6)","decl":{"start":{"line":61,"column":33},"end":{"line":61,"column":40}},"loc":{"start":{"line":61,"column":44},"end":{"line":61,"column":88}}},"7":{"name":"(anonymous_7)","decl":{"start":{"line":65,"column":33},"end":{"line":65,"column":40}},"loc":{"start":{"line":65,"column":44},"end":{"line":65,"column":78}}},"8":{"name":"(anonymous_8)","decl":{"start":{"line":86,"column":33},"end":{"line":86,"column":40}},"loc":{"start":{"line":86,"column":44},"end":{"line":86,"column":73}}},"9":{"name":"(anonymous_9)","decl":{"start":{"line":90,"column":18},"end":{"line":90,"column":19}},"loc":{"start":{"line":90,"column":27},"end":{"line":101,"column":5}}},"10":{"name":"(anonymous_10)","decl":{"start":{"line":107,"column":45},"end":{"line":107,"column":52}},"loc":{"start":{"line":107,"column":56},"end":{"line":107,"column":77}}},"11":{"name":"(anonymous_11)","decl":{"start":{"line":109,"column":56},"end":{"line":109,"column":63}},"loc":{"start":{"line":109,"column":67},"end":{"line":109,"column":82}}},"12":{"name":"(anonymous_12)","decl":{"start":{"line":111,"column":25},"end":{"line":111,"column":28}},"loc":{"start":{"line":111,"column":30},"end":{"line":115,"column":3}}},"13":{"name":"(anonymous_13)","decl":{"start":{"line":147,"column":22},"end":{"line":147,"column":23}},"loc":{"start":{"line":147,"column":29},"end":{"line":147,"column":100}}},"14":{"name":"(anonymous_14)","decl":{"start":{"line":147,"column":39},"end":{"line":147,"column":43}},"loc":{"start":{"line":147,"column":48},"end":{"line":147,"column":98}}},"15":{"name":"(anonymous_15)","decl":{"start":{"line":158,"column":22},"end":{"line":158,"column":23}},"loc":{"start":{"line":158,"column":29},"end":{"line":161,"column":15}}},"16":{"name":"(anonymous_16)","decl":{"start":{"line":158,"column":39},"end":{"line":158,"column":43}},"loc":{"start":{"line":158,"column":48},"end":{"line":161,"column":14}}},"17":{"name":"(anonymous_17)","decl":{"start":{"line":170,"column":22},"end":{"line":170,"column":23}},"loc":{"start":{"line":170,"column":29},"end":{"line":170,"column":101}}},"18":{"name":"(anonymous_18)","decl":{"start":{"line":170,"column":39},"end":{"line":170,"column":43}},"loc":{"start":{"line":170,"column":48},"end":{"line":170,"column":99}}},"19":{"name":"(anonymous_19)","decl":{"start":{"line":181,"column":24},"end":{"line":181,"column":25}},"loc":{"start":{"line":181,"column":31},"end":{"line":181,"column":101}}},"20":{"name":"(anonymous_20)","decl":{"start":{"line":181,"column":41},"end":{"line":181,"column":45}},"loc":{"start":{"line":181,"column":50},"end":{"line":181,"column":99}}},"21":{"name":"(anonymous_21)","decl":{"start":{"line":184,"column":34},"end":{"line":184,"column":41}},"loc":{"start":{"line":185,"column":16},"end":{"line":185,"column":38}}},"22":{"name":"(anonymous_22)","decl":{"start":{"line":196,"column":22},"end":{"line":196,"column":23}},"loc":{"start":{"line":196,"column":29},"end":{"line":196,"column":77}}},"23":{"name":"(anonymous_23)","decl":{"start":{"line":204,"column":21},"end":{"line":204,"column":24}},"loc":{"start":{"line":204,"column":27},"end":{"line":204,"column":81}}},"24":{"name":"(anonymous_24)","decl":{"start":{"line":204,"column":40},"end":{"line":204,"column":44}},"loc":{"start":{"line":204,"column":48},"end":{"line":204,"column":80}}},"25":{"name":"(anonymous_25)","decl":{"start":{"line":223,"column":29},"end":{"line":223,"column":36}},"loc":{"start":{"line":224,"column":10},"end":{"line":225,"column":null}}},"26":{"name":"(anonymous_26)","decl":{"start":{"line":245,"column":29},"end":{"line":245,"column":32}},"loc":{"start":{"line":245,"column":35},"end":{"line":245,"column":60}}},"27":{"name":"(anonymous_27)","decl":{"start":{"line":253,"column":27},"end":{"line":253,"column":30}},"loc":{"start":{"line":253,"column":33},"end":{"line":253,"column":77}}},"28":{"name":"(anonymous_28)","decl":{"start":{"line":282,"column":49},"end":{"line":282,"column":50}},"loc":{"start":{"line":283,"column":22},"end":{"line":283,"column":40}}}},"branchMap":{"0":{"loc":{"start":{"line":33,"column":11},"end":{"line":33,"column":55}},"type":"binary-expr","locations":[{"start":{"line":33,"column":11},"end":{"line":33,"column":48}},{"start":{"line":33,"column":52},"end":{"line":33,"column":55}}]},"1":{"loc":{"start":{"line":47,"column":4},"end":{"line":47,"column":40}},"type":"if","locations":[{"start":{"line":47,"column":4},"end":{"line":47,"column":40}},{"start":{},"end":{}}]},"2":{"loc":{"start":{"line":48,"column":4},"end":{"line":48,"column":42}},"type":"if","locations":[{"start":{"line":48,"column":4},"end":{"line":48,"column":42}},{"start":{},"end":{}}]},"3":{"loc":{"start":{"line":49,"column":4},"end":{"line":49,"column":46}},"type":"if","locations":[{"start":{"line":49,"column":4},"end":{"line":49,"column":46}},{"start":{},"end":{}}]},"4":{"loc":{"start":{"line":56,"column":4},"end":{"line":58,"column":5}},"type":"if","locations":[{"start":{"line":56,"column":4},"end":{"line":58,"column":5}},{"start":{},"end":{}}]},"5":{"loc":{"start":{"line":60,"column":4},"end":{"line":62,"column":5}},"type":"if","locations":[{"start":{"line":60,"column":4},"end":{"line":62,"column":5}},{"start":{},"end":{}}]},"6":{"loc":{"start":{"line":64,"column":4},"end":{"line":66,"column":5}},"type":"if","locations":[{"start":{"line":64,"column":4},"end":{"line":66,"column":5}},{"start":{},"end":{}}]},"7":{"loc":{"start":{"line":68,"column":4},"end":{"line":87,"column":5}},"type":"if","locations":[{"start":{"line":68,"column":4},"end":{"line":87,"column":5}},{"start":{},"end":{}}]},"8":{"loc":{"start":{"line":72,"column":6},"end":{"line":84,"column":7}},"type":"switch","locations":[{"start":{"line":73,"column":8},"end":{"line":75,"column":16}},{"start":{"line":76,"column":8},"end":{"line":78,"column":16}},{"start":{"line":79,"column":8},"end":{"line":81,"column":16}},{"start":{"line":82,"column":8},"end":{"line":83,"column":31}}]},"9":{"loc":{"start":{"line":91,"column":6},"end":{"line":100,"column":7}},"type":"if","locations":[{"start":{"line":91,"column":6},"end":{"line":100,"column":7}},{"start":{"line":95,"column":13},"end":{"line":100,"column":7}}]},"10":{"loc":{"start":{"line":94,"column":15},"end":{"line":94,"column":67}},"type":"cond-expr","locations":[{"start":{"line":94,"column":38},"end":{"line":94,"column":51}},{"start":{"line":94,"column":54},"end":{"line":94,"column":67}}]},"11":{"loc":{"start":{"line":97,"column":26},"end":{"line":97,"column":86}},"type":"binary-expr","locations":[{"start":{"line":97,"column":26},"end":{"line":97,"column":81}},{"start":{"line":97,"column":85},"end":{"line":97,"column":86}}]},"12":{"loc":{"start":{"line":98,"column":26},"end":{"line":98,"column":86}},"type":"binary-expr","locations":[{"start":{"line":98,"column":26},"end":{"line":98,"column":81}},{"start":{"line":98,"column":85},"end":{"line":98,"column":86}}]},"13":{"loc":{"start":{"line":99,"column":15},"end":{"line":99,"column":83}},"type":"cond-expr","locations":[{"start":{"line":99,"column":38},"end":{"line":99,"column":59}},{"start":{"line":99,"column":62},"end":{"line":99,"column":83}}]},"14":{"loc":{"start":{"line":112,"column":4},"end":{"line":114,"column":5}},"type":"if","locations":[{"start":{"line":112,"column":4},"end":{"line":114,"column":5}},{"start":{},"end":{}}]},"15":{"loc":{"start":{"line":117,"column":2},"end":{"line":127,"column":3}},"type":"if","locations":[{"start":{"line":117,"column":2},"end":{"line":127,"column":3}},{"start":{},"end":{}}]},"16":{"loc":{"start":{"line":146,"column":19},"en
[...]
end":{"line":150,"column":64}}]},"21":{"loc":{"start":{"line":151,"column":6},"end":{"line":154,"column":7}},"type":"if","locations":[{"start":{"line":151,"column":6},"end":{"line":154,"column":7}},{"start":{},"end":{}}]},"22":{"loc":{"start":{"line":156,"column":11},"end":{"line":166,"column":5}},"type":"if","locations":[{"start":{"line":156,"column":11},"end":{"line":166,"column":5}},{"start":{"line":164,"column":11},"end":{"line":166,"column":5}}]},"23":{"loc":{"start":{"line":156,"column":15},"end":{"line":156,"column":63}},"type":"binary-expr","locations":[{"start":{"line":156,"column":15},"end":{"line":156,"column":26}},{"start":{"line":156,"column":30},"end":{"line":156,"column":63}}]},"24":{"loc":{"start":{"line":157,"column":6},"end":{"line":160,"column":7}},"type":"if","locations":[{"start":{"line":157,"column":6},"end":{"line":160,"column":7}},{"start":{},"end":{}}]},"25":{"loc":{"start":{"line":175,"column":4},"end":{"line":180,"column":5}},"type":"if","locations":[{"start":{"line":175,"column":4},"end":{"line":180,"column":5}},{"start":{"line":177,"column":11},"end":{"line":180,"column":5}}]},"26":{"loc":{"start":{"line":175,"column":8},"end":{"line":175,"column":76}},"type":"binary-expr","locations":[{"start":{"line":175,"column":8},"end":{"line":175,"column":34}},{"start":{"line":175,"column":38},"end":{"line":175,"column":76}}]},"27":{"loc":{"start":{"line":199,"column":4},"end":{"line":202,"column":5}},"type":"if","locations":[{"start":{"line":199,"column":4},"end":{"line":202,"column":5}},{"start":{},"end":{}}]},"28":{"loc":{"start":{"line":212,"column":2},"end":{"line":215,"column":3}},"type":"if","locations":[{"start":{"line":212,"column":2},"end":{"line":215,"column":3}},{"start":{},"end":{}}]},"29":{"loc":{"start":{"line":212,"column":6},"end":{"line":212,"column":56}},"type":"binary-expr","locations":[{"start":{"line":212,"column":6},"end":{"line":212,"column":11}},{"start":{"line":212,"column":15},"end":{"line":212,"column":26}},{"start":{"line":212,"column":30},"end":{"line":212,"column":56}}]},"30":{"loc":{"start":{"line":221,"column":2},"end":{"line":223,"column":3}},"type":"if","locations":[{"start":{"line":221,"column":2},"end":{"line":223,"column":3}},{"start":{},"end":{}}]},"31":{"loc":{"start":{"line":221,"column":6},"end":{"line":221,"column":48}},"type":"binary-expr","locations":[{"start":{"line":221,"column":6},"end":{"line":221,"column":16}},{"start":{"line":221,"column":20},"end":{"line":221,"column":48}}]},"32":{"loc":{"start":{"line":226,"column":2},"end":{"line":228,"column":3}},"type":"if","locations":[{"start":{"line":226,"column":2},"end":{"line":228,"column":3}},{"start":{},"end":{}}]}},"s":{"0":0,"1":0,"2":0,"3":0,"4":0,"5":0,"6":0,"7":0,"8":0,"9":0,"10":0,"11":0,"12":0,"13":0,"14":0,"15":0,"16":0,"17":0,"18":0,"19":0,"20":0,"21":0,"22":0,"23":0,"24":0,"25":0,"26":0,"27":0,"28":0,"29":0,"30":0,"31":0,"32":0,"33":0,"34":0,"35":0,"36":0,"37":0,"38":0,"39":0,"40":0,"41":0,"42":0,"43":0,"44":0,"45":0,"46":0,"47":0,"48":0,"49":0,"50":0,"51":0,"52":0,"53":0,"54":0,"55":0,"56":0,"57":0,"58":0,"59":0,"60":0,"61":0,"62":0,"63":0,"64":0,"65":0,"66":0,"67":0,"68":0,"69":0,"70":0,"71":0,"72":0,"73":0,"74":0,"75":0,"76":0,"77":0,"78":0,"79":0,"80":0,"81":0,"82":0,"83":0,"84":0,"85":0,"86":0,"87":0,"88":0,"89":0,"90":0,"91":0,"92":0,"93":0,"94":0,"95":0,"96":0,"97":0,"98":0,"99":0,"100":0,"101":0,"102":0,"103":0,"104":0,"105":0,"106":0,"107":0,"108":0,"109":0,"110":0,"111":0,"112":0,"113":0,"114":0,"115":0,"116":0},"f":{"0":0,"1":0,"2":0,"3":0,"4":0,"5":0,"6":0,"7":0,"8":0,"9":0},"b":{"0":[0,0],"1":[0,0],"2":[0,0],"3":[0,0],"4":[0],"5":[0],"6":[0,0],"7":[0,0],"8":[0,0],"9":[0,0],"10":[0,0],"11":[0,0],"12":[0,0],"13":[0,0,0],"14":[0,0],"15":[0,0],"16":[0,0],"17":[0,0],"18":[0,0],"19":[0,0],"20":[0,0],"21":[0,0],"22":[0,0],"23":[0,0],"24":[0,0],"25":[0,0],"26":[0,0],"27":[0,0],"28":[0,0],"29":[0,0,0],"30":[0,0],"31":[0,0],"32":[0,0]}}
,"/home/jono/Documents/github/tacticalIntelDashboard/TacticalIntelDashboard/IntelCommandConsole/src/utils/rssUtils.ts": {"path":"/home/jono/Documents/github/tacticalIntelDashboard/TacticalIntelDashboard/IntelCommandConsole/src/utils/rssUtils.ts","statementMap":{"0":{"start":{"line":27,"column":0},"end":{"line":27,"column":16}},"1":{"start":{"line":60,"column":0},"end":{"line":60,"column":16}},"2":{"start":{"line":96,"column":0},"end":{"line":96,"column":16}},"3":{"start":{"line":109,"column":0},"end":{"line":109,"column":16}},"4":{"start":{"line":124,"column":0},"end":{"line":124,"column":16}},"5":{"start":{"line":154,"column":0},"end":{"line":154,"column":16}},"6":{"start":{"line":28,"column":27},"end":{"line":28,"column":29}},"7":{"start":{"line":30,"column":2},"end":{"line":33,"column":3}},"8":{"start":{"line":31,"column":4},"end":{"line":31,"column":42}},"9":{"start":{"line":32,"column":4},"end":{"line":32,"column":38}},"10":{"start":{"line":35,"column":2},"end":{"line":37,"column":3}},"11":{"start":{"line":36,"column":4},"end":{"line":36,"column":73}},"12":{"start":{"line":39,"column":2},"end":{"line":41,"column":3}},"13":{"start":{"line":40,"column":4},"end":{"line":40,"column":65}},"14":{"start":{"line":43,"column":2},"end":{"line":52,"column":3}},"15":{"start":{"line":44,"column":4},"end":{"line":44,"column":47}},"16":{"start":{"line":46,"column":4},"end":{"line":51,"column":7}},"17":{"start":{"line":47,"column":25},"end":{"line":47,"column":46}},"18":{"start":{"line":48,"column":6},"end":{"line":50,"column":7}},"19":{"start":{"line":49,"column":8},"end":{"line":49,"column":70}},"20":{"start":{"line":54,"column":2},"end":{"line":54,"column":50}},"21":{"start":{"line":61,"column":27},"end":{"line":61,"column":29}},"22":{"start":{"line":63,"column":2},"end":{"line":66,"column":3}},"23":{"start":{"line":64,"column":4},"end":{"line":64,"column":42}},"24":{"start":{"line":65,"column":4},"end":{"line":65,"column":38}},"25":{"start":{"line":68,"column":2},"end":{"line":70,"column":3}},"26":{"start":{"line":69,"column":4},"end":{"line":69,"column":42}},"27":{"start":{"line":72,"column":2},"end":{"line":74,"column":3}},"28":{"start":{"line":73,"column":4},"end":{"line":73,"column":65}},"29":{"start":{"line":76,"column":2},"end":{"line":78,"column":3}},"30":{"start":{"line":77,"column":4},"end":{"line":77,"column":53}},"31":{"start":{"line":80,"column":2},"end":{"line":84,"column":3}},"32":{"start":{"line":81,"column":4},"end":{"line":81,"column":65}},"33":{"start":{"line":82,"column":9},"end":{"line":84,"column":3}},"34":{"start":{"line":83,"column":4},"end":{"line":83,"column":53}},"35":{"start":{"line":86,"column":2},"end":{"line":88,"column":3}},"36":{"start":{"line":87,"column":4},"end":{"line":87,"column":43}},"37":{"start":{"line":90,"column":2},"end":{"line":90,"column":50}},"38":{"start":{"line":97,"column":2},"end":{"line":103,"column":4}},"39":{"start":{"line":110,"column":2},"end":{"line":118,"column":4}},"40":{"start":{"line":125,"column":2},"end":{"line":127,"column":3}},"41":{"start":{"line":126,"column":4},"end":{"line":126,"column":16}},"42":{"start":{"line":130,"column":18},"end":{"line":137,"column":4}},"43":{"start":{"line":139,"column":2},"end":{"line":146,"column":3}},"44":{"start":{"line":140,"column":17},"end":{"line":140,"column":44}},"45":{"start":{"line":141,"column":4},"end":{"line":143,"column":5}},"46":{"start":{"line":142,"column":6},"end":{"line":142,"column":18}},"47":{"start":{"line":148,"column":2},"end":{"line":148,"column":14}},"48":{"start":{"line":155,"column":15},"end":{"line":155,"column":70}},"49":{"start":{"line":158,"column":20},"end":{"line":162,"column":11}},"50":{"start":{"line":165,"column":20},"end":{"line":169,"column":4}},"51":{"start":{"line":171,"column":16},"end":{"line":173,"column":17}},"52":{"start":{"line":172,"column":20},"end":{"line":172,"column":59}},"53":{"start":{"line":175,"column":2},"end":{"line":175,"column":29}},"54":{"start":{"line":182,"column":2},"end":{"line":187,"column":3}},"55":{"start":{"line":183,"column":4},"end":{"line":183,"column":17}},"56":{"start":{"line":184,"column":4},"end":{"line":184,"column":16}},"57":{"start":{"line":186,"column":4},"end":{"line":186,"column":17}},"58":{"start":{"line":194,"column":2},"end":{"line":194,"column":43}},"59":{"start":{"line":201,"column":2},"end":{"line":203,"column":3}},"60":{"start":{"line":202,"column":4},"end":{"line":202,"column":14}},"61":{"start":{"line":205,"column":2},"end":{"line":213,"column":12}},"62":{"start":{"line":220,"column":2},"end":{"line":222,"column":3}},"63":{"start":{"line":221,"column":4},"end":{"line":221,"column":14}},"64":{"start":{"line":224,"column":2},"end":{"line":233,"column":3}},"65":{"start":{"line":225,"column":19},"end":{"line":225,"column":31}},"66":{"start":{"line":227,"column":4},"end":{"line":229,"column":5}},"67":{"start":{"line":228,"column":6},"end":{"line":228,"column":16}},"68":{"start":{"line":230,"column":4},"end":{"line":230,"column":29}},"69":{"start":{"line":232,"column":4},"end":{"line":232,"column":14}}},"fnMap":{"0":{"name":"validateRSSFeed","decl":{"start":{"line":27,"column":16},"end":{"line":27,"column":31}},"loc":{"start":{"line":27,"column":41},"end":{"line":55,"column":1}}},"1":{"name":"(anonymous_1)","decl":{"start":{"line":46,"column":23},"end":{"line":46,"column":24}},"loc":{"start":{"line":46,"column":52},"end":{"line":51,"column":5}}},"2":{"name":"validateRSSItem","decl":{"start":{"line":60,"column":16},"end":{"line":60,"column":31}},"loc":{"start":{"line":60,"column":41},"end":{"line":91,"column":1}}},"3":{"name":"sanitizeRSSFeed","decl":{"start":{"line":96,"column":16},"end":{"line":96,"column":31}},"loc":{"start":{"line":96,"column":45},"end":{"line":104,"column":1}}},"4":{"name":"sanitizeRSSItem","decl":{"start":{"line":109,"column":16},"end":{"line":109,"column":31}},"loc":{"start":{"line":109,"column":45},"end":{"line":119,"column":1}}},"5":{"name":"parseRSSDate","decl":{"start":{"line":124,"column":16},"end":{"line":124,"column":28}},"loc":{"start":{"line":124,"column":47},"end":{"line":149,"column":1}}},"6":{"name":"extractKeywords","decl":{"start":{"line":154,"column":16},"end":{"line":154,"column":31}},"loc":{"start":{"line":154,"column":45},"end":{"line":176,"column":1}}},"7":{"name":"(anonymous_7)","decl":{"start":{"line":172,"column":12},"end":{"line":172,"column":16}},"loc":{"start":{"line":172,"column":20},"end":{"line":172,"column":59}}},"8":{"name":"isValidUrl","decl":{"start":{"line":181,"column":9},"end":{"line":181,"column":19}},"loc":{"start":{"line":181,"column":31},"end":{"line":188,"column":1}}},"9":{"name":"isValidDate","decl":{"start":{"line":193,"column":9},"end":{"line":193,"column":20}},"loc":{"start":{"line":193,"column":39},"end":{"line":195,"column":1}}},"10":{"name":"sanitizeText","decl":{"start":{"line":200,"column":9},"end":{"line":200,"column":21}},"loc":{"start":{"line":200,"column":34},"end":{"line":214,"column":1}}},"11":{"name":"sanitizeUrl","decl":{"start":{"line":219,"column":9},"end":{"line":219,"column":20}},"loc":{"start":{"line":219,"column":32},"end":{"line":234,"column":1}}}},"branchMap":{"0":{"loc":{"start":{"line":30,"column":2},"end":{"line":33,"column":3}},"type":"if","locations":[{"start":{"line":30,"column":2},"end":{"line":33,"column":3}},{"start":{},"end":{}}]},"1":{"loc":{"start":{"line":30,"column":6},"end":{"line":30,"column":39}},"type":"binary-expr","locations":[{"start":{"line":30,"column":6},"end":{"line":30,"column":11}},{"start":{"line":30,"column":15},"end":{"line":30,"column":39}}]},"2":{"loc":{"start":{"line":35,"column":2},"end":{"line":37,"column":3}},"type":"if","locations":[{"start":{"line":35,"column":2},"end":{"line":37,"column":3}},{"start":{},"end":{}}]},"3":{"loc":{"start":{"line":35,"column":6},"end":{"line":35,"column":79}},"type":"binary-expr","locations":[{"start":{"line":35,"column":6},"end":{"line":35,"column":17}},{"start":{"line":35,"column":21},"end":{"line":35,"column":51}},{"start":{"line":35,"column":55},"end":{"line":35,"column":79}}]},"4":{"loc":{"start":{"line":39,"column":2},"end":{"line":41,"column":3}},"type":"if","locations":[{"start":{"line":39,"column":2},"end":{"line":41,"column":3}},{"start":{},"end":{}}]},"5":{"loc":{"start":{"line":39,"column":6},"end":{"line":39,"column":75}},"type":"binary-expr","locations":[{"start":{"line":39,"column":6},"end":{"line":39,"column":16}},{"start":{"line":39,"column":20},"end":{"line":39,"column":49}},{"start":{"line":39,"column":53},"end":{"line":39,"column":75}}]},"6":{"loc":{"start":{"line":43,"column":2},"end":{"line":52,"column":3}},"type":"if","locations":[{"start":{"line":43,"column":2},"end":{"line":52,"column":3}},{"start":{"line":45,"column":9},"end":{"line":52,"column":3}}]},"7":{"loc":{"start":{"line":48,"column":6},"end":{"line":50,"column":7}},"type":"if","locations":[{"start":{"line":48,"column":6},"end":{"line":50,"column":7}},{"start":{},"end":{}}]},"8":{"loc":{"start":{"line":63,"column":2},"end":{"line":66,"column":3}},"type":"if","locations":[{"start":{"line":63,"column":2},"end":{"line":66,"column":3}},{"start":{},"end":{}}]},"9":{"loc":{"start":{"line":63,"column":6},"end":{"line":63,"column":39}},"type":"binary-expr","locations":[{"start":{"line":63,"column":6},"end":{"line":63,"column":11}},{"start":{"line":63,"column":15},"end":{"line":63,"column":39}}]},"10":{"loc":{"start":{"line":68,"column":2},"end":{"line":70,"column":3}},"type":"if","locations":[{"start":{"line":68,"column":2},"end":{"line":70,"column":3}},{"start":{},"end":{}}]},"11":{"loc":{"start":{"line":68,"column":6},"end":{"line":68,"column":79}},"type":"binary-expr","locations":[{"start":{"line":68,"column":6},"end":{"line":68,"column":17}},{"start":{"line":68,"column":21},"end":{"line":68,"column":51}},{"start":{"line":68,"column":55},"end":{"line":68,"column":79}}]},"12":{"loc":{"start":{"line":72,"column":2},"end":{"line":74,"column":3}},"type":"if","locations":[{"start":{"line":72,"column":2},"end":{"line":74,"column":3}},{"start":{},"end":{}}]},"13":{"loc":{"start":{"line":72,"column":6},"end":{"line":72,"column":75}},"type":"binary-expr","locations":[{"start":{"line":72,"column":6},"end":{"line":72,"column":16}},{"start":{"line":72,"column":20},"end":{"line":72,"column":49}},{"start":{"line":72,"column":53},"end":{"line":72,"column":75}}]},"14":{"loc":{"start":{"line":76,"column":2},"end":{"line":78,"column":3}},"type":"if","locations":[{"start":{"line":76,"column":2},"end":{"line":78,"column":3}},{"start":{},"end":{}}]},"15":{"loc":{"start":{"line":76,"column":6},"end":{"line":76,"column":62}},"type":"binary-expr","locations":[{"start":{"line":76,"column":6},"end":{"line":76,"column":22}},{"start":{"line":76,"column":26},"end":{"line":76,"column":62}}]},"16":{"loc":{"start":{"line":80,"column":2},"end":{"line":84,"column":3}},"type":"if","locations":[{"start":{"line":80,"column":2},"end":{"line":84,"column":3}},{"start":{"line":82,"column":9},"end":{"line":84,"column":3}}]},"17":{"loc":{"start":{"line":80,"column":6},"end":{"line":80,"column":55}},"type":"binary-expr","locations":[{"start":{"line":80,"column":6},"end":{"line":80,"column":19}},{"start":{"line":80,"column":23},"end":{"line":80,"column":55}}]},"18":{"loc":{"start":{"line":82,"column":9},"end":{"line":84,"column":3}},"type":"if","locations":[{"start":{"line":82,"column":9},"end":{"line":84,"column":3}},{"start":{},"end":{}}]},"19":{"loc":{"start":{"line":86,"column":2},"end":{"line":88,"column":3}},"type":"if","locations":[{"start":{"line":86,"column":2},"end":{"line":88,"column":3}},{"start":{},"end":{}}]},"20":{"loc":{"start":{"line":86,"column":6},"end":{"line":86,"column":82}},"type":"binary-expr","locations":[{"start":{"line":86,"column":6},"end":{"line":86,"column":18}},{"start":{"line":86,"column":22},"end":{"line":86,"column":53}},{"start":{"line":86,"column":57},"end":{"line":86,"column":82}}]},"21":{"loc":{"start":{"line":100,"column":30},"end":{"line":100,"column":52}},"type":"binary-expr","locations":[{"start":{"line":100,"column":30},"end":{"line":100,"column":46}},{"start":{"line":100,"column":50},"end":{"line":100,"column":52}}]},"22":{"loc":{"start":{"line":113,"column":30},"end":{"line":113,"column":52}},"type":"binary-expr","locations":[{"start":{"line":113,"column":30},"end":{"line":113,"column":46}},{"start":{"line":113,"column":50},"end":{"line":113,"column":52}}]},"23":{"loc":{"start":{"line":117,"column":10},"end":{"line":117,"column":57}},"type":"cond-expr","locations":[{"start":{"line":117,"column":22},"end":{"line":117,"column":45}},{"start":{"line":117,"column":48},"end":{"line":117,"column":57}}]},"24":{"loc":{"start":{"line":125,"column":2},"end":{"line":127,"column":3}},"type":"if","locations":[{"start":{"line":125,"column":2},"end":{"line":127,"column":3}},{"start":{},"end":{}}]},"25":{"loc":{"start":{"line":125,"column":6},"end":{"line":125,"column":51}},"type":"binary-expr","locations":[{"start":{"line":125,"column":6},"end":{"line":125,"column":17}},{"start":{"line":125,"column":21},"end":{"line":125,"column":51}}]},"26":{"loc":{"start":{"line":141,"column":4},"end":{"line":143,"column":5}},"type":"if","locations":[{"start":{"line":141,"column":4},"end":{"line":143,"column":5}},{"start":{},"end":{}}]},"27":{"loc":{"start":{"line":155,"column":32},"end":{"line":155,"column":54}},"type":"binary-expr","locations":[{"start":{"line":155,"column":32},"end":{"line":155,"column":48}},{"start":{"line":155,"column":52},"end":{"line":155,"column":54}}]},"28":{"loc":{"start":{"line":172,"column":20},"end":{"line":172,"column":59}},"type":"binary-expr","locations":[{"start":{"line":172,"column":20},"end":{"line":172,"column":35}},{"start":{"line":172,"column":39},"end":{"line":172,"column":59}}]},"29":{"loc":{"start":{"line":201,"column":2},"end":{"line":203,"column":3}},"type":"if","locations":[{"start":{"line":201,"column":2},"end":{"line":203,"column":3}},{"start":{},"end":{}}]},"30":{"loc":{"start":{"line":201,"column":6},"end":{"line":201,"column":39}},"type":"binary-expr","locations":[{"start":{"line":201,"column":6},"end":{"line":201,"column":11}},{"start":{"line":201,"column":15},"end":{"line":201,"column":39}}]},"31":{"loc":{"start":{"line":220,"column":2},"end":{"line":222,"column":3}},"type":"if","locations":[{"start":{"line":220,"column":2},"end":{"line":222,"column":3}},{"start":{},"end":{}}]},"32":{"loc":{"start":{"line":220,"column":6},"end":{"line":220,"column":37}},"type":"binary-expr","locations":[{"start":{"line":220,"column":6},"end":{"line":220,"column":10}},{"start":{"line":220,"column":14},"end":{"line":220,"column":37}}]},"33":{"loc":{"start":{"line":227,"column":4},"end":{"line":229,"column":5}},"type":"if","locations":[{"start":{"line":227,"column":4},"end":{"line":229,"column":5}},{"start":{},"end":{}}]},"34":{"loc":{"start":{"line":227,"column":8},"end":{"line":227,"column":67}},"type":"binary-expr","locations":[{"start":{"line":227,"column":8},"end":{"line":227,"column":35}},{"start":{"line":227,"column":39},"end":{"line":227,"column":67}}]}},"s":{"0":1,"1":1,"2":1,"3":1,"4":1,"5":1,"6":7,"7":7,"8":2,"9":2,"10":5,"11":1,"12":5,"13":1,"14":5,"15":1,"16":4,"17":4,"18":4,"19":1,"20":5,"21":12,"22":12,"23":2,"24":2,"25":10,"26":2,"27":10,"28":1,"29":10,"30":0,"31":10,"32":0,"33":10,"34":1,"35":10,"36":1,"37":10,"38":2,"39":4,"40":18,"41":2,"42":16,"43":16,"44":16,"45":16,"46":14,"47":2,"48":5,"49":5,"50":5,"51":5,"52":60,"53":5,"54":15,"55":15,"56":13,"57":2,"58":10,"59":16,"60":0,"61":16,"62":6,"63":0,"64":6,"65":6,"66":6,"67":0,"68":6,"69":0},"f":{"0":7,"1":4,"2":12,"3":2,"4":4,"5":18,"6":5,"7":60,"8":15,"9":10,"10":16,"11":6},"b":{"0":[2,5],"1":[7,5],"2":[1,4],"3":[5,4,4],"4":[1,4],"5":[5,5,5],"6":[1,4],"7":[1,3],"8":[2,10],"9":[12,10],"10":[2,8],"11":[10,8,8],"12":[1,9],"13":[10,10,10],"14":[0,10],"15":[10,9],"16":[0,10],"17":[10,10],"18":[1,9],"19":[1,9],"20":[10,9,9],"21":[2,0],"22":[4,0],"23":[0,4],"24":[2,16],"25":[18,16],"26":[14,2],"27":[5,1],"28":[60,54],"29":[0,16],"30":[16,16],"31":[0,6],"32":[6,6],"33":[0,6],"34":[6,6]}}
}
