TN:
SF:src/App.tsx
FN:6,(anonymous_0)
FNF:1
FNH:0
FNDA:0,(anonymous_0)
DA:6,0
DA:7,0
LF:2
LH:0
BRF:0
BRH:0
end_of_record
TN:
SF:src/components/CentralView.tsx
FN:8,(anonymous_0)
FNF:1
FNH:0
FNDA:0,(anonymous_0)
DA:8,0
DA:9,0
LF:2
LH:0
BRF:0
BRH:0
end_of_record
TN:
SF:src/components/FeedItem.tsx
FN:8,(anonymous_0)
FN:11,(anonymous_1)
FN:20,(anonymous_2)
FN:25,(anonymous_3)
FN:29,(anonymous_4)
FN:78,(anonymous_5)
FN:84,(anonymous_6)
FN:90,(anonymous_7)
FNF:8
FNH:0
FNDA:0,(anonymous_0)
FNDA:0,(anonymous_1)
FNDA:0,(anonymous_2)
FNDA:0,(anonymous_3)
FNDA:0,(anonymous_4)
FNDA:0,(anonymous_5)
FNDA:0,(anonymous_6)
FNDA:0,(anonymous_7)
DA:8,0
DA:9,0
DA:11,0
DA:12,0
DA:13,0
DA:14,0
DA:16,0
DA:20,0
DA:21,0
DA:22,0
DA:25,0
DA:26,0
DA:29,0
DA:30,0
DA:31,0
DA:32,0
DA:34,0
DA:38,0
DA:78,0
DA:84,0
DA:92,0
LF:21
LH:0
BRDA:20,0,0,0
BRDA:21,1,0,0
BRDA:21,1,1,0
BRDA:21,2,0,0
BRDA:21,2,1,0
BRDA:39,3,0,0
BRDA:39,3,1,0
BRDA:60,4,0,0
BRDA:60,4,1,0
BRDA:63,5,0,0
BRDA:63,5,1,0
BRDA:65,6,0,0
BRDA:65,6,1,0
BRDA:70,7,0,0
BRDA:70,7,1,0
BRF:15
BRH:0
end_of_record
TN:
SF:src/components/FeedList.tsx
FN:6,(anonymous_0)
FN:11,(anonymous_1)
FN:12,(anonymous_2)
FN:41,(anonymous_3)
FNF:4
FNH:0
FNDA:0,(anonymous_0)
FNDA:0,(anonymous_1)
FNDA:0,(anonymous_2)
FNDA:0,(anonymous_3)
DA:6,0
DA:7,0
DA:8,0
DA:9,0
DA:11,0
DA:12,0
DA:13,0
DA:14,0
DA:15,0
DA:16,0
DA:17,0
DA:19,0
DA:20,0
DA:22,0
DA:25,0
DA:28,0
DA:29,0
DA:32,0
DA:33,0
DA:36,0
DA:42,0
LF:21
LH:0
BRDA:28,0,0,0
BRDA:28,0,1,0
BRDA:32,1,0,0
BRDA:32,1,1,0
BRDA:38,2,0,0
BRDA:38,2,1,0
BRF:6
BRH:0
end_of_record
TN:
SF:src/components/FeedVisualizer.tsx
FN:12,(anonymous_0)
FN:28,(anonymous_1)
FN:48,(anonymous_2)
FN:68,(anonymous_3)
FN:83,(anonymous_4)
FN:86,(anonymous_5)
FN:91,(anonymous_6)
FN:95,(anonymous_7)
FN:99,(anonymous_8)
FN:103,(anonymous_9)
FN:190,(anonymous_10)
FNF:11
FNH:0
FNDA:0,(anonymous_0)
FNDA:0,(anonymous_1)
FNDA:0,(anonymous_2)
FNDA:0,(anonymous_3)
FNDA:0,(anonymous_4)
FNDA:0,(anonymous_5)
FNDA:0,(anonymous_6)
FNDA:0,(anonymous_7)
FNDA:0,(anonymous_8)
FNDA:0,(anonymous_9)
FNDA:0,(anonymous_10)
DA:12,0
DA:13,0
DA:14,0
DA:15,0
DA:16,0
DA:17,0
DA:18,0
DA:19,0
DA:26,0
DA:28,0
DA:29,0
DA:30,0
DA:31,0
DA:32,0
DA:35,0
DA:36,0
DA:38,0
DA:39,0
DA:40,0
DA:41,0
DA:44,0
DA:45,0
DA:48,0
DA:61,0
DA:63,0
DA:64,0
DA:65,0
DA:68,0
DA:72,0
DA:73,0
DA:75,0
DA:76,0
DA:78,0
DA:83,0
DA:84,0
DA:86,0
DA:87,0
DA:88,0
DA:91,0
DA:95,0
DA:96,0
DA:99,0
DA:100,0
DA:103,0
DA:104,0
DA:107,0
DA:108,0
DA:118,0
DA:119,0
DA:132,0
DA:191,0
LF:51
LH:0
BRDA:28,0,0,0
BRDA:29,1,0,0
BRDA:29,1,1,0
BRDA:35,2,0,0
BRDA:35,2,1,0
BRDA:44,3,0,0
BRDA:44,3,1,0
BRDA:44,4,0,0
BRDA:44,4,1,0
BRDA:50,5,0,0
BRDA:50,5,1,0
BRDA:51,6,0,0
BRDA:51,6,1,0
BRDA:63,7,0,0
BRDA:63,7,1,0
BRDA:76,8,0,0
BRDA:76,8,1,0
BRDA:84,9,0,0
BRDA:84,9,1,0
BRDA:84,10,0,0
BRDA:84,10,1,0
BRDA:107,11,0,0
BRDA:107,11,1,0
BRDA:118,12,0,0
BRDA:118,12,1,0
BRDA:137,13,0,0
BRDA:137,13,1,0
BRDA:139,14,0,0
BRDA:139,14,1,0
BRDA:145,15,0,0
BRDA:145,15,1,0
BRDA:146,16,0,0
BRDA:146,16,1,0
BRDA:148,17,0,0
BRDA:148,17,1,0
BRDA:150,18,0,0
BRDA:150,18,1,0
BRDA:153,19,0,0
BRDA:153,19,1,0
BRDA:155,20,0,0
BRDA:155,20,1,0
BRDA:169,21,0,0
BRDA:169,21,1,0
BRDA:170,22,0,0
BRDA:170,22,1,0
BRDA:172,23,0,0
BRDA:172,23,1,0
BRDA:178,24,0,0
BRDA:178,24,1,0
BRDA:190,25,0,0
BRDA:190,25,1,0
BRF:51
BRH:0
end_of_record
TN:
SF:src/components/Header.tsx
FN:4,(anonymous_0)
FNF:1
FNH:0
FNDA:0,(anonymous_0)
DA:4,0
DA:5,0
LF:2
LH:0
BRF:0
BRH:0
end_of_record
TN:
SF:src/components/LeftSidebar.tsx
FN:9,(anonymous_0)
FN:14,(anonymous_1)
FN:15,(anonymous_2)
FN:44,(anonymous_3)
FN:45,(anonymous_4)
FNF:5
FNH:0
FNDA:0,(anonymous_0)
FNDA:0,(anonymous_1)
FNDA:0,(anonymous_2)
FNDA:0,(anonymous_3)
FNDA:0,(anonymous_4)
DA:9,0
DA:10,0
DA:11,0
DA:12,0
DA:14,0
DA:15,0
DA:16,0
DA:17,0
DA:18,0
DA:19,0
DA:20,0
DA:22,0
DA:23,0
DA:25,0
DA:28,0
DA:31,0
DA:32,0
DA:35,0
DA:36,0
DA:39,0
DA:45,0
LF:21
LH:0
BRDA:31,0,0,0
BRDA:31,0,1,0
BRDA:35,1,0,0
BRDA:35,1,1,0
BRDA:41,2,0,0
BRDA:41,2,1,0
BRF:6
BRH:0
end_of_record
TN:
SF:src/components/QuickActions.tsx
FN:9,(anonymous_0)
FN:16,(anonymous_1)
FN:25,(anonymous_2)
FN:29,(anonymous_3)
FN:35,(anonymous_4)
FN:37,(anonymous_5)
FN:82,(anonymous_6)
FN:101,(anonymous_7)
FNF:8
FNH:0
FNDA:0,(anonymous_0)
FNDA:0,(anonymous_1)
FNDA:0,(anonymous_2)
FNDA:0,(anonymous_3)
FNDA:0,(anonymous_4)
FNDA:0,(anonymous_5)
FNDA:0,(anonymous_6)
FNDA:0,(anonymous_7)
DA:9,0
DA:14,0
DA:16,0
DA:17,0
DA:18,0
DA:20,0
DA:21,0
DA:25,0
DA:26,0
DA:29,0
DA:31,0
DA:32,0
DA:35,0
DA:36,0
DA:37,0
DA:38,0
DA:41,0
DA:45,0
DA:78,0
DA:82,0
DA:102,0
LF:21
LH:0
BRDA:18,0,0,0
BRDA:18,0,1,0
BRDA:36,1,0,0
BRDA:36,1,1,0
BRDA:79,2,0,0
BRDA:79,2,1,0
BRDA:86,3,0,0
BRDA:86,3,1,0
BRDA:89,4,0,0
BRDA:89,4,1,0
BRDA:93,5,0,0
BRDA:93,5,1,0
BRF:12
BRH:0
end_of_record
TN:
SF:src/components/RightSidebar.tsx
FN:3,(anonymous_0)
FNF:1
FNH:0
FNDA:0,(anonymous_0)
DA:3,0
DA:4,0
LF:2
LH:0
BRF:0
BRH:0
end_of_record
TN:
SF:src/components/SearchAndFilter.tsx
FN:9,(anonymous_0)
FN:16,(anonymous_1)
FN:18,(anonymous_2)
FN:30,(anonymous_3)
FN:31,(anonymous_4)
FN:77,(anonymous_5)
FN:96,(anonymous_6)
FN:100,(anonymous_7)
FN:123,(anonymous_8)
FN:128,(anonymous_9)
FN:143,(anonymous_10)
FN:158,(anonymous_11)
FN:162,(anonymous_12)
FN:172,(anonymous_13)
FNF:14
FNH:0
FNDA:0,(anonymous_0)
FNDA:0,(anonymous_1)
FNDA:0,(anonymous_2)
FNDA:0,(anonymous_3)
FNDA:0,(anonymous_4)
FNDA:0,(anonymous_5)
FNDA:0,(anonymous_6)
FNDA:0,(anonymous_7)
FNDA:0,(anonymous_8)
FNDA:0,(anonymous_9)
FNDA:0,(anonymous_10)
FNDA:0,(anonymous_11)
FNDA:0,(anonymous_12)
FNDA:0,(anonymous_13)
DA:9,0
DA:10,0
DA:11,0
DA:12,0
DA:13,0
DA:16,0
DA:17,0
DA:18,0
DA:19,0
DA:20,0
DA:21,0
DA:23,0
DA:26,0
DA:30,0
DA:31,0
DA:33,0
DA:34,0
DA:36,0
DA:38,0
DA:42,0
DA:43,0
DA:44,0
DA:45,0
DA:47,0
DA:52,0
DA:53,0
DA:54,0
DA:55,0
DA:57,0
DA:59,0
DA:60,0
DA:62,0
DA:63,0
DA:65,0
DA:66,0
DA:68,0
DA:69,0
DA:73,0
DA:77,0
DA:78,0
DA:80,0
DA:82,0
DA:84,0
DA:85,0
DA:86,0
DA:88,0
DA:92,0
DA:96,0
DA:97,0
DA:100,0
DA:101,0
DA:102,0
DA:103,0
DA:104,0
DA:107,0
DA:123,0
DA:128,0
DA:143,0
DA:158,0
DA:163,0
DA:172,0
LF:61
LH:0
BRDA:33,0,0,0
BRDA:33,0,1,0
BRDA:36,1,0,0
BRDA:36,1,1,0
BRDA:36,1,2,0
BRDA:38,2,0,0
BRDA:38,2,1,0
BRDA:42,3,0,0
BRDA:42,3,1,0
BRDA:45,4,0,0
BRDA:45,4,1,0
BRDA:47,5,0,0
BRDA:47,5,1,0
BRDA:52,6,0,0
BRDA:52,6,1,0
BRDA:57,7,0,0
BRDA:57,7,1,0
BRDA:57,7,2,0
BRDA:57,7,3,0
BRDA:59,8,0,0
BRDA:59,8,1,0
BRDA:62,9,0,0
BRDA:62,9,1,0
BRDA:65,10,0,0
BRDA:65,10,1,0
BRDA:68,11,0,0
BRDA:68,11,1,0
BRDA:78,12,0,0
BRDA:78,12,1,0
BRDA:78,12,2,0
BRDA:78,12,3,0
BRDA:126,13,0,0
BRDA:126,13,1,0
BRDA:187,14,0,0
BRDA:187,14,1,0
BRDA:187,14,2,0
BRDA:187,14,3,0
BRF:37
BRH:0
end_of_record
TN:
SF:src/components/alerts/AlertForm.tsx
FN:12,(anonymous_6)
FN:46,(anonymous_7)
FN:75,(anonymous_8)
FN:85,(anonymous_9)
FN:85,(anonymous_10)
FN:86,(anonymous_11)
FN:86,(anonymous_12)
FN:113,(anonymous_13)
FN:114,(anonymous_14)
FN:116,(anonymous_15)
FN:120,(anonymous_16)
FN:122,(anonymous_17)
FN:145,(anonymous_18)
FN:157,(anonymous_19)
FN:168,(anonymous_20)
FN:183,(anonymous_21)
FN:194,(anonymous_22)
FN:212,(anonymous_23)
FN:223,(anonymous_24)
FN:236,(anonymous_25)
FN:248,(anonymous_26)
FN:261,(anonymous_27)
FN:273,(anonymous_28)
FN:289,(anonymous_29)
FN:303,(anonymous_30)
FN:312,(anonymous_31)
FN:322,(anonymous_32)
FN:327,(anonymous_33)
FN:342,(anonymous_34)
FNF:29
FNH:10
FNDA:33,(anonymous_6)
FNDA:2,(anonymous_7)
FNDA:2,(anonymous_8)
FNDA:2,(anonymous_9)
FNDA:2,(anonymous_10)
FNDA:0,(anonymous_11)
FNDA:0,(anonymous_12)
FNDA:27,(anonymous_13)
FNDA:27,(anonymous_14)
FNDA:0,(anonymous_15)
FNDA:0,(anonymous_16)
FNDA:0,(anonymous_17)
FNDA:10,(anonymous_18)
FNDA:0,(anonymous_19)
FNDA:17,(anonymous_20)
FNDA:0,(anonymous_21)
FNDA:0,(anonymous_22)
FNDA:0,(anonymous_23)
FNDA:0,(anonymous_24)
FNDA:0,(anonymous_25)
FNDA:0,(anonymous_26)
FNDA:0,(anonymous_27)
FNDA:0,(anonymous_28)
FNDA:0,(anonymous_29)
FNDA:0,(anonymous_30)
FNDA:0,(anonymous_31)
FNDA:231,(anonymous_32)
FNDA:0,(anonymous_33)
FNDA:0,(anonymous_34)
DA:1,1
DA:3,1
DA:12,1
DA:18,33
DA:42,33
DA:44,33
DA:46,33
DA:47,2
DA:49,2
DA:50,1
DA:53,2
DA:54,1
DA:57,2
DA:58,0
DA:61,2
DA:62,0
DA:65,2
DA:66,0
DA:67,0
DA:71,2
DA:72,2
DA:75,33
DA:76,2
DA:78,2
DA:79,1
DA:82,1
DA:85,2
DA:86,0
DA:110,1
DA:113,33
DA:114,27
DA:115,27
DA:116,0
DA:120,33
DA:121,0
DA:122,0
DA:125,0
DA:128,33
DA:145,10
DA:157,0
DA:168,17
DA:183,0
DA:194,0
DA:212,0
DA:223,0
DA:236,0
DA:248,0
DA:261,0
DA:273,0
DA:289,0
DA:303,0
DA:312,0
DA:323,231
DA:327,0
DA:342,0
DA:362,1
LF:56
LH:33
BRDA:16,0,0,33
BRDA:19,1,0,33
BRDA:19,1,1,33
BRDA:20,2,0,33
BRDA:20,2,1,33
BRDA:21,3,0,33
BRDA:21,3,1,33
BRDA:22,4,0,33
BRDA:22,4,1,33
BRDA:23,5,0,33
BRDA:23,5,1,33
BRDA:24,6,0,0
BRDA:24,6,1,33
BRDA:27,7,0,0
BRDA:27,7,1,33
BRDA:28,8,0,0
BRDA:28,8,1,33
BRDA:29,9,0,33
BRDA:29,9,1,33
BRDA:30,10,0,33
BRDA:30,10,1,33
BRDA:31,11,0,33
BRDA:31,11,1,33
BRDA:32,12,0,33
BRDA:32,12,1,33
BRDA:36,13,0,33
BRDA:36,13,1,33
BRDA:37,14,0,33
BRDA:37,14,1,33
BRDA:38,15,0,33
BRDA:38,15,1,33
BRDA:39,16,0,33
BRDA:39,16,1,33
BRDA:49,17,0,1
BRDA:49,17,1,1
BRDA:53,18,0,1
BRDA:53,18,1,1
BRDA:57,19,0,0
BRDA:57,19,1,2
BRDA:57,20,0,2
BRDA:57,20,1,0
BRDA:61,21,0,0
BRDA:61,21,1,2
BRDA:61,22,0,2
BRDA:61,22,1,0
BRDA:65,23,0,0
BRDA:65,23,1,2
BRDA:66,24,0,0
BRDA:66,24,1,0
BRDA:78,25,0,1
BRDA:78,25,1,1
BRDA:84,26,0,1
BRDA:84,26,1,1
BRDA:86,27,0,0
BRDA:86,27,1,1
BRDA:94,28,0,1
BRDA:94,28,1,1
BRDA:95,29,0,1
BRDA:95,29,1,1
BRDA:96,30,0,1
BRDA:96,30,1,1
BRDA:97,31,0,1
BRDA:97,31,1,1
BRDA:101,32,0,0
BRDA:101,32,1,1
BRDA:105,33,0,1
BRDA:105,33,1,0
BRDA:115,34,0,0
BRDA:115,34,1,27
BRDA:121,35,0,0
BRDA:121,35,1,0
BRDA:131,36,0,0
BRDA:131,36,1,33
BRDA:147,37,0,1
BRDA:147,37,1,32
BRDA:149,38,0,33
BRDA:149,38,1,1
BRDA:171,39,0,1
BRDA:171,39,1,32
BRDA:173,40,0,33
BRDA:173,40,1,1
BRDA:229,41,0,33
BRDA:229,41,1,33
BRDA:250,42,0,0
BRDA:250,42,1,33
BRDA:252,43,0,33
BRDA:252,43,1,0
BRDA:263,44,0,0
BRDA:263,44,1,33
BRDA:265,45,0,33
BRDA:265,45,1,0
BRDA:295,46,0,33
BRDA:295,46,1,0
BRDA:315,47,0,0
BRDA:315,47,1,0
BRDA:354,48,0,0
BRDA:354,48,1,33
BRF:97
BRH:72
end_of_record
TN:
SF:src/components/alerts/AlertHistory.tsx
FN:11,(anonymous_0)
FN:26,(anonymous_1)
FN:36,(anonymous_2)
FN:40,(anonymous_3)
FN:53,(anonymous_4)
FN:57,(anonymous_5)
FN:61,(anonymous_6)
FN:65,(anonymous_7)
FN:86,(anonymous_8)
FN:90,(anonymous_9)
FN:107,(anonymous_10)
FN:109,(anonymous_11)
FN:111,(anonymous_12)
FN:147,(anonymous_13)
FN:147,(anonymous_14)
FN:158,(anonymous_15)
FN:158,(anonymous_16)
FN:170,(anonymous_17)
FN:170,(anonymous_18)
FN:181,(anonymous_19)
FN:181,(anonymous_20)
FN:184,(anonymous_21)
FN:196,(anonymous_22)
FN:204,(anonymous_23)
FN:204,(anonymous_24)
FN:223,(anonymous_25)
FN:245,(anonymous_26)
FN:253,(anonymous_27)
FN:282,(anonymous_28)
FNF:29
FNH:0
FNDA:0,(anonymous_0)
FNDA:0,(anonymous_1)
FNDA:0,(anonymous_2)
FNDA:0,(anonymous_3)
FNDA:0,(anonymous_4)
FNDA:0,(anonymous_5)
FNDA:0,(anonymous_6)
FNDA:0,(anonymous_7)
FNDA:0,(anonymous_8)
FNDA:0,(anonymous_9)
FNDA:0,(anonymous_10)
FNDA:0,(anonymous_11)
FNDA:0,(anonymous_12)
FNDA:0,(anonymous_13)
FNDA:0,(anonymous_14)
FNDA:0,(anonymous_15)
FNDA:0,(anonymous_16)
FNDA:0,(anonymous_17)
FNDA:0,(anonymous_18)
FNDA:0,(anonymous_19)
FNDA:0,(anonymous_20)
FNDA:0,(anonymous_21)
FNDA:0,(anonymous_22)
FNDA:0,(anonymous_23)
FNDA:0,(anonymous_24)
FNDA:0,(anonymous_25)
FNDA:0,(anonymous_26)
FNDA:0,(anonymous_27)
FNDA:0,(anonymous_28)
DA:11,0
DA:16,0
DA:23,0
DA:24,0
DA:26,0
DA:27,0
DA:33,0
DA:36,0
DA:37,0
DA:40,0
DA:41,0
DA:42,0
DA:43,0
DA:44,0
DA:45,0
DA:47,0
DA:48,0
DA:49,0
DA:50,0
DA:53,0
DA:54,0
DA:56,0
DA:57,0
DA:60,0
DA:61,0
DA:64,0
DA:65,0
DA:68,0
DA:69,0
DA:72,0
DA:74,0
DA:75,0
DA:77,0
DA:78,0
DA:80,0
DA:81,0
DA:83,0
DA:86,0
DA:90,0
DA:91,0
DA:92,0
DA:93,0
DA:94,0
DA:96,0
DA:97,0
DA:98,0
DA:99,0
DA:103,0
DA:106,0
DA:107,0
DA:109,0
DA:111,0
DA:112,0
DA:113,0
DA:117,0
DA:118,0
DA:129,0
DA:147,0
DA:158,0
DA:170,0
DA:181,0
DA:185,0
DA:196,0
DA:204,0
DA:224,0
DA:245,0
DA:253,0
DA:283,0
LF:68
LH:0
BRDA:33,0,0,0
BRDA:33,0,1,0
BRDA:47,1,0,0
BRDA:47,1,1,0
BRDA:48,2,0,0
BRDA:48,2,1,0
BRDA:49,3,0,0
BRDA:49,3,1,0
BRDA:56,4,0,0
BRDA:56,4,1,0
BRDA:60,5,0,0
BRDA:60,5,1,0
BRDA:64,6,0,0
BRDA:64,6,1,0
BRDA:68,7,0,0
BRDA:68,7,1,0
BRDA:72,8,0,0
BRDA:72,8,1,0
BRDA:72,8,2,0
BRDA:72,8,3,0
BRDA:91,9,0,0
BRDA:91,9,1,0
BRDA:94,10,0,0
BRDA:94,10,1,0
BRDA:97,11,0,0
BRDA:97,11,1,0
BRDA:98,12,0,0
BRDA:98,12,1,0
BRDA:99,13,0,0
BRDA:99,13,1,0
BRDA:112,14,0,0
BRDA:112,14,1,0
BRDA:117,15,0,0
BRDA:117,15,1,0
BRDA:146,16,0,0
BRDA:146,16,1,0
BRDA:147,17,0,0
BRDA:147,17,1,0
BRDA:157,18,0,0
BRDA:157,18,1,0
BRDA:160,19,0,0
BRDA:160,19,1,0
BRDA:169,20,0,0
BRDA:169,20,1,0
BRDA:170,21,0,0
BRDA:170,21,1,0
BRDA:178,22,0,0
BRDA:178,22,1,0
BRDA:180,23,0,0
BRDA:180,23,1,0
BRDA:181,24,0,0
BRDA:181,24,1,0
BRDA:204,25,0,0
BRDA:204,25,1,0
BRDA:205,26,0,0
BRDA:205,26,1,0
BRDA:207,27,0,0
BRDA:207,27,1,0
BRDA:226,28,0,0
BRDA:226,28,1,0
BRDA:242,29,0,0
BRDA:242,29,1,0
BRDA:266,30,0,0
BRDA:266,30,1,0
BRDA:269,31,0,0
BRDA:269,31,1,0
BRDA:295,32,0,0
BRDA:295,32,1,0
BRDA:295,32,2,0
BRF:69
BRH:0
end_of_record
TN:
SF:src/components/alerts/AlertList.tsx
FN:13,(anonymous_0)
FN:20,(anonymous_1)
FN:30,(anonymous_2)
FN:34,(anonymous_3)
FN:48,(anonymous_4)
FN:52,(anonymous_5)
FN:77,(anonymous_6)
FN:82,(anonymous_7)
FN:100,(anonymous_8)
FN:110,(anonymous_9)
FN:118,(anonymous_10)
FN:128,(anonymous_11)
FN:146,(anonymous_12)
FN:158,(anonymous_13)
FNF:14
FNH:0
FNDA:0,(anonymous_0)
FNDA:0,(anonymous_1)
FNDA:0,(anonymous_2)
FNDA:0,(anonymous_3)
FNDA:0,(anonymous_4)
FNDA:0,(anonymous_5)
FNDA:0,(anonymous_6)
FNDA:0,(anonymous_7)
FNDA:0,(anonymous_8)
FNDA:0,(anonymous_9)
FNDA:0,(anonymous_10)
FNDA:0,(anonymous_11)
FNDA:0,(anonymous_12)
FNDA:0,(anonymous_13)
DA:13,0
DA:20,0
DA:21,0
DA:27,0
DA:30,0
DA:31,0
DA:34,0
DA:35,0
DA:36,0
DA:37,0
DA:38,0
DA:39,0
DA:40,0
DA:42,0
DA:43,0
DA:44,0
DA:45,0
DA:48,0
DA:49,0
DA:52,0
DA:53,0
DA:54,0
DA:55,0
DA:56,0
DA:60,0
DA:61,0
DA:72,0
DA:77,0
DA:83,0
DA:101,0
DA:102,0
DA:110,0
DA:119,0
DA:120,0
DA:129,0
DA:130,0
DA:147,0
DA:159,0
LF:38
LH:0
BRDA:27,0,0,0
BRDA:27,0,1,0
BRDA:35,1,0,0
BRDA:35,1,1,0
BRDA:42,2,0,0
BRDA:42,2,1,0
BRDA:43,3,0,0
BRDA:43,3,1,0
BRDA:44,4,0,0
BRDA:44,4,1,0
BRDA:49,5,0,0
BRDA:49,5,1,0
BRDA:54,6,0,0
BRDA:54,6,1,0
BRDA:55,7,0,0
BRDA:55,7,1,0
BRDA:60,8,0,0
BRDA:60,8,1,0
BRDA:85,9,0,0
BRDA:85,9,1,0
BRDA:85,10,0,0
BRDA:85,10,1,0
BRDA:93,11,0,0
BRDA:93,11,1,0
BRDA:99,12,0,0
BRDA:99,12,1,0
BRDA:104,13,0,0
BRDA:104,13,1,0
BRDA:106,14,0,0
BRDA:106,14,1,0
BRDA:139,15,0,0
BRDA:139,15,1,0
BRDA:154,16,0,0
BRDA:154,16,1,0
BRDA:154,16,2,0
BRDA:188,17,0,0
BRDA:188,17,1,0
BRDA:193,18,0,0
BRDA:193,18,1,0
BRDA:198,19,0,0
BRDA:198,19,1,0
BRDA:203,20,0,0
BRDA:203,20,1,0
BRDA:211,21,0,0
BRDA:211,21,1,0
BRF:45
BRH:0
end_of_record
TN:
SF:src/components/alerts/AlertManager.tsx
FN:16,(anonymous_0)
FN:38,(anonymous_1)
FN:47,(anonymous_2)
FN:52,(anonymous_3)
FN:64,(anonymous_4)
FN:70,(anonymous_5)
FN:75,(anonymous_6)
FN:80,(anonymous_7)
FN:87,(anonymous_8)
FN:94,(anonymous_9)
FN:101,(anonymous_10)
FN:123,(anonymous_11)
FN:138,(anonymous_12)
FN:150,(anonymous_13)
FNF:14
FNH:0
FNDA:0,(anonymous_0)
FNDA:0,(anonymous_1)
FNDA:0,(anonymous_2)
FNDA:0,(anonymous_3)
FNDA:0,(anonymous_4)
FNDA:0,(anonymous_5)
FNDA:0,(anonymous_6)
FNDA:0,(anonymous_7)
FNDA:0,(anonymous_8)
FNDA:0,(anonymous_9)
FNDA:0,(anonymous_10)
FNDA:0,(anonymous_11)
FNDA:0,(anonymous_12)
FNDA:0,(anonymous_13)
DA:16,0
DA:17,0
DA:18,0
DA:36,0
DA:38,0
DA:39,0
DA:40,0
DA:41,0
DA:43,0
DA:47,0
DA:48,0
DA:49,0
DA:52,0
DA:53,0
DA:55,0
DA:56,0
DA:57,0
DA:58,0
DA:60,0
DA:64,0
DA:65,0
DA:66,0
DA:70,0
DA:71,0
DA:72,0
DA:75,0
DA:76,0
DA:80,0
DA:87,0
DA:94,0
DA:101,0
DA:123,0
DA:124,0
DA:125,0
DA:133,0
DA:134,0
DA:138,0
DA:145,0
DA:147,0
DA:150,0
DA:155,0
DA:165,0
DA:174,0
DA:183,0
DA:195,0
LF:45
LH:0
BRDA:16,0,0,0
BRDA:53,1,0,0
BRDA:53,1,1,0
BRDA:65,2,0,0
BRDA:65,2,1,0
BRDA:79,3,0,0
BRDA:79,3,1,0
BRDA:86,4,0,0
BRDA:86,4,1,0
BRDA:93,5,0,0
BRDA:93,5,1,0
BRDA:100,6,0,0
BRDA:100,6,1,0
BRDA:109,7,0,0
BRDA:109,7,1,0
BRDA:111,8,0,0
BRDA:111,8,1,0
BRDA:114,9,0,0
BRDA:114,9,1,0
BRDA:115,10,0,0
BRDA:115,10,1,0
BRDA:117,11,0,0
BRDA:117,11,1,0
BRDA:124,12,0,0
BRDA:124,12,1,0
BRDA:133,13,0,0
BRDA:133,13,1,0
BRDA:145,14,0,0
BRDA:145,14,1,0
BRDA:145,14,2,0
BRDA:145,14,3,0
BRDA:145,14,4,0
BRDA:145,14,5,0
BRDA:155,15,0,0
BRDA:155,15,1,0
BRF:35
BRH:0
end_of_record
TN:
SF:src/components/alerts/AlertNotificationPanel.tsx
FN:10,(anonymous_0)
FN:21,(anonymous_1)
FN:23,(anonymous_2)
FN:24,(anonymous_3)
FN:30,(anonymous_4)
FN:34,(anonymous_5)
FN:35,(anonymous_6)
FN:38,(anonymous_7)
FN:48,(anonymous_8)
FN:52,(anonymous_9)
FN:95,(anonymous_10)
FN:106,(anonymous_11)
FN:120,(anonymous_12)
FN:136,(anonymous_13)
FN:147,(anonymous_14)
FNF:15
FNH:0
FNDA:0,(anonymous_0)
FNDA:0,(anonymous_1)
FNDA:0,(anonymous_2)
FNDA:0,(anonymous_3)
FNDA:0,(anonymous_4)
FNDA:0,(anonymous_5)
FNDA:0,(anonymous_6)
FNDA:0,(anonymous_7)
FNDA:0,(anonymous_8)
FNDA:0,(anonymous_9)
FNDA:0,(anonymous_10)
FNDA:0,(anonymous_11)
FNDA:0,(anonymous_12)
FNDA:0,(anonymous_13)
FNDA:0,(anonymous_14)
DA:10,0
DA:11,0
DA:12,0
DA:18,0
DA:21,0
DA:22,0
DA:23,0
DA:24,0
DA:27,0
DA:30,0
DA:31,0
DA:34,0
DA:35,0
DA:38,0
DA:39,0
DA:45,0
DA:48,0
DA:49,0
DA:52,0
DA:53,0
DA:54,0
DA:55,0
DA:56,0
DA:58,0
DA:59,0
DA:60,0
DA:63,0
DA:64,0
DA:67,0
DA:95,0
DA:107,0
DA:120,0
DA:137,0
DA:147,0
LF:34
LH:0
BRDA:10,0,0,0
BRDA:45,1,0,0
BRDA:45,1,1,0
BRDA:58,2,0,0
BRDA:58,2,1,0
BRDA:59,3,0,0
BRDA:59,3,1,0
BRDA:63,4,0,0
BRDA:63,4,1,0
BRDA:68,5,0,0
BRDA:68,5,1,0
BRDA:84,6,0,0
BRDA:84,6,1,0
BRDA:96,7,0,0
BRDA:96,7,1,0
BRDA:98,8,0,0
BRDA:98,8,1,0
BRDA:103,9,0,0
BRDA:103,9,1,0
BRF:19
BRH:0
end_of_record
TN:
SF:src/components/alerts/AlertStats.tsx
FN:15,(anonymous_0)
FN:16,(anonymous_1)
FN:24,(anonymous_2)
FN:33,(anonymous_3)
FN:35,(anonymous_4)
FN:36,(anonymous_5)
FN:40,(anonymous_6)
FN:42,(anonymous_7)
FN:43,(anonymous_8)
FN:55,(anonymous_9)
FN:69,(anonymous_10)
FN:143,(anonymous_11)
FN:169,(anonymous_12)
FN:199,(anonymous_13)
FNF:14
FNH:0
FNDA:0,(anonymous_0)
FNDA:0,(anonymous_1)
FNDA:0,(anonymous_2)
FNDA:0,(anonymous_3)
FNDA:0,(anonymous_4)
FNDA:0,(anonymous_5)
FNDA:0,(anonymous_6)
FNDA:0,(anonymous_7)
FNDA:0,(anonymous_8)
FNDA:0,(anonymous_9)
FNDA:0,(anonymous_10)
FNDA:0,(anonymous_11)
FNDA:0,(anonymous_12)
FNDA:0,(anonymous_13)
DA:15,0
DA:16,0
DA:17,0
DA:24,0
DA:25,0
DA:26,0
DA:30,0
DA:33,0
DA:34,0
DA:35,0
DA:36,0
DA:40,0
DA:41,0
DA:42,0
DA:44,0
DA:45,0
DA:46,0
DA:51,0
DA:52,0
DA:53,0
DA:55,0
DA:56,0
DA:57,0
DA:58,0
DA:59,0
DA:60,0
DA:61,0
DA:63,0
DA:64,0
DA:65,0
DA:66,0
DA:69,0
DA:70,0
DA:76,0
DA:79,0
DA:144,0
DA:170,0
DA:200,0
LF:38
LH:0
BRDA:25,0,0,0
BRDA:25,0,1,0
BRDA:44,1,0,0
BRDA:44,1,1,0
BRDA:45,2,0,0
BRDA:45,2,1,0
BRDA:56,3,0,0
BRDA:56,3,1,0
BRDA:63,4,0,0
BRDA:63,4,1,0
BRDA:64,5,0,0
BRDA:64,5,1,0
BRDA:65,6,0,0
BRDA:65,6,1,0
BRDA:76,7,0,0
BRDA:76,7,1,0
BRDA:150,8,0,0
BRDA:150,8,1,0
BRDA:167,9,0,0
BRDA:167,9,1,0
BRDA:197,10,0,0
BRDA:197,10,1,0
BRDA:231,11,0,0
BRDA:231,11,1,0
BRDA:237,12,0,0
BRDA:237,12,1,0
BRDA:247,13,0,0
BRDA:247,13,1,0
BRDA:254,14,0,0
BRDA:254,14,1,0
BRDA:293,15,0,0
BRDA:293,15,1,0
BRF:32
BRH:0
end_of_record
TN:
SF:src/constants/DefaultFeeds.ts
FN:16,(anonymous_0)
FNF:1
FNH:0
FNDA:0,(anonymous_0)
DA:3,0
DA:16,0
LF:2
LH:0
BRF:0
BRH:0
end_of_record
TN:
SF:src/controllers/FeedController.ts
FN:21,(anonymous_0)
FN:25,(anonymous_1)
FN:47,(anonymous_2)
FN:48,(anonymous_3)
FN:67,(anonymous_4)
FN:72,(anonymous_5)
FN:87,(anonymous_6)
FN:101,(anonymous_7)
FN:106,(anonymous_8)
FN:115,(anonymous_9)
FN:117,(anonymous_10)
FNF:11
FNH:0
FNDA:0,(anonymous_0)
FNDA:0,(anonymous_1)
FNDA:0,(anonymous_2)
FNDA:0,(anonymous_3)
FNDA:0,(anonymous_4)
FNDA:0,(anonymous_5)
FNDA:0,(anonymous_6)
FNDA:0,(anonymous_7)
FNDA:0,(anonymous_8)
FNDA:0,(anonymous_9)
FNDA:0,(anonymous_10)
DA:22,0
DA:23,0
DA:26,0
DA:27,0
DA:28,0
DA:29,0
DA:30,0
DA:33,0
DA:34,0
DA:35,0
DA:36,0
DA:37,0
DA:38,0
DA:40,0
DA:42,0
DA:43,0
DA:48,0
DA:61,0
DA:68,0
DA:69,0
DA:73,0
DA:74,0
DA:75,0
DA:76,0
DA:77,0
DA:79,0
DA:80,0
DA:82,0
DA:83,0
DA:88,0
DA:89,0
DA:90,0
DA:91,0
DA:92,0
DA:94,0
DA:95,0
DA:98,0
DA:102,0
DA:103,0
DA:107,0
DA:108,0
DA:109,0
DA:111,0
DA:116,0
DA:117,0
DA:118,0
DA:120,0
LF:47
LH:0
BRDA:28,0,0,0
BRDA:28,0,1,0
BRDA:35,1,0,0
BRDA:35,1,1,0
BRDA:53,2,0,0
BRDA:53,2,1,0
BRDA:54,3,0,0
BRDA:54,3,1,0
BRDA:75,4,0,0
BRDA:75,4,1,0
BRDA:89,5,0,0
BRDA:89,5,1,0
BRDA:91,6,0,0
BRDA:91,6,1,0
BRDA:107,7,0,0
BRDA:107,7,1,0
BRF:16
BRH:0
end_of_record
TN:
SF:src/helpers/htmlHelper.ts
FN:1,(anonymous_0)
FN:17,(anonymous_1)
FN:32,(anonymous_2)
FN:36,(anonymous_3)
FN:45,(anonymous_4)
FN:54,(anonymous_5)
FN:55,(anonymous_6)
FN:58,(anonymous_7)
FN:70,(anonymous_8)
FN:72,(anonymous_9)
FN:82,(anonymous_10)
FN:86,(anonymous_11)
FN:88,(anonymous_12)
FN:97,(anonymous_13)
FN:101,(anonymous_14)
FN:106,(anonymous_15)
FNF:16
FNH:0
FNDA:0,(anonymous_0)
FNDA:0,(anonymous_1)
FNDA:0,(anonymous_2)
FNDA:0,(anonymous_3)
FNDA:0,(anonymous_4)
FNDA:0,(anonymous_5)
FNDA:0,(anonymous_6)
FNDA:0,(anonymous_7)
FNDA:0,(anonymous_8)
FNDA:0,(anonymous_9)
FNDA:0,(anonymous_10)
FNDA:0,(anonymous_11)
FNDA:0,(anonymous_12)
FNDA:0,(anonymous_13)
FNDA:0,(anonymous_14)
FNDA:0,(anonymous_15)
DA:1,0
DA:2,0
DA:3,0
DA:5,0
DA:6,0
DA:8,0
DA:9,0
DA:12,0
DA:13,0
DA:17,0
DA:18,0
DA:19,0
DA:20,0
DA:21,0
DA:23,0
DA:24,0
DA:27,0
DA:28,0
DA:32,0
DA:33,0
DA:34,0
DA:36,0
DA:37,0
DA:38,0
DA:42,0
DA:45,0
DA:46,0
DA:47,0
DA:48,0
DA:50,0
DA:54,0
DA:55,0
DA:58,0
DA:59,0
DA:60,0
DA:61,0
DA:62,0
DA:63,0
DA:64,0
DA:67,0
DA:70,0
DA:71,0
DA:72,0
DA:74,0
DA:75,0
DA:77,0
DA:78,0
DA:82,0
DA:83,0
DA:84,0
DA:86,0
DA:87,0
DA:88,0
DA:89,0
DA:91,0
DA:94,0
DA:97,0
DA:98,0
DA:101,0
DA:102,0
DA:106,0
DA:107,0
DA:108,0
DA:110,0
DA:111,0
DA:113,0
DA:114,0
DA:117,0
DA:118,0
LF:69
LH:0
BRDA:5,0,0,0
BRDA:5,0,1,0
BRDA:6,1,0,0
BRDA:6,1,1,0
BRDA:20,2,0,0
BRDA:20,2,1,0
BRDA:37,3,0,0
BRDA:37,3,1,0
BRDA:47,4,0,0
BRDA:47,4,1,0
BRDA:62,5,0,0
BRDA:62,5,1,0
BRDA:67,6,0,0
BRDA:67,6,1,0
BRDA:74,7,0,0
BRDA:74,7,1,0
BRDA:75,8,0,0
BRDA:75,8,1,0
BRDA:110,9,0,0
BRDA:110,9,1,0
BRDA:111,10,0,0
BRDA:111,10,1,0
BRF:22
BRH:0
end_of_record
TN:
SF:src/helpers/jsonHelper.ts
FN:1,(anonymous_0)
FN:15,(anonymous_1)
FNF:2
FNH:0
FNDA:0,(anonymous_0)
FNDA:0,(anonymous_1)
DA:1,0
DA:2,0
DA:3,0
DA:4,0
DA:6,0
DA:7,0
DA:10,0
DA:11,0
DA:15,0
DA:16,0
DA:17,0
DA:18,0
DA:20,0
DA:21,0
DA:24,0
DA:25,0
LF:16
LH:0
BRDA:3,0,0,0
BRDA:3,0,1,0
BRDA:3,1,0,0
BRDA:3,1,1,0
BRDA:17,2,0,0
BRDA:17,2,1,0
BRDA:17,3,0,0
BRDA:17,3,1,0
BRDA:17,3,2,0
BRF:9
BRH:0
end_of_record
TN:
SF:src/helpers/txtHelper.ts
FN:12,(anonymous_0)
FN:16,(anonymous_1)
FN:27,(anonymous_2)
FNF:3
FNH:0
FNDA:0,(anonymous_0)
FNDA:0,(anonymous_1)
FNDA:0,(anonymous_2)
DA:12,0
DA:13,0
DA:14,0
DA:16,0
DA:17,0
DA:18,0
DA:19,0
DA:28,0
DA:29,0
DA:32,0
DA:36,0
LF:11
LH:0
BRDA:18,0,0,0
BRDA:18,0,1,0
BRDA:25,1,0,0
BRDA:25,1,1,0
BRDA:26,2,0,0
BRDA:26,2,1,0
BRDA:27,3,0,0
BRDA:27,3,1,0
BRF:8
BRH:0
end_of_record
TN:
SF:src/helpers/xmlHelper.ts
FN:1,(anonymous_0)
FN:17,(anonymous_1)
FN:39,(anonymous_2)
FN:40,(anonymous_3)
FN:43,(anonymous_4)
FN:52,(anonymous_5)
FN:56,(anonymous_6)
FN:65,(anonymous_7)
FN:77,(anonymous_8)
FN:79,(anonymous_9)
FN:89,(anonymous_10)
FN:93,(anonymous_11)
FN:95,(anonymous_12)
FN:104,(anonymous_13)
FN:108,(anonymous_14)
FN:113,(anonymous_15)
FNF:16
FNH:0
FNDA:0,(anonymous_0)
FNDA:0,(anonymous_1)
FNDA:0,(anonymous_2)
FNDA:0,(anonymous_3)
FNDA:0,(anonymous_4)
FNDA:0,(anonymous_5)
FNDA:0,(anonymous_6)
FNDA:0,(anonymous_7)
FNDA:0,(anonymous_8)
FNDA:0,(anonymous_9)
FNDA:0,(anonymous_10)
FNDA:0,(anonymous_11)
FNDA:0,(anonymous_12)
FNDA:0,(anonymous_13)
FNDA:0,(anonymous_14)
FNDA:0,(anonymous_15)
DA:1,0
DA:2,0
DA:3,0
DA:5,0
DA:6,0
DA:8,0
DA:9,0
DA:12,0
DA:13,0
DA:17,0
DA:18,0
DA:19,0
DA:21,0
DA:22,0
DA:23,0
DA:24,0
DA:26,0
DA:27,0
DA:30,0
DA:31,0
DA:34,0
DA:35,0
DA:39,0
DA:40,0
DA:43,0
DA:44,0
DA:45,0
DA:46,0
DA:48,0
DA:52,0
DA:53,0
DA:54,0
DA:56,0
DA:57,0
DA:58,0
DA:62,0
DA:65,0
DA:66,0
DA:67,0
DA:68,0
DA:69,0
DA:70,0
DA:71,0
DA:74,0
DA:77,0
DA:78,0
DA:79,0
DA:81,0
DA:82,0
DA:84,0
DA:85,0
DA:89,0
DA:90,0
DA:91,0
DA:93,0
DA:94,0
DA:95,0
DA:96,0
DA:98,0
DA:101,0
DA:104,0
DA:105,0
DA:108,0
DA:109,0
DA:113,0
DA:114,0
DA:115,0
DA:117,0
DA:118,0
DA:120,0
DA:121,0
DA:124,0
DA:125,0
LF:73
LH:0
BRDA:5,0,0,0
BRDA:5,0,1,0
BRDA:6,1,0,0
BRDA:6,1,1,0
BRDA:21,2,0,0
BRDA:21,2,1,0
BRDA:23,3,0,0
BRDA:23,3,1,0
BRDA:45,4,0,0
BRDA:45,4,1,0
BRDA:57,5,0,0
BRDA:57,5,1,0
BRDA:69,6,0,0
BRDA:69,6,1,0
BRDA:74,7,0,0
BRDA:74,7,1,0
BRDA:81,8,0,0
BRDA:81,8,1,0
BRDA:82,9,0,0
BRDA:82,9,1,0
BRDA:105,10,0,0
BRDA:105,10,1,0
BRDA:117,11,0,0
BRDA:117,11,1,0
BRDA:118,12,0,0
BRDA:118,12,1,0
BRF:26
BRH:0
end_of_record
TN:
SF:src/hooks/alerts/useAlerts.ts
FN:43,(anonymous_0)
FN:59,(anonymous_1)
FN:60,(anonymous_2)
FN:77,(anonymous_3)
FN:89,(anonymous_4)
FN:101,(anonymous_5)
FN:115,(anonymous_6)
FN:129,(anonymous_7)
FN:143,(anonymous_8)
FN:153,(anonymous_9)
FN:163,(anonymous_10)
FN:173,(anonymous_11)
FN:183,(anonymous_12)
FN:197,(anonymous_13)
FN:200,(anonymous_14)
FN:215,(anonymous_15)
FNF:16
FNH:0
FNDA:0,(anonymous_0)
FNDA:0,(anonymous_1)
FNDA:0,(anonymous_2)
FNDA:0,(anonymous_3)
FNDA:0,(anonymous_4)
FNDA:0,(anonymous_5)
FNDA:0,(anonymous_6)
FNDA:0,(anonymous_7)
FNDA:0,(anonymous_8)
FNDA:0,(anonymous_9)
FNDA:0,(anonymous_10)
FNDA:0,(anonymous_11)
FNDA:0,(anonymous_12)
FNDA:0,(anonymous_13)
FNDA:0,(anonymous_14)
FNDA:0,(anonymous_15)
DA:43,0
DA:44,0
DA:45,0
DA:46,0
DA:47,0
DA:53,0
DA:54,0
DA:56,0
DA:59,0
DA:60,0
DA:61,0
DA:62,0
DA:63,0
DA:64,0
DA:65,0
DA:67,0
DA:69,0
DA:73,0
DA:77,0
DA:78,0
DA:79,0
DA:80,0
DA:81,0
DA:82,0
DA:84,0
DA:89,0
DA:90,0
DA:91,0
DA:92,0
DA:93,0
DA:95,0
DA:96,0
DA:101,0
DA:102,0
DA:103,0
DA:104,0
DA:105,0
DA:107,0
DA:109,0
DA:110,0
DA:115,0
DA:116,0
DA:117,0
DA:118,0
DA:119,0
DA:121,0
DA:123,0
DA:124,0
DA:129,0
DA:130,0
DA:131,0
DA:132,0
DA:133,0
DA:135,0
DA:137,0
DA:138,0
DA:143,0
DA:144,0
DA:145,0
DA:146,0
DA:148,0
DA:153,0
DA:154,0
DA:155,0
DA:156,0
DA:158,0
DA:163,0
DA:164,0
DA:165,0
DA:167,0
DA:168,0
DA:173,0
DA:174,0
DA:175,0
DA:176,0
DA:178,0
DA:183,0
DA:184,0
DA:185,0
DA:186,0
DA:187,0
DA:189,0
DA:191,0
DA:192,0
DA:197,0
DA:198,0
DA:200,0
DA:201,0
DA:205,0
DA:210,0
DA:215,0
DA:216,0
DA:217,0
DA:218,0
DA:219,0
DA:221,0
DA:223,0
DA:224,0
DA:228,0
LF:99
LH:0
BRDA:67,0,0,0
BRDA:67,0,1,0
BRDA:84,1,0,0
BRDA:84,1,1,0
BRDA:95,2,0,0
BRDA:95,2,1,0
BRDA:104,3,0,0
BRDA:104,3,1,0
BRDA:109,4,0,0
BRDA:109,4,1,0
BRDA:118,5,0,0
BRDA:118,5,1,0
BRDA:123,6,0,0
BRDA:123,6,1,0
BRDA:132,7,0,0
BRDA:132,7,1,0
BRDA:137,8,0,0
BRDA:137,8,1,0
BRDA:148,9,0,0
BRDA:148,9,1,0
BRDA:158,10,0,0
BRDA:158,10,1,0
BRDA:167,11,0,0
BRDA:167,11,1,0
BRDA:178,12,0,0
BRDA:178,12,1,0
BRDA:186,13,0,0
BRDA:186,13,1,0
BRDA:191,14,0,0
BRDA:191,14,1,0
BRDA:201,15,0,0
BRDA:201,15,1,0
BRDA:210,16,0,0
BRDA:210,16,1,0
BRDA:218,17,0,0
BRDA:218,17,1,0
BRDA:223,18,0,0
BRDA:223,18,1,0
BRF:38
BRH:0
end_of_record
TN:
SF:src/pages/FeedPage.tsx
FN:5,(anonymous_0)
FN:11,(anonymous_1)
FN:12,(anonymous_2)
FN:53,(anonymous_3)
FNF:4
FNH:0
FNDA:0,(anonymous_0)
FNDA:0,(anonymous_1)
FNDA:0,(anonymous_2)
FNDA:0,(anonymous_3)
DA:5,0
DA:6,0
DA:7,0
DA:8,0
DA:9,0
DA:11,0
DA:12,0
DA:13,0
DA:14,0
DA:15,0
DA:16,0
DA:17,0
DA:18,0
DA:19,0
DA:21,0
DA:24,0
DA:27,0
DA:28,0
DA:30,0
DA:33,0
DA:36,0
DA:37,0
DA:40,0
DA:41,0
DA:44,0
DA:45,0
DA:48,0
DA:53,0
LF:28
LH:0
BRDA:16,0,0,0
BRDA:16,0,1,0
BRDA:18,1,0,0
BRDA:18,1,1,0
BRDA:36,2,0,0
BRDA:36,2,1,0
BRDA:40,3,0,0
BRDA:40,3,1,0
BRDA:44,4,0,0
BRDA:44,4,1,0
BRDA:52,5,0,0
BRDA:52,5,1,0
BRDA:58,6,0,0
BRDA:58,6,1,0
BRDA:59,7,0,0
BRDA:59,7,1,0
BRF:16
BRH:0
end_of_record
TN:
SF:src/pages/HomePage.tsx
FN:9,(anonymous_0)
FN:12,(anonymous_1)
FN:16,(anonymous_2)
FNF:3
FNH:0
FNDA:0,(anonymous_0)
FNDA:0,(anonymous_1)
FNDA:0,(anonymous_2)
DA:9,0
DA:10,0
DA:12,0
DA:13,0
DA:16,0
DA:18,0
DA:24,0
DA:25,0
DA:26,0
DA:27,0
DA:28,0
DA:29,0
DA:30,0
DA:33,0
LF:14
LH:0
BRF:0
BRH:0
end_of_record
TN:
SF:src/pages/SettingsPage.tsx
FN:9,(anonymous_0)
FN:19,(anonymous_1)
FN:20,(anonymous_2)
FN:34,(anonymous_3)
FN:36,(anonymous_4)
FN:50,(anonymous_5)
FN:77,(anonymous_6)
FN:80,(anonymous_7)
FN:84,(anonymous_8)
FN:96,(anonymous_9)
FN:98,(anonymous_10)
FN:105,(anonymous_11)
FN:112,(anonymous_12)
FN:139,(anonymous_13)
FN:145,(anonymous_14)
FN:162,(anonymous_15)
FN:169,(anonymous_16)
FN:171,(anonymous_17)
FN:172,(anonymous_18)
FN:180,(anonymous_19)
FN:186,(anonymous_20)
FN:192,(anonymous_21)
FN:197,(anonymous_22)
FN:201,(anonymous_23)
FNF:24
FNH:0
FNDA:0,(anonymous_0)
FNDA:0,(anonymous_1)
FNDA:0,(anonymous_2)
FNDA:0,(anonymous_3)
FNDA:0,(anonymous_4)
FNDA:0,(anonymous_5)
FNDA:0,(anonymous_6)
FNDA:0,(anonymous_7)
FNDA:0,(anonymous_8)
FNDA:0,(anonymous_9)
FNDA:0,(anonymous_10)
FNDA:0,(anonymous_11)
FNDA:0,(anonymous_12)
FNDA:0,(anonymous_13)
FNDA:0,(anonymous_14)
FNDA:0,(anonymous_15)
FNDA:0,(anonymous_16)
FNDA:0,(anonymous_17)
FNDA:0,(anonymous_18)
FNDA:0,(anonymous_19)
FNDA:0,(anonymous_20)
FNDA:0,(anonymous_21)
FNDA:0,(anonymous_22)
FNDA:0,(anonymous_23)
DA:9,0
DA:10,0
DA:11,0
DA:12,0
DA:13,0
DA:14,0
DA:15,0
DA:16,0
DA:17,0
DA:19,0
DA:20,0
DA:21,0
DA:22,0
DA:23,0
DA:25,0
DA:26,0
DA:28,0
DA:31,0
DA:34,0
DA:35,0
DA:36,0
DA:37,0
DA:38,0
DA:39,0
DA:40,0
DA:42,0
DA:43,0
DA:46,0
DA:50,0
DA:51,0
DA:52,0
DA:53,0
DA:56,0
DA:57,0
DA:58,0
DA:61,0
DA:71,0
DA:72,0
DA:73,0
DA:74,0
DA:77,0
DA:78,0
DA:79,0
DA:80,0
DA:84,0
DA:85,0
DA:86,0
DA:90,0
DA:91,0
DA:92,0
DA:96,0
DA:97,0
DA:98,0
DA:99,0
DA:100,0
DA:101,0
DA:105,0
DA:106,0
DA:107,0
DA:108,0
DA:109,0
DA:112,0
DA:113,0
DA:114,0
DA:115,0
DA:116,0
DA:117,0
DA:120,0
DA:121,0
DA:124,0
DA:125,0
DA:128,0
DA:139,0
DA:145,0
DA:162,0
DA:170,0
DA:171,0
DA:172,0
DA:180,0
DA:186,0
DA:192,0
DA:198,0
DA:201,0
LF:83
LH:0
BRDA:35,0,0,0
BRDA:35,0,1,0
BRDA:51,1,0,0
BRDA:51,1,1,0
BRDA:51,2,0,0
BRDA:51,2,1,0
BRDA:56,3,0,0
BRDA:56,3,1,0
BRDA:66,4,0,0
BRDA:66,4,1,0
BRDA:67,5,0,0
BRDA:67,5,1,0
BRDA:78,6,0,0
BRDA:78,6,1,0
BRDA:85,7,0,0
BRDA:85,7,1,0
BRDA:99,8,0,0
BRDA:99,8,1,0
BRDA:120,9,0,0
BRDA:120,9,1,0
BRDA:124,10,0,0
BRDA:124,10,1,0
BRDA:138,11,0,0
BRDA:138,11,1,0
BRDA:144,12,0,0
BRDA:144,12,1,0
BRDA:153,13,0,0
BRDA:153,13,1,0
BRDA:178,14,0,0
BRDA:178,14,1,0
BRDA:185,15,0,0
BRDA:185,15,1,0
BRDA:191,16,0,0
BRDA:191,16,1,0
BRDA:211,17,0,0
BRDA:211,17,1,0
BRF:36
BRH:0
end_of_record
TN:
SF:src/parsers/htmlParser.ts
FN:4,(anonymous_0)
FN:8,(anonymous_1)
FN:33,(anonymous_2)
FN:37,(anonymous_3)
FN:48,(anonymous_4)
FNF:5
FNH:0
FNDA:0,(anonymous_0)
FNDA:0,(anonymous_1)
FNDA:0,(anonymous_2)
FNDA:0,(anonymous_3)
FNDA:0,(anonymous_4)
DA:4,0
DA:5,0
DA:6,0
DA:8,0
DA:9,0
DA:10,0
DA:24,0
DA:26,0
DA:30,0
DA:33,0
DA:34,0
DA:35,0
DA:37,0
DA:38,0
DA:39,0
DA:40,0
DA:41,0
DA:45,0
DA:48,0
DA:49,0
DA:50,0
DA:51,0
LF:22
LH:0
BRDA:40,0,0,0
BRDA:40,0,1,0
BRF:2
BRH:0
end_of_record
TN:
SF:src/parsers/jsonParser.ts
FN:4,(anonymous_0)
FN:8,(anonymous_1)
FN:21,(anonymous_2)
FN:32,(anonymous_3)
FNF:4
FNH:0
FNDA:0,(anonymous_0)
FNDA:0,(anonymous_1)
FNDA:0,(anonymous_2)
FNDA:0,(anonymous_3)
DA:4,0
DA:5,0
DA:6,0
DA:8,0
DA:9,0
DA:21,0
DA:26,0
DA:29,0
DA:32,0
DA:33,0
DA:34,0
DA:35,0
DA:37,0
DA:38,0
LF:14
LH:0
BRF:0
BRH:0
end_of_record
TN:
SF:src/parsers/txtParser.ts
FN:4,(anonymous_0)
FN:8,(anonymous_1)
FN:29,(anonymous_2)
FNF:3
FNH:0
FNDA:0,(anonymous_0)
FNDA:0,(anonymous_1)
FNDA:0,(anonymous_2)
DA:4,0
DA:5,0
DA:6,0
DA:8,0
DA:9,0
DA:23,0
DA:26,0
DA:29,0
DA:30,0
LF:9
LH:0
BRDA:13,0,0,0
BRDA:13,0,1,0
BRDA:14,1,0,0
BRDA:14,1,1,0
BRDA:15,2,0,0
BRDA:15,2,1,0
BRDA:16,3,0,0
BRDA:16,3,1,0
BRDA:17,4,0,0
BRDA:17,4,1,0
BRDA:19,5,0,0
BRDA:19,5,1,0
BRDA:20,6,0,0
BRDA:20,6,1,0
BRDA:21,7,0,0
BRDA:21,7,1,0
BRF:16
BRH:0
end_of_record
TN:
SF:src/parsers/xmlParser.ts
FN:4,(anonymous_0)
FN:8,(anonymous_1)
FN:29,(anonymous_2)
FN:33,(anonymous_3)
FN:44,(anonymous_4)
FNF:5
FNH:0
FNDA:0,(anonymous_0)
FNDA:0,(anonymous_1)
FNDA:0,(anonymous_2)
FNDA:0,(anonymous_3)
FNDA:0,(anonymous_4)
DA:4,0
DA:5,0
DA:6,0
DA:8,0
DA:9,0
DA:23,0
DA:26,0
DA:29,0
DA:30,0
DA:31,0
DA:33,0
DA:34,0
DA:35,0
DA:36,0
DA:37,0
DA:41,0
DA:44,0
DA:45,0
DA:46,0
DA:47,0
LF:20
LH:0
BRDA:36,0,0,0
BRDA:36,0,1,0
BRF:2
BRH:0
end_of_record
TN:
SF:src/routes/AppRoutes.tsx
FN:7,(anonymous_0)
FNF:1
FNH:0
FNDA:0,(anonymous_0)
DA:7,0
DA:8,0
LF:2
LH:0
BRF:0
BRH:0
end_of_record
TN:
SF:src/services/FeedService.ts
FN:15,(anonymous_0)
FN:21,(anonymous_1)
FN:38,(anonymous_2)
FN:55,(anonymous_3)
FN:65,(anonymous_4)
FN:75,(anonymous_5)
FN:79,(anonymous_6)
FN:88,(anonymous_7)
FN:94,(anonymous_8)
FN:99,(anonymous_9)
FN:111,(anonymous_10)
FN:114,(anonymous_11)
FN:123,(anonymous_12)
FN:126,(anonymous_13)
FN:135,(anonymous_14)
FN:145,(anonymous_15)
FN:155,(anonymous_16)
FN:158,(anonymous_17)
FN:165,(anonymous_18)
FN:168,(anonymous_19)
FN:175,(anonymous_20)
FN:185,(anonymous_21)
FN:188,(anonymous_22)
FN:195,(anonymous_23)
FN:221,(anonymous_24)
FNF:25
FNH:0
FNDA:0,(anonymous_0)
FNDA:0,(anonymous_1)
FNDA:0,(anonymous_2)
FNDA:0,(anonymous_3)
FNDA:0,(anonymous_4)
FNDA:0,(anonymous_5)
FNDA:0,(anonymous_6)
FNDA:0,(anonymous_7)
FNDA:0,(anonymous_8)
FNDA:0,(anonymous_9)
FNDA:0,(anonymous_10)
FNDA:0,(anonymous_11)
FNDA:0,(anonymous_12)
FNDA:0,(anonymous_13)
FNDA:0,(anonymous_14)
FNDA:0,(anonymous_15)
FNDA:0,(anonymous_16)
FNDA:0,(anonymous_17)
FNDA:0,(anonymous_18)
FNDA:0,(anonymous_19)
FNDA:0,(anonymous_20)
FNDA:0,(anonymous_21)
FNDA:0,(anonymous_22)
FNDA:0,(anonymous_23)
FNDA:0,(anonymous_24)
DA:10,0
DA:11,0
DA:12,0
DA:13,0
DA:16,0
DA:17,0
DA:18,0
DA:22,0
DA:23,0
DA:24,0
DA:25,0
DA:26,0
DA:28,0
DA:31,0
DA:32,0
DA:33,0
DA:34,0
DA:39,0
DA:40,0
DA:41,0
DA:42,0
DA:43,0
DA:45,0
DA:48,0
DA:49,0
DA:50,0
DA:51,0
DA:56,0
DA:57,0
DA:58,0
DA:59,0
DA:61,0
DA:66,0
DA:67,0
DA:68,0
DA:69,0
DA:71,0
DA:76,0
DA:80,0
DA:81,0
DA:82,0
DA:83,0
DA:84,0
DA:85,0
DA:89,0
DA:95,0
DA:96,0
DA:100,0
DA:101,0
DA:102,0
DA:103,0
DA:104,0
DA:106,0
DA:107,0
DA:112,0
DA:113,0
DA:114,0
DA:115,0
DA:116,0
DA:118,0
DA:119,0
DA:124,0
DA:125,0
DA:126,0
DA:127,0
DA:128,0
DA:130,0
DA:131,0
DA:136,0
DA:137,0
DA:138,0
DA:139,0
DA:141,0
DA:146,0
DA:147,0
DA:148,0
DA:149,0
DA:151,0
DA:156,0
DA:157,0
DA:158,0
DA:159,0
DA:161,0
DA:166,0
DA:167,0
DA:168,0
DA:169,0
DA:171,0
DA:176,0
DA:177,0
DA:178,0
DA:179,0
DA:181,0
DA:186,0
DA:187,0
DA:188,0
DA:189,0
DA:191,0
DA:196,0
DA:197,0
DA:199,0
DA:200,0
DA:201,0
DA:202,0
DA:203,0
DA:204,0
DA:205,0
DA:207,0
DA:208,0
DA:211,0
DA:212,0
DA:216,0
DA:217,0
DA:218,0
DA:222,0
LF:115
LH:0
BRDA:25,0,0,0
BRDA:25,0,1,0
BRDA:25,1,0,0
BRDA:25,1,1,0
BRDA:42,2,0,0
BRDA:42,2,1,0
BRDA:42,3,0,0
BRDA:42,3,1,0
BRDA:168,4,0,0
BRDA:168,4,1,0
BRDA:203,5,0,0
BRDA:203,5,1,0
BRF:12
BRH:0
end_of_record
TN:
SF:src/services/alerts/AlertService.ts
FN:7,(anonymous_0)
FN:14,(anonymous_1)
FN:43,(anonymous_2)
FN:48,(anonymous_3)
FN:58,(anonymous_4)
FN:66,(anonymous_5)
FN:75,(anonymous_6)
FN:80,(anonymous_7)
FN:95,(anonymous_8)
FN:106,(anonymous_9)
FN:111,(anonymous_10)
FN:125,(anonymous_11)
FN:129,(anonymous_12)
FN:141,(anonymous_13)
FN:158,(anonymous_14)
FN:159,(anonymous_15)
FN:170,(anonymous_16)
FN:171,(anonymous_17)
FN:182,(anonymous_18)
FN:189,(anonymous_19)
FN:190,(anonymous_20)
FN:196,(anonymous_21)
FN:197,(anonymous_22)
FN:208,(anonymous_23)
FN:210,(anonymous_24)
FN:259,(anonymous_25)
FN:302,(anonymous_26)
FN:309,(anonymous_27)
FN:315,(anonymous_28)
FN:320,(anonymous_29)
FN:336,(anonymous_30)
FN:343,(anonymous_31)
FN:344,(anonymous_32)
FN:355,(anonymous_33)
FN:377,(anonymous_34)
FN:395,(anonymous_35)
FN:408,(anonymous_36)
FN:421,(anonymous_37)
FN:428,(anonymous_38)
FN:435,(anonymous_39)
FN:442,(anonymous_40)
FN:446,(anonymous_41)
FN:449,(anonymous_42)
FN:457,(anonymous_43)
FN:459,(anonymous_44)
FN:469,(anonymous_45)
FN:470,(anonymous_46)
FN:484,(anonymous_47)
FN:491,(anonymous_48)
FN:500,(anonymous_49)
FN:538,(anonymous_50)
FN:562,(anonymous_51)
FN:570,(anonymous_52)
FN:577,(anonymous_53)
FN:579,(anonymous_54)
FN:590,(anonymous_55)
FN:620,(anonymous_56)
FNF:57
FNH:36
FNDA:1,(anonymous_0)
FNDA:1,(anonymous_1)
FNDA:1,(anonymous_2)
FNDA:38,(anonymous_3)
FNDA:0,(anonymous_4)
FNDA:1,(anonymous_5)
FNDA:1,(anonymous_6)
FNDA:0,(anonymous_7)
FNDA:163,(anonymous_8)
FNDA:0,(anonymous_9)
FNDA:0,(anonymous_10)
FNDA:6,(anonymous_11)
FNDA:25,(anonymous_12)
FNDA:118,(anonymous_13)
FNDA:2,(anonymous_14)
FNDA:1,(anonymous_15)
FNDA:2,(anonymous_16)
FNDA:1,(anonymous_17)
FNDA:2,(anonymous_18)
FNDA:126,(anonymous_19)
FNDA:5129,(anonymous_20)
FNDA:0,(anonymous_21)
FNDA:0,(anonymous_22)
FNDA:9,(anonymous_23)
FNDA:110,(anonymous_24)
FNDA:109,(anonymous_25)
FNDA:109,(anonymous_26)
FNDA:113,(anonymous_27)
FNDA:0,(anonymous_28)
FNDA:0,(anonymous_29)
FNDA:6,(anonymous_30)
FNDA:6,(anonymous_31)
FNDA:56,(anonymous_32)
FNDA:6,(anonymous_33)
FNDA:0,(anonymous_34)
FNDA:0,(anonymous_35)
FNDA:0,(anonymous_36)
FNDA:0,(anonymous_37)
FNDA:0,(anonymous_38)
FNDA:0,(anonymous_39)
FNDA:0,(anonymous_40)
FNDA:0,(anonymous_41)
FNDA:0,(anonymous_42)
FNDA:0,(anonymous_43)
FNDA:0,(anonymous_44)
FNDA:0,(anonymous_45)
FNDA:0,(anonymous_46)
FNDA:118,(anonymous_47)
FNDA:6,(anonymous_48)
FNDA:118,(anonymous_49)
FNDA:2,(anonymous_50)
FNDA:37,(anonymous_51)
FNDA:36,(anonymous_52)
FNDA:2,(anonymous_53)
FNDA:1,(anonymous_54)
FNDA:9,(anonymous_55)
FNDA:1,(anonymous_56)
DA:7,1
DA:8,1
DA:9,1
DA:10,1
DA:11,1
DA:14,1
DA:15,1
DA:16,1
DA:17,1
DA:18,1
DA:35,1
DA:37,1
DA:38,1
DA:39,1
DA:40,1
DA:41,1
DA:44,1
DA:45,1
DA:49,38
DA:50,1
DA:52,38
DA:59,0
DA:60,0
DA:67,1
DA:68,0
DA:76,1
DA:77,1
DA:78,1
DA:79,0
DA:80,0
DA:87,0
DA:88,0
DA:96,163
DA:97,163
DA:99,0
DA:107,0
DA:108,0
DA:109,0
DA:110,0
DA:111,0
DA:117,0
DA:118,0
DA:126,6
DA:128,6
DA:129,25
DA:132,6
DA:134,0
DA:142,118
DA:149,118
DA:150,118
DA:152,118
DA:159,2
DA:160,2
DA:162,1
DA:163,1
DA:164,1
DA:171,2
DA:172,2
DA:174,1
DA:175,1
DA:176,1
DA:183,2
DA:190,5129
DA:197,0
DA:198,0
DA:200,0
DA:201,0
DA:202,0
DA:209,9
DA:210,110
DA:212,9
DA:213,109
DA:215,109
DA:216,109
DA:218,109
DA:220,6
DA:221,0
DA:222,0
DA:225,6
DA:241,6
DA:242,6
DA:243,6
DA:248,9
DA:249,6
DA:250,6
DA:253,9
DA:260,109
DA:263,109
DA:264,0
DA:268,109
DA:269,0
DA:270,0
DA:271,0
DA:276,109
DA:277,0
DA:278,0
DA:279,0
DA:280,0
DA:281,0
DA:283,0
DA:285,0
DA:286,0
DA:290,0
DA:291,0
DA:296,109
DA:303,109
DA:309,109
DA:310,113
DA:313,113
DA:314,0
DA:315,0
DA:318,113
DA:319,0
DA:320,0
DA:323,113
DA:324,0
DA:325,0
DA:329,113
DA:337,6
DA:344,56
DA:345,6
DA:346,6
DA:347,6
DA:348,6
DA:356,6
DA:359,6
DA:360,0
DA:361,0
DA:364,0
DA:377,0
DA:378,0
DA:379,0
DA:380,0
DA:385,6
DA:386,0
DA:396,0
DA:397,0
DA:398,0
DA:399,0
DA:401,0
DA:409,0
DA:415,0
DA:422,0
DA:429,0
DA:436,0
DA:443,0
DA:445,0
DA:446,0
DA:449,0
DA:451,0
DA:458,0
DA:459,0
DA:461,0
DA:463,0
DA:470,0
DA:471,0
DA:473,0
DA:474,0
DA:476,0
DA:477,0
DA:478,0
DA:485,118
DA:492,6
DA:501,118
DA:518,118
DA:519,118
DA:521,118
DA:539,2
DA:540,2
DA:542,1
DA:543,1
DA:545,1
DA:563,37
DA:564,37
DA:571,36
DA:578,2
DA:579,2
DA:580,1
DA:581,1
DA:582,1
DA:591,9
DA:592,9
DA:594,9
DA:595,6
DA:596,6
DA:598,6
DA:611,6
DA:619,9
DA:620,6
DA:621,1
DA:622,1
DA:624,0
DA:629,9
DA:633,1
LF:194
LH:116
BRDA:7,0,0,1
BRDA:7,0,1,1
BRDA:14,1,0,1
BRDA:14,1,1,1
BRDA:49,2,0,1
BRDA:49,2,1,37
BRDA:67,3,0,0
BRDA:67,3,1,1
BRDA:78,4,0,0
BRDA:78,4,1,1
BRDA:83,5,0,0
BRDA:83,5,1,0
BRDA:109,6,0,0
BRDA:109,6,1,0
BRDA:160,7,0,1
BRDA:160,7,1,1
BRDA:172,8,0,1
BRDA:172,8,1,1
BRDA:198,9,0,0
BRDA:198,9,1,0
BRDA:213,10,0,0
BRDA:213,10,1,109
BRDA:218,11,0,6
BRDA:218,11,1,103
BRDA:220,12,0,0
BRDA:220,12,1,6
BRDA:220,13,0,6
BRDA:220,13,1,6
BRDA:222,14,0,0
BRDA:222,14,1,0
BRDA:230,15,0,6
BRDA:230,15,1,0
BRDA:231,16,0,6
BRDA:231,16,1,0
BRDA:231,16,2,0
BRDA:232,17,0,6
BRDA:232,17,1,0
BRDA:232,17,2,0
BRDA:234,18,0,6
BRDA:234,18,1,0
BRDA:234,18,2,0
BRDA:248,19,0,6
BRDA:248,19,1,3
BRDA:263,20,0,0
BRDA:263,20,1,109
BRDA:263,21,0,109
BRDA:263,21,1,0
BRDA:268,22,0,0
BRDA:268,22,1,109
BRDA:268,23,0,109
BRDA:268,23,1,0
BRDA:270,24,0,0
BRDA:270,24,1,0
BRDA:276,25,0,0
BRDA:276,25,1,109
BRDA:283,26,0,0
BRDA:283,26,1,0
BRDA:285,27,0,0
BRDA:285,27,1,0
BRDA:285,28,0,0
BRDA:285,28,1,0
BRDA:290,29,0,0
BRDA:290,29,1,0
BRDA:290,30,0,0
BRDA:290,30,1,0
BRDA:304,31,0,109
BRDA:304,31,1,1
BRDA:305,32,0,109
BRDA:305,32,1,1
BRDA:305,32,2,1
BRDA:306,33,0,109
BRDA:306,33,1,109
BRDA:313,34,0,0
BRDA:313,34,1,113
BRDA:318,35,0,0
BRDA:318,35,1,113
BRDA:323,36,0,0
BRDA:323,36,1,113
BRDA:337,37,0,6
BRDA:337,37,1,6
BRDA:337,37,2,6
BRDA:337,37,3,6
BRDA:345,38,0,6
BRDA:345,38,1,0
BRDA:359,39,0,0
BRDA:359,39,1,6
BRDA:359,40,0,6
BRDA:359,40,1,6
BRDA:361,41,0,0
BRDA:361,41,1,0
BRDA:385,42,0,0
BRDA:385,42,1,6
BRDA:386,43,0,0
BRDA:386,43,1,0
BRDA:415,44,0,0
BRDA:415,44,1,0
BRDA:445,45,0,0
BRDA:445,45,1,0
BRDA:451,46,0,0
BRDA:451,46,1,0
BRDA:458,47,0,0
BRDA:458,47,1,0
BRDA:471,48,0,0
BRDA:471,48,1,0
BRDA:503,49,0,118
BRDA:503,49,1,1
BRDA:512,50,0,0
BRDA:512,50,1,118
BRDA:513,51,0,0
BRDA:513,51,1,118
BRDA:528,52,0,118
BRDA:528,52,1,0
BRDA:540,53,0,1
BRDA:540,53,1,1
BRDA:543,54,0,0
BRDA:543,54,1,1
BRDA:552,55,0,1
BRDA:552,55,1,0
BRDA:581,56,0,1
BRDA:581,56,1,0
BRDA:596,57,0,0
BRDA:596,57,1,6
BRDA:605,58,0,6
BRDA:605,58,1,0
BRDA:619,59,0,6
BRDA:619,59,1,3
BRF:126
BRH:62
end_of_record
TN:
SF:src/utils/LocalStorageUtil.ts
FN:2,(anonymous_0)
FN:22,(anonymous_1)
FN:36,(anonymous_2)
FN:44,(anonymous_3)
FN:52,(anonymous_4)
FNF:5
FNH:0
FNDA:0,(anonymous_0)
FNDA:0,(anonymous_1)
FNDA:0,(anonymous_2)
FNDA:0,(anonymous_3)
FNDA:0,(anonymous_4)
DA:3,0
DA:4,0
DA:5,0
DA:6,0
DA:9,0
DA:10,0
DA:11,0
DA:12,0
DA:15,0
DA:17,0
DA:18,0
DA:23,0
DA:24,0
DA:25,0
DA:26,0
DA:27,0
DA:28,0
DA:30,0
DA:32,0
DA:37,0
DA:38,0
DA:40,0
DA:45,0
DA:46,0
DA:48,0
DA:53,0
LF:26
LH:0
BRDA:5,0,0,0
BRDA:5,0,1,0
BRDA:10,1,0,0
BRDA:10,1,1,0
BRDA:10,2,0,0
BRDA:10,2,1,0
BRDA:15,3,0,0
BRDA:15,3,1,0
BRDA:25,4,0,0
BRDA:25,4,1,0
BRF:10
BRH:0
end_of_record
TN:
SF:src/utils/alertValidation.ts
FN:21,validateAlertForm
FN:55,sanitizeInput
FN:69,parseKeywords
FN:75,(anonymous_3)
FN:76,(anonymous_4)
FN:77,(anonymous_5)
FN:85,validateWebhookUrl
FN:102,(anonymous_7)
FN:119,validateEmail
FN:140,validateCompleteAlertForm
FN:147,(anonymous_10)
FNF:11
FNH:6
FNDA:3,validateAlertForm
FNDA:5,sanitizeInput
FNDA:8,parseKeywords
FNDA:26,(anonymous_3)
FNDA:26,(anonymous_4)
FNDA:23,(anonymous_5)
FNDA:0,validateWebhookUrl
FNDA:0,(anonymous_7)
FNDA:0,validateEmail
FNDA:0,validateCompleteAlertForm
FNDA:0,(anonymous_10)
DA:21,1
DA:22,3
DA:25,3
DA:26,1
DA:27,2
DA:28,1
DA:29,1
DA:30,0
DA:34,3
DA:35,1
DA:36,2
DA:37,0
DA:41,3
DA:42,3
DA:43,0
DA:46,3
DA:55,1
DA:56,5
DA:58,2
DA:69,1
DA:70,8
DA:73,7
DA:75,26
DA:76,26
DA:77,23
DA:79,7
DA:85,1
DA:86,0
DA:88,0
DA:89,0
DA:92,0
DA:93,0
DA:96,0
DA:97,0
DA:101,0
DA:102,0
DA:103,0
DA:107,0
DA:110,0
DA:119,1
DA:120,0
DA:122,0
DA:123,0
DA:126,0
DA:127,0
DA:128,0
DA:131,0
DA:140,1
DA:141,0
DA:147,0
DA:149,0
LF:51
LH:26
BRDA:25,0,0,1
BRDA:25,0,1,2
BRDA:25,1,0,3
BRDA:25,1,1,2
BRDA:27,2,0,1
BRDA:27,2,1,1
BRDA:29,3,0,0
BRDA:29,3,1,1
BRDA:34,4,0,1
BRDA:34,4,1,2
BRDA:34,5,0,3
BRDA:34,5,1,3
BRDA:36,6,0,0
BRDA:36,6,1,2
BRDA:42,7,0,0
BRDA:42,7,1,3
BRDA:42,8,0,3
BRDA:42,8,1,3
BRDA:56,9,0,3
BRDA:56,9,1,2
BRDA:70,10,0,1
BRDA:70,10,1,7
BRDA:70,11,0,8
BRDA:70,11,1,7
BRDA:76,12,0,26
BRDA:76,12,1,24
BRDA:88,13,0,0
BRDA:88,13,1,0
BRDA:96,14,0,0
BRDA:96,14,1,0
BRDA:102,15,0,0
BRDA:102,15,1,0
BRDA:122,16,0,0
BRDA:122,16,1,0
BRDA:127,17,0,0
BRDA:127,17,1,0
BRDA:143,18,0,0
BRDA:143,18,1,0
BRDA:144,19,0,0
BRDA:144,19,1,0
BRF:40
BRH:23
end_of_record
TN:
SF:src/utils/errorHandler.ts
FN:1,(anonymous_0)
FN:27,(anonymous_1)
FN:59,(anonymous_2)
FN:80,(anonymous_3)
FN:95,(anonymous_4)
FNF:5
FNH:5
FNDA:11,(anonymous_0)
FNDA:6,(anonymous_1)
FNDA:8,(anonymous_2)
FNDA:4,(anonymous_3)
FNDA:6,(anonymous_4)
DA:1,1
DA:2,11
DA:3,1
DA:4,10
DA:5,1
DA:6,9
DA:7,1
DA:8,8
DA:9,1
DA:10,7
DA:11,1
DA:12,6
DA:13,1
DA:14,5
DA:15,1
DA:16,4
DA:17,1
DA:18,3
DA:19,1
DA:20,2
DA:21,1
DA:23,1
DA:27,1
DA:28,6
DA:29,1
DA:30,5
DA:31,1
DA:32,4
DA:33,1
DA:34,3
DA:35,1
DA:36,2
DA:37,0
DA:38,2
DA:39,0
DA:40,2
DA:41,0
DA:42,2
DA:43,0
DA:44,2
DA:45,0
DA:46,2
DA:47,0
DA:48,2
DA:49,0
DA:50,2
DA:51,1
DA:52,1
DA:54,1
DA:55,1
DA:59,1
DA:60,8
DA:61,1
DA:62,7
DA:63,1
DA:64,6
DA:65,1
DA:66,5
DA:67,1
DA:68,4
DA:69,1
DA:70,3
DA:71,1
DA:72,2
DA:73,1
DA:75,1
DA:77,8
DA:80,1
DA:81,4
DA:82,1
DA:83,3
DA:84,1
DA:85,2
DA:86,0
DA:87,2
DA:88,1
DA:90,1
DA:92,4
DA:95,1
DA:96,6
DA:97,1
DA:98,5
DA:99,0
DA:100,5
DA:101,1
DA:102,4
DA:103,1
DA:104,3
DA:105,1
DA:106,2
DA:107,1
DA:109,1
DA:111,6
LF:93
LH:84
BRDA:2,0,0,1
BRDA:2,0,1,10
BRDA:4,1,0,1
BRDA:4,1,1,9
BRDA:6,2,0,1
BRDA:6,2,1,8
BRDA:8,3,0,1
BRDA:8,3,1,7
BRDA:10,4,0,1
BRDA:10,4,1,6
BRDA:12,5,0,1
BRDA:12,5,1,5
BRDA:14,6,0,1
BRDA:14,6,1,4
BRDA:16,7,0,1
BRDA:16,7,1,3
BRDA:18,8,0,1
BRDA:18,8,1,2
BRDA:20,9,0,1
BRDA:20,9,1,1
BRDA:28,10,0,1
BRDA:28,10,1,5
BRDA:30,11,0,1
BRDA:30,11,1,4
BRDA:32,12,0,1
BRDA:32,12,1,3
BRDA:34,13,0,1
BRDA:34,13,1,2
BRDA:36,14,0,0
BRDA:36,14,1,2
BRDA:38,15,0,0
BRDA:38,15,1,2
BRDA:40,16,0,0
BRDA:40,16,1,2
BRDA:42,17,0,0
BRDA:42,17,1,2
BRDA:44,18,0,0
BRDA:44,18,1,2
BRDA:46,19,0,0
BRDA:46,19,1,2
BRDA:48,20,0,0
BRDA:48,20,1,2
BRDA:50,21,0,1
BRDA:50,21,1,1
BRDA:60,22,0,1
BRDA:60,22,1,7
BRDA:62,23,0,1
BRDA:62,23,1,6
BRDA:64,24,0,1
BRDA:64,24,1,5
BRDA:66,25,0,1
BRDA:66,25,1,4
BRDA:68,26,0,1
BRDA:68,26,1,3
BRDA:70,27,0,1
BRDA:70,27,1,2
BRDA:72,28,0,1
BRDA:72,28,1,1
BRDA:81,29,0,1
BRDA:81,29,1,3
BRDA:83,30,0,1
BRDA:83,30,1,2
BRDA:85,31,0,0
BRDA:85,31,1,2
BRDA:87,32,0,1
BRDA:87,32,1,1
BRDA:96,33,0,1
BRDA:96,33,1,5
BRDA:98,34,0,0
BRDA:98,34,1,5
BRDA:100,35,0,1
BRDA:100,35,1,4
BRDA:102,36,0,1
BRDA:102,36,1,3
BRDA:104,37,0,1
BRDA:104,37,1,2
BRDA:106,38,0,1
BRDA:106,38,1,1
BRF:78
BRH:69
end_of_record
TN:
SF:src/utils/feedConversion.ts
FN:4,(anonymous_0)
FN:5,(anonymous_1)
FN:26,(anonymous_2)
FN:41,(anonymous_3)
FN:42,(anonymous_4)
FN:65,(anonymous_5)
FNF:6
FNH:0
FNDA:0,(anonymous_0)
FNDA:0,(anonymous_1)
FNDA:0,(anonymous_2)
FNDA:0,(anonymous_3)
FNDA:0,(anonymous_4)
FNDA:0,(anonymous_5)
DA:4,0
DA:5,0
DA:6,0
DA:22,0
DA:26,0
DA:27,0
DA:41,0
DA:42,0
DA:43,0
DA:61,0
DA:65,0
DA:66,0
LF:12
LH:0
BRDA:11,0,0,0
BRDA:11,0,1,0
BRDA:12,1,0,0
BRDA:12,1,1,0
BRDA:32,2,0,0
BRDA:32,2,1,0
BRDA:33,3,0,0
BRDA:33,3,1,0
BRF:8
BRH:0
end_of_record
TN:
SF:src/utils/fetchFeed.ts
FN:26,(anonymous_0)
FN:41,(anonymous_1)
FN:46,(anonymous_2)
FN:61,(anonymous_3)
FN:66,(anonymous_4)
FN:111,(anonymous_5)
FN:187,(anonymous_6)
FN:196,(anonymous_7)
FN:210,(anonymous_8)
FN:219,(anonymous_9)
FNF:10
FNH:0
FNDA:0,(anonymous_0)
FNDA:0,(anonymous_1)
FNDA:0,(anonymous_2)
FNDA:0,(anonymous_3)
FNDA:0,(anonymous_4)
FNDA:0,(anonymous_5)
FNDA:0,(anonymous_6)
FNDA:0,(anonymous_7)
FNDA:0,(anonymous_8)
FNDA:0,(anonymous_9)
DA:12,0
DA:26,0
DA:28,0
DA:29,0
DA:33,0
DA:34,0
DA:38,0
DA:41,0
DA:42,0
DA:46,0
DA:47,0
DA:48,0
DA:49,0
DA:50,0
DA:51,0
DA:53,0
DA:55,0
DA:56,0
DA:58,0
DA:61,0
DA:63,0
DA:66,0
DA:67,0
DA:69,0
DA:71,0
DA:72,0
DA:74,0
DA:75,0
DA:78,0
DA:80,0
DA:83,0
DA:84,0
DA:85,0
DA:86,0
DA:88,0
DA:96,0
DA:97,0
DA:98,0
DA:101,0
DA:102,0
DA:107,0
DA:111,0
DA:112,0
DA:113,0
DA:114,0
DA:122,0
DA:123,0
DA:126,0
DA:127,0
DA:128,0
DA:130,0
DA:131,0
DA:132,0
DA:133,0
DA:134,0
DA:136,0
DA:137,0
DA:138,0
DA:139,0
DA:140,0
DA:142,0
DA:143,0
DA:144,0
DA:145,0
DA:146,0
DA:148,0
DA:149,0
DA:150,0
DA:151,0
DA:152,0
DA:153,0
DA:155,0
DA:156,0
DA:157,0
DA:158,0
DA:159,0
DA:161,0
DA:162,0
DA:163,0
DA:165,0
DA:168,0
DA:170,0
DA:175,0
DA:176,0
DA:178,0
DA:179,0
DA:181,0
DA:187,0
DA:188,0
DA:189,0
DA:190,0
DA:192,0
DA:196,0
DA:197,0
DA:198,0
DA:199,0
DA:200,0
DA:201,0
DA:203,0
DA:205,0
DA:206,0
DA:210,0
DA:212,0
DA:213,0
DA:214,0
DA:216,0
DA:219,0
DA:220,0
DA:221,0
DA:222,0
DA:225,0
DA:226,0
DA:227,0
DA:229,0
LF:114
LH:0
BRDA:22,0,0,0
BRDA:22,0,1,0
BRDA:28,1,0,0
BRDA:28,1,1,0
BRDA:28,2,0,0
BRDA:28,2,1,0
BRDA:33,3,0,0
BRDA:33,3,1,0
BRDA:46,4,0,0
BRDA:46,5,0,0
BRDA:50,6,0,0
BRDA:50,6,1,0
BRDA:55,7,0,0
BRDA:55,7,1,0
BRDA:55,8,0,0
BRDA:55,8,1,0
BRDA:74,9,0,0
BRDA:74,9,1,0
BRDA:96,10,0,0
BRDA:96,10,1,0
BRDA:122,11,0,0
BRDA:122,11,1,0
BRDA:131,12,0,0
BRDA:131,12,1,0
BRDA:131,13,0,0
BRDA:131,13,1,0
BRDA:131,13,2,0
BRDA:132,14,0,0
BRDA:132,14,1,0
BRDA:138,15,0,0
BRDA:138,15,1,0
BRDA:143,16,0,0
BRDA:143,16,1,0
BRDA:143,17,0,0
BRDA:143,17,1,0
BRDA:144,18,0,0
BRDA:144,18,1,0
BRDA:150,19,0,0
BRDA:150,19,1,0
BRDA:150,20,0,0
BRDA:150,20,1,0
BRDA:151,21,0,0
BRDA:151,21,1,0
BRDA:156,22,0,0
BRDA:156,22,1,0
BRDA:156,23,0,0
BRDA:156,23,1,0
BRDA:157,24,0,0
BRDA:157,24,1,0
BRDA:175,25,0,0
BRDA:175,25,1,0
BRDA:175,26,0,0
BRDA:175,26,1,0
BRDA:199,27,0,0
BRDA:199,27,1,0
BRDA:212,28,0,0
BRDA:212,28,1,0
BRDA:212,29,0,0
BRDA:212,29,1,0
BRDA:212,29,2,0
BRDA:221,30,0,0
BRDA:221,30,1,0
BRDA:221,31,0,0
BRDA:221,31,1,0
BRDA:226,32,0,0
BRDA:226,32,1,0
BRF:66
BRH:0
end_of_record
TN:
SF:src/utils/rssUtils.ts
FN:27,validateRSSFeed
FN:46,(anonymous_1)
FN:60,validateRSSItem
FN:96,sanitizeRSSFeed
FN:109,sanitizeRSSItem
FN:124,parseRSSDate
FN:154,extractKeywords
FN:172,(anonymous_7)
FN:181,isValidUrl
FN:193,isValidDate
FN:200,sanitizeText
FN:219,sanitizeUrl
FNF:12
FNH:12
FNDA:7,validateRSSFeed
FNDA:4,(anonymous_1)
FNDA:12,validateRSSItem
FNDA:2,sanitizeRSSFeed
FNDA:4,sanitizeRSSItem
FNDA:18,parseRSSDate
FNDA:5,extractKeywords
FNDA:60,(anonymous_7)
FNDA:15,isValidUrl
FNDA:10,isValidDate
FNDA:16,sanitizeText
FNDA:6,sanitizeUrl
DA:27,1
DA:28,7
DA:30,7
DA:31,2
DA:32,2
DA:35,5
DA:36,1
DA:39,5
DA:40,1
DA:43,5
DA:44,1
DA:46,4
DA:47,4
DA:48,4
DA:49,1
DA:54,5
DA:60,1
DA:61,12
DA:63,12
DA:64,2
DA:65,2
DA:68,10
DA:69,2
DA:72,10
DA:73,1
DA:76,10
DA:77,0
DA:80,10
DA:81,0
DA:82,10
DA:83,1
DA:86,10
DA:87,1
DA:90,10
DA:96,1
DA:97,2
DA:109,1
DA:110,4
DA:124,1
DA:125,18
DA:126,2
DA:130,16
DA:139,16
DA:140,16
DA:141,16
DA:142,14
DA:148,2
DA:154,1
DA:155,5
DA:158,5
DA:165,5
DA:171,5
DA:172,60
DA:175,5
DA:182,15
DA:183,15
DA:184,13
DA:186,2
DA:194,10
DA:201,16
DA:202,0
DA:205,16
DA:220,6
DA:221,0
DA:224,6
DA:225,6
DA:227,6
DA:228,0
DA:230,6
DA:232,0
LF:70
LH:64
BRDA:30,0,0,2
BRDA:30,0,1,5
BRDA:30,1,0,7
BRDA:30,1,1,5
BRDA:35,2,0,1
BRDA:35,2,1,4
BRDA:35,3,0,5
BRDA:35,3,1,4
BRDA:35,3,2,4
BRDA:39,4,0,1
BRDA:39,4,1,4
BRDA:39,5,0,5
BRDA:39,5,1,5
BRDA:39,5,2,5
BRDA:43,6,0,1
BRDA:43,6,1,4
BRDA:48,7,0,1
BRDA:48,7,1,3
BRDA:63,8,0,2
BRDA:63,8,1,10
BRDA:63,9,0,12
BRDA:63,9,1,10
BRDA:68,10,0,2
BRDA:68,10,1,8
BRDA:68,11,0,10
BRDA:68,11,1,8
BRDA:68,11,2,8
BRDA:72,12,0,1
BRDA:72,12,1,9
BRDA:72,13,0,10
BRDA:72,13,1,10
BRDA:72,13,2,10
BRDA:76,14,0,0
BRDA:76,14,1,10
BRDA:76,15,0,10
BRDA:76,15,1,9
BRDA:80,16,0,0
BRDA:80,16,1,10
BRDA:80,17,0,10
BRDA:80,17,1,10
BRDA:82,18,0,1
BRDA:82,18,1,9
BRDA:86,19,0,1
BRDA:86,19,1,9
BRDA:86,20,0,10
BRDA:86,20,1,9
BRDA:86,20,2,9
BRDA:100,21,0,2
BRDA:100,21,1,0
BRDA:113,22,0,4
BRDA:113,22,1,0
BRDA:117,23,0,0
BRDA:117,23,1,4
BRDA:125,24,0,2
BRDA:125,24,1,16
BRDA:125,25,0,18
BRDA:125,25,1,16
BRDA:141,26,0,14
BRDA:141,26,1,2
BRDA:155,27,0,5
BRDA:155,27,1,1
BRDA:172,28,0,60
BRDA:172,28,1,54
BRDA:201,29,0,0
BRDA:201,29,1,16
BRDA:201,30,0,16
BRDA:201,30,1,16
BRDA:220,31,0,0
BRDA:220,31,1,6
BRDA:220,32,0,6
BRDA:220,32,1,6
BRDA:227,33,0,0
BRDA:227,33,1,6
BRDA:227,34,0,6
BRDA:227,34,1,6
BRF:75
BRH:67
end_of_record
